2020-09-11 17:03:12,479 ----------------------------------------------------------------------------------------------------
2020-09-11 17:03:12,480 Model: "TextClassifier(
  (document_embeddings): DocumentPoolEmbeddings(
    fine_tune_mode=none, pooling=mean
    (embeddings): StackedEmbeddings(
      (list_embedding_0): OneHotEmbeddings(
        min_freq=3
        (embedding_layer): Embedding(11805, 300)
      )
      (list_embedding_1): WordEmbeddings('glove')
    )
  )
  (decoder): Linear(in_features=400, out_features=238, bias=True)
  (loss_function): CrossEntropyLoss()
  (beta): 1.0
  (weights): None
  (weight_tensor) None
)"
2020-09-11 17:03:12,480 ----------------------------------------------------------------------------------------------------
2020-09-11 17:03:12,480 Corpus: "Corpus: 16397 train + 1640 dev + 1640 test sentences"
2020-09-11 17:03:12,480 ----------------------------------------------------------------------------------------------------
2020-09-11 17:03:12,480 Parameters:
2020-09-11 17:03:12,480  - learning_rate: "0.1"
2020-09-11 17:03:12,480  - mini_batch_size: "16"
2020-09-11 17:03:12,480  - patience: "5"
2020-09-11 17:03:12,480  - anneal_factor: "0.5"
2020-09-11 17:03:12,480  - max_epochs: "200"
2020-09-11 17:03:12,480  - shuffle: "True"
2020-09-11 17:03:12,480  - train_with_dev: "False"
2020-09-11 17:03:12,480  - batch_growth_annealing: "False"
2020-09-11 17:03:12,481 ----------------------------------------------------------------------------------------------------
2020-09-11 17:03:12,481 Model training base path: "resources_old"
2020-09-11 17:03:12,481 ----------------------------------------------------------------------------------------------------
2020-09-11 17:03:12,481 Device: cuda
2020-09-11 17:03:12,481 ----------------------------------------------------------------------------------------------------
2020-09-11 17:03:12,481 Embeddings storage mode: cpu
2020-09-11 17:03:12,491 ----------------------------------------------------------------------------------------------------
2020-09-11 17:03:57,357 epoch 1 - iter 102/1025 - loss 5.04351750 - samples/sec: 36.89 - lr: 0.100000
2020-09-11 17:04:41,068 epoch 1 - iter 204/1025 - loss 4.91256575 - samples/sec: 37.48 - lr: 0.100000
2020-09-11 17:05:25,580 epoch 1 - iter 306/1025 - loss 4.83535967 - samples/sec: 37.07 - lr: 0.100000
2020-09-11 17:06:09,830 epoch 1 - iter 408/1025 - loss 4.79013159 - samples/sec: 37.33 - lr: 0.100000
2020-09-11 17:06:52,630 epoch 1 - iter 510/1025 - loss 4.75610997 - samples/sec: 38.58 - lr: 0.100000
2020-09-11 17:07:36,889 epoch 1 - iter 612/1025 - loss 4.72689129 - samples/sec: 37.28 - lr: 0.100000
2020-09-11 17:08:22,917 epoch 1 - iter 714/1025 - loss 4.71204838 - samples/sec: 35.90 - lr: 0.100000
2020-09-11 17:09:05,893 epoch 1 - iter 816/1025 - loss 4.69235027 - samples/sec: 38.46 - lr: 0.100000
2020-09-11 17:09:50,417 epoch 1 - iter 918/1025 - loss 4.67160698 - samples/sec: 37.08 - lr: 0.100000
2020-09-11 17:10:33,625 epoch 1 - iter 1020/1025 - loss 4.66439850 - samples/sec: 38.22 - lr: 0.100000
2020-09-11 17:10:35,779 ----------------------------------------------------------------------------------------------------
2020-09-11 17:10:35,779 EPOCH 1 done: loss 4.6638 - lr 0.1000000
2020-09-11 17:11:00,804 DEV : loss 4.551848411560059 - score 0.0866
2020-09-11 17:11:01,597 BAD EPOCHS (no improvement): 0
2020-09-11 17:11:15,887 ----------------------------------------------------------------------------------------------------
2020-09-11 17:11:59,492 epoch 2 - iter 102/1025 - loss 4.49569289 - samples/sec: 38.09 - lr: 0.100000
2020-09-11 17:12:44,031 epoch 2 - iter 204/1025 - loss 4.49417741 - samples/sec: 37.04 - lr: 0.100000
2020-09-11 17:13:27,447 epoch 2 - iter 306/1025 - loss 4.49281246 - samples/sec: 37.99 - lr: 0.100000
2020-09-11 17:14:11,821 epoch 2 - iter 408/1025 - loss 4.47754655 - samples/sec: 37.19 - lr: 0.100000
2020-09-11 17:14:56,693 epoch 2 - iter 510/1025 - loss 4.48018587 - samples/sec: 36.77 - lr: 0.100000
2020-09-11 17:15:39,042 epoch 2 - iter 612/1025 - loss 4.48095005 - samples/sec: 39.26 - lr: 0.100000
2020-09-11 17:16:23,633 epoch 2 - iter 714/1025 - loss 4.48116334 - samples/sec: 36.76 - lr: 0.100000
2020-09-11 17:17:09,389 epoch 2 - iter 816/1025 - loss 4.47957126 - samples/sec: 36.08 - lr: 0.100000
2020-09-11 17:17:52,810 epoch 2 - iter 918/1025 - loss 4.47363946 - samples/sec: 38.00 - lr: 0.100000
2020-09-11 17:18:37,623 epoch 2 - iter 1020/1025 - loss 4.47088917 - samples/sec: 36.84 - lr: 0.100000
2020-09-11 17:18:39,782 ----------------------------------------------------------------------------------------------------
2020-09-11 17:18:39,782 EPOCH 2 done: loss 4.4710 - lr 0.1000000
2020-09-11 17:19:23,667 DEV : loss 4.439210891723633 - score 0.1079
2020-09-11 17:19:24,453 BAD EPOCHS (no improvement): 0
2020-09-11 17:19:30,936 ----------------------------------------------------------------------------------------------------
2020-09-11 17:19:43,911 epoch 3 - iter 102/1025 - loss 4.35900325 - samples/sec: 134.00 - lr: 0.100000
2020-09-11 17:20:27,959 epoch 3 - iter 204/1025 - loss 4.39015218 - samples/sec: 37.24 - lr: 0.100000
2020-09-11 17:21:13,110 epoch 3 - iter 306/1025 - loss 4.39239255 - samples/sec: 36.57 - lr: 0.100000
2020-09-11 17:21:57,942 epoch 3 - iter 408/1025 - loss 4.37590879 - samples/sec: 36.79 - lr: 0.100000
2020-09-11 17:22:43,383 epoch 3 - iter 510/1025 - loss 4.38259124 - samples/sec: 36.30 - lr: 0.100000
2020-09-11 17:23:27,403 epoch 3 - iter 612/1025 - loss 4.39065407 - samples/sec: 37.51 - lr: 0.100000
2020-09-11 17:24:12,150 epoch 3 - iter 714/1025 - loss 4.38965944 - samples/sec: 36.91 - lr: 0.100000
2020-09-11 17:24:57,705 epoch 3 - iter 816/1025 - loss 4.38381390 - samples/sec: 35.98 - lr: 0.100000
2020-09-11 17:25:41,799 epoch 3 - iter 918/1025 - loss 4.37715374 - samples/sec: 37.15 - lr: 0.100000
2020-09-11 17:26:23,600 epoch 3 - iter 1020/1025 - loss 4.37407213 - samples/sec: 39.49 - lr: 0.100000
2020-09-11 17:26:26,105 ----------------------------------------------------------------------------------------------------
2020-09-11 17:26:26,106 EPOCH 3 done: loss 4.3737 - lr 0.1000000
2020-09-11 17:27:12,022 DEV : loss 4.351660251617432 - score 0.1165
2020-09-11 17:27:12,955 BAD EPOCHS (no improvement): 0
2020-09-11 17:27:19,522 ----------------------------------------------------------------------------------------------------
2020-09-11 17:28:02,785 epoch 4 - iter 102/1025 - loss 4.32614472 - samples/sec: 38.38 - lr: 0.100000
2020-09-11 17:28:14,606 epoch 4 - iter 204/1025 - loss 4.30513115 - samples/sec: 143.76 - lr: 0.100000
2020-09-11 17:28:58,040 epoch 4 - iter 306/1025 - loss 4.30009450 - samples/sec: 38.04 - lr: 0.100000
2020-09-11 17:29:41,467 epoch 4 - iter 408/1025 - loss 4.30640398 - samples/sec: 37.70 - lr: 0.100000
2020-09-11 17:30:26,825 epoch 4 - iter 510/1025 - loss 4.30715347 - samples/sec: 36.37 - lr: 0.100000
2020-09-11 17:31:11,653 epoch 4 - iter 612/1025 - loss 4.31045028 - samples/sec: 36.52 - lr: 0.100000
2020-09-11 17:31:56,412 epoch 4 - iter 714/1025 - loss 4.30604263 - samples/sec: 37.22 - lr: 0.100000
2020-09-11 17:32:40,926 epoch 4 - iter 816/1025 - loss 4.30143248 - samples/sec: 37.11 - lr: 0.100000
2020-09-11 17:33:25,827 epoch 4 - iter 918/1025 - loss 4.29884716 - samples/sec: 36.74 - lr: 0.100000
2020-09-11 17:34:07,540 epoch 4 - iter 1020/1025 - loss 4.29534650 - samples/sec: 39.30 - lr: 0.100000
2020-09-11 17:34:09,610 ----------------------------------------------------------------------------------------------------
2020-09-11 17:34:09,610 EPOCH 4 done: loss 4.2946 - lr 0.1000000
2020-09-11 17:34:56,821 DEV : loss 4.291026592254639 - score 0.1268
2020-09-11 17:34:57,616 BAD EPOCHS (no improvement): 0
2020-09-11 17:35:04,090 ----------------------------------------------------------------------------------------------------
2020-09-11 17:35:47,034 epoch 5 - iter 102/1025 - loss 4.32069365 - samples/sec: 38.70 - lr: 0.100000
2020-09-11 17:36:31,489 epoch 5 - iter 204/1025 - loss 4.28903520 - samples/sec: 37.13 - lr: 0.100000
2020-09-11 17:36:44,190 epoch 5 - iter 306/1025 - loss 4.27179885 - samples/sec: 134.99 - lr: 0.100000
2020-09-11 17:37:27,628 epoch 5 - iter 408/1025 - loss 4.27258386 - samples/sec: 38.11 - lr: 0.100000
2020-09-11 17:38:12,120 epoch 5 - iter 510/1025 - loss 4.26257180 - samples/sec: 37.10 - lr: 0.100000
2020-09-11 17:38:56,191 epoch 5 - iter 612/1025 - loss 4.26359817 - samples/sec: 37.48 - lr: 0.100000
2020-09-11 17:39:42,258 epoch 5 - iter 714/1025 - loss 4.25129982 - samples/sec: 36.08 - lr: 0.100000
2020-09-11 17:40:27,234 epoch 5 - iter 816/1025 - loss 4.23918522 - samples/sec: 36.73 - lr: 0.100000
2020-09-11 17:41:11,304 epoch 5 - iter 918/1025 - loss 4.22876962 - samples/sec: 37.46 - lr: 0.100000
2020-09-11 17:41:56,015 epoch 5 - iter 1020/1025 - loss 4.22818069 - samples/sec: 36.94 - lr: 0.100000
2020-09-11 17:41:58,255 ----------------------------------------------------------------------------------------------------
2020-09-11 17:41:58,255 EPOCH 5 done: loss 4.2275 - lr 0.1000000
2020-09-11 17:42:45,298 DEV : loss 4.2289719581604 - score 0.1457
2020-09-11 17:42:46,186 BAD EPOCHS (no improvement): 0
2020-09-11 17:42:52,836 ----------------------------------------------------------------------------------------------------
2020-09-11 17:43:38,602 epoch 6 - iter 102/1025 - loss 4.22431508 - samples/sec: 36.12 - lr: 0.100000
2020-09-11 17:44:21,029 epoch 6 - iter 204/1025 - loss 4.22177875 - samples/sec: 39.00 - lr: 0.100000
2020-09-11 17:45:03,006 epoch 6 - iter 306/1025 - loss 4.20172408 - samples/sec: 39.40 - lr: 0.100000
2020-09-11 17:45:21,896 epoch 6 - iter 408/1025 - loss 4.18787087 - samples/sec: 88.84 - lr: 0.100000
2020-09-11 17:46:06,395 epoch 6 - iter 510/1025 - loss 4.19448131 - samples/sec: 37.08 - lr: 0.100000
2020-09-11 17:46:48,880 epoch 6 - iter 612/1025 - loss 4.19402065 - samples/sec: 38.86 - lr: 0.100000
2020-09-11 17:47:33,499 epoch 6 - iter 714/1025 - loss 4.18433184 - samples/sec: 37.00 - lr: 0.100000
2020-09-11 17:48:18,331 epoch 6 - iter 816/1025 - loss 4.18404039 - samples/sec: 36.80 - lr: 0.100000
2020-09-11 17:49:04,309 epoch 6 - iter 918/1025 - loss 4.17616160 - samples/sec: 35.89 - lr: 0.100000
2020-09-11 17:49:49,752 epoch 6 - iter 1020/1025 - loss 4.16725111 - samples/sec: 36.32 - lr: 0.100000
2020-09-11 17:49:52,058 ----------------------------------------------------------------------------------------------------
2020-09-11 17:49:52,058 EPOCH 6 done: loss 4.1674 - lr 0.1000000
2020-09-11 17:50:38,603 DEV : loss 4.16995906829834 - score 0.1457
2020-09-11 17:50:39,405 BAD EPOCHS (no improvement): 0
2020-09-11 17:50:46,061 ----------------------------------------------------------------------------------------------------
2020-09-11 17:51:29,188 epoch 7 - iter 102/1025 - loss 4.09703905 - samples/sec: 38.55 - lr: 0.100000
2020-09-11 17:52:12,945 epoch 7 - iter 204/1025 - loss 4.14003101 - samples/sec: 37.70 - lr: 0.100000
2020-09-11 17:52:56,004 epoch 7 - iter 306/1025 - loss 4.11788961 - samples/sec: 38.04 - lr: 0.100000
2020-09-11 17:53:36,266 epoch 7 - iter 408/1025 - loss 4.12229532 - samples/sec: 41.03 - lr: 0.100000
2020-09-11 17:53:50,330 epoch 7 - iter 510/1025 - loss 4.12017642 - samples/sec: 120.22 - lr: 0.100000
2020-09-11 17:54:33,610 epoch 7 - iter 612/1025 - loss 4.13231606 - samples/sec: 38.19 - lr: 0.100000
2020-09-11 17:55:17,751 epoch 7 - iter 714/1025 - loss 4.12755977 - samples/sec: 37.11 - lr: 0.100000
2020-09-11 17:56:02,082 epoch 7 - iter 816/1025 - loss 4.12117453 - samples/sec: 37.27 - lr: 0.100000
2020-09-11 17:56:47,688 epoch 7 - iter 918/1025 - loss 4.11652989 - samples/sec: 36.25 - lr: 0.100000
2020-09-11 17:57:30,853 epoch 7 - iter 1020/1025 - loss 4.11348442 - samples/sec: 38.26 - lr: 0.100000
2020-09-11 17:57:33,668 ----------------------------------------------------------------------------------------------------
2020-09-11 17:57:33,668 EPOCH 7 done: loss 4.1144 - lr 0.1000000
2020-09-11 17:58:21,166 DEV : loss 4.119343280792236 - score 0.1543
2020-09-11 17:58:22,029 BAD EPOCHS (no improvement): 0
2020-09-11 17:58:28,322 ----------------------------------------------------------------------------------------------------
2020-09-11 17:59:13,958 epoch 8 - iter 102/1025 - loss 4.11124297 - samples/sec: 36.10 - lr: 0.100000
2020-09-11 17:59:57,948 epoch 8 - iter 204/1025 - loss 4.09035651 - samples/sec: 37.83 - lr: 0.100000
2020-09-11 18:00:42,118 epoch 8 - iter 306/1025 - loss 4.07757726 - samples/sec: 37.37 - lr: 0.100000
2020-09-11 18:01:25,426 epoch 8 - iter 408/1025 - loss 4.09005325 - samples/sec: 38.16 - lr: 0.100000
2020-09-11 18:02:06,306 epoch 8 - iter 510/1025 - loss 4.07692382 - samples/sec: 40.42 - lr: 0.100000
2020-09-11 18:02:24,278 epoch 8 - iter 612/1025 - loss 4.06512126 - samples/sec: 93.19 - lr: 0.100000
2020-09-11 18:03:08,144 epoch 8 - iter 714/1025 - loss 4.06178623 - samples/sec: 37.64 - lr: 0.100000
2020-09-11 18:03:52,462 epoch 8 - iter 816/1025 - loss 4.05880008 - samples/sec: 37.22 - lr: 0.100000
2020-09-11 18:04:36,738 epoch 8 - iter 918/1025 - loss 4.06080019 - samples/sec: 37.31 - lr: 0.100000
2020-09-11 18:05:20,589 epoch 8 - iter 1020/1025 - loss 4.06220220 - samples/sec: 37.35 - lr: 0.100000
2020-09-11 18:05:24,859 ----------------------------------------------------------------------------------------------------
2020-09-11 18:05:24,859 EPOCH 8 done: loss 4.0639 - lr 0.1000000
2020-09-11 18:06:11,282 DEV : loss 4.074384689331055 - score 0.1634
2020-09-11 18:06:12,060 BAD EPOCHS (no improvement): 0
2020-09-11 18:06:18,349 ----------------------------------------------------------------------------------------------------
2020-09-11 18:07:04,113 epoch 9 - iter 102/1025 - loss 3.98180447 - samples/sec: 36.29 - lr: 0.100000
2020-09-11 18:07:48,565 epoch 9 - iter 204/1025 - loss 3.98342301 - samples/sec: 37.18 - lr: 0.100000
2020-09-11 18:08:33,158 epoch 9 - iter 306/1025 - loss 4.00429053 - samples/sec: 37.02 - lr: 0.100000
2020-09-11 18:09:16,505 epoch 9 - iter 408/1025 - loss 4.00931416 - samples/sec: 38.13 - lr: 0.100000
2020-09-11 18:09:59,348 epoch 9 - iter 510/1025 - loss 4.01289408 - samples/sec: 38.54 - lr: 0.100000
2020-09-11 18:10:37,445 epoch 9 - iter 612/1025 - loss 4.01104899 - samples/sec: 43.37 - lr: 0.100000
2020-09-11 18:10:56,430 epoch 9 - iter 714/1025 - loss 4.01142738 - samples/sec: 88.27 - lr: 0.100000
2020-09-11 18:11:40,639 epoch 9 - iter 816/1025 - loss 4.01474501 - samples/sec: 37.61 - lr: 0.100000
2020-09-11 18:12:25,687 epoch 9 - iter 918/1025 - loss 4.01243334 - samples/sec: 36.65 - lr: 0.100000
2020-09-11 18:13:11,205 epoch 9 - iter 1020/1025 - loss 4.01818810 - samples/sec: 36.06 - lr: 0.100000
2020-09-11 18:13:13,441 ----------------------------------------------------------------------------------------------------
2020-09-11 18:13:13,441 EPOCH 9 done: loss 4.0190 - lr 0.1000000
2020-09-11 18:13:59,075 DEV : loss 4.019254684448242 - score 0.1732
2020-09-11 18:13:59,952 BAD EPOCHS (no improvement): 0
2020-09-11 18:14:06,455 ----------------------------------------------------------------------------------------------------
2020-09-11 18:14:51,097 epoch 10 - iter 102/1025 - loss 3.99326254 - samples/sec: 37.17 - lr: 0.100000
2020-09-11 18:15:37,040 epoch 10 - iter 204/1025 - loss 3.98604812 - samples/sec: 35.65 - lr: 0.100000
2020-09-11 18:16:18,632 epoch 10 - iter 306/1025 - loss 3.98588949 - samples/sec: 39.40 - lr: 0.100000
2020-09-11 18:17:02,637 epoch 10 - iter 408/1025 - loss 3.99078255 - samples/sec: 37.50 - lr: 0.100000
2020-09-11 18:17:47,449 epoch 10 - iter 510/1025 - loss 3.97474947 - samples/sec: 36.56 - lr: 0.100000
2020-09-11 18:18:30,858 epoch 10 - iter 612/1025 - loss 3.97404662 - samples/sec: 38.04 - lr: 0.100000
2020-09-11 18:19:09,806 epoch 10 - iter 714/1025 - loss 3.97543292 - samples/sec: 42.47 - lr: 0.100000
2020-09-11 18:19:30,137 epoch 10 - iter 816/1025 - loss 3.97461836 - samples/sec: 82.15 - lr: 0.100000
2020-09-11 18:20:14,796 epoch 10 - iter 918/1025 - loss 3.96920276 - samples/sec: 36.97 - lr: 0.100000
2020-09-11 18:20:58,627 epoch 10 - iter 1020/1025 - loss 3.97341492 - samples/sec: 37.38 - lr: 0.100000
2020-09-11 18:21:01,072 ----------------------------------------------------------------------------------------------------
2020-09-11 18:21:01,072 EPOCH 10 done: loss 3.9731 - lr 0.1000000
2020-09-11 18:21:45,929 DEV : loss 3.9802181720733643 - score 0.178
2020-09-11 18:21:46,713 BAD EPOCHS (no improvement): 0
2020-09-11 18:21:53,255 ----------------------------------------------------------------------------------------------------
2020-09-11 18:22:38,276 epoch 11 - iter 102/1025 - loss 3.91653761 - samples/sec: 36.85 - lr: 0.100000
2020-09-11 18:23:23,138 epoch 11 - iter 204/1025 - loss 3.93543204 - samples/sec: 36.77 - lr: 0.100000
2020-09-11 18:24:07,692 epoch 11 - iter 306/1025 - loss 3.95292895 - samples/sec: 37.07 - lr: 0.100000
2020-09-11 18:24:51,737 epoch 11 - iter 408/1025 - loss 3.94418765 - samples/sec: 37.52 - lr: 0.100000
2020-09-11 18:25:38,128 epoch 11 - iter 510/1025 - loss 3.93770697 - samples/sec: 35.57 - lr: 0.100000
2020-09-11 18:26:22,048 epoch 11 - iter 612/1025 - loss 3.94502000 - samples/sec: 37.60 - lr: 0.100000
2020-09-11 18:27:05,764 epoch 11 - iter 714/1025 - loss 3.94026162 - samples/sec: 37.80 - lr: 0.100000
2020-09-11 18:27:40,674 epoch 11 - iter 816/1025 - loss 3.93747984 - samples/sec: 47.47 - lr: 0.100000
2020-09-11 18:27:52,326 epoch 11 - iter 918/1025 - loss 3.93641270 - samples/sec: 142.25 - lr: 0.100000
2020-09-11 18:28:37,388 epoch 11 - iter 1020/1025 - loss 3.93024201 - samples/sec: 36.63 - lr: 0.100000
2020-09-11 18:28:39,820 ----------------------------------------------------------------------------------------------------
2020-09-11 18:28:39,820 EPOCH 11 done: loss 3.9302 - lr 0.1000000
2020-09-11 18:29:26,344 DEV : loss 3.9395108222961426 - score 0.1848
2020-09-11 18:29:27,061 BAD EPOCHS (no improvement): 0
2020-09-11 18:29:38,316 ----------------------------------------------------------------------------------------------------
2020-09-11 18:30:24,463 epoch 12 - iter 102/1025 - loss 3.91477496 - samples/sec: 35.93 - lr: 0.100000
2020-09-11 18:31:09,861 epoch 12 - iter 204/1025 - loss 3.91562698 - samples/sec: 36.11 - lr: 0.100000
2020-09-11 18:31:54,146 epoch 12 - iter 306/1025 - loss 3.89992457 - samples/sec: 37.24 - lr: 0.100000
2020-09-11 18:32:38,835 epoch 12 - iter 408/1025 - loss 3.89526382 - samples/sec: 36.91 - lr: 0.100000
2020-09-11 18:33:24,225 epoch 12 - iter 510/1025 - loss 3.89421281 - samples/sec: 36.33 - lr: 0.100000
2020-09-11 18:34:09,549 epoch 12 - iter 612/1025 - loss 3.88609056 - samples/sec: 36.38 - lr: 0.100000
2020-09-11 18:34:55,029 epoch 12 - iter 714/1025 - loss 3.88808754 - samples/sec: 36.27 - lr: 0.100000
2020-09-11 18:35:39,187 epoch 12 - iter 816/1025 - loss 3.88647078 - samples/sec: 37.70 - lr: 0.100000
2020-09-11 18:36:12,740 epoch 12 - iter 918/1025 - loss 3.88701489 - samples/sec: 49.47 - lr: 0.100000
2020-09-11 18:36:34,577 epoch 12 - iter 1020/1025 - loss 3.88886889 - samples/sec: 76.71 - lr: 0.100000
2020-09-11 18:36:36,935 ----------------------------------------------------------------------------------------------------
2020-09-11 18:36:36,935 EPOCH 12 done: loss 3.8890 - lr 0.1000000
2020-09-11 18:37:20,307 DEV : loss 3.894670248031616 - score 0.2006
2020-09-11 18:37:21,154 BAD EPOCHS (no improvement): 0
2020-09-11 18:37:35,527 ----------------------------------------------------------------------------------------------------
2020-09-11 18:38:19,273 epoch 13 - iter 102/1025 - loss 3.88097215 - samples/sec: 37.95 - lr: 0.100000
2020-09-11 18:39:05,709 epoch 13 - iter 204/1025 - loss 3.84378741 - samples/sec: 35.53 - lr: 0.100000
2020-09-11 18:39:49,441 epoch 13 - iter 306/1025 - loss 3.85333003 - samples/sec: 37.81 - lr: 0.100000
2020-09-11 18:40:32,363 epoch 13 - iter 408/1025 - loss 3.86517917 - samples/sec: 38.48 - lr: 0.100000
2020-09-11 18:41:17,991 epoch 13 - iter 510/1025 - loss 3.85711272 - samples/sec: 36.24 - lr: 0.100000
2020-09-11 18:42:03,843 epoch 13 - iter 612/1025 - loss 3.84789633 - samples/sec: 35.97 - lr: 0.100000
2020-09-11 18:42:46,861 epoch 13 - iter 714/1025 - loss 3.84465881 - samples/sec: 38.41 - lr: 0.100000
2020-09-11 18:43:32,389 epoch 13 - iter 816/1025 - loss 3.85005437 - samples/sec: 36.23 - lr: 0.100000
2020-09-11 18:44:15,967 epoch 13 - iter 918/1025 - loss 3.84886368 - samples/sec: 37.89 - lr: 0.100000
2020-09-11 18:44:50,047 epoch 13 - iter 1020/1025 - loss 3.84875088 - samples/sec: 48.60 - lr: 0.100000
2020-09-11 18:44:52,454 ----------------------------------------------------------------------------------------------------
2020-09-11 18:44:52,454 EPOCH 13 done: loss 3.8495 - lr 0.1000000
2020-09-11 18:45:38,836 DEV : loss 3.862717866897583 - score 0.1902
2020-09-11 18:45:39,675 BAD EPOCHS (no improvement): 1
2020-09-11 18:45:40,992 ----------------------------------------------------------------------------------------------------
2020-09-11 18:46:26,245 epoch 14 - iter 102/1025 - loss 3.89173245 - samples/sec: 36.71 - lr: 0.100000
2020-09-11 18:47:09,803 epoch 14 - iter 204/1025 - loss 3.83374813 - samples/sec: 37.91 - lr: 0.100000
2020-09-11 18:47:53,048 epoch 14 - iter 306/1025 - loss 3.84188973 - samples/sec: 38.18 - lr: 0.100000
2020-09-11 18:48:36,915 epoch 14 - iter 408/1025 - loss 3.81906985 - samples/sec: 37.69 - lr: 0.100000
2020-09-11 18:49:19,955 epoch 14 - iter 510/1025 - loss 3.81757069 - samples/sec: 38.38 - lr: 0.100000
2020-09-11 18:50:05,369 epoch 14 - iter 612/1025 - loss 3.81219791 - samples/sec: 36.33 - lr: 0.100000
2020-09-11 18:50:49,812 epoch 14 - iter 714/1025 - loss 3.81374576 - samples/sec: 37.13 - lr: 0.100000
2020-09-11 18:51:33,440 epoch 14 - iter 816/1025 - loss 3.80716705 - samples/sec: 37.85 - lr: 0.100000
2020-09-11 18:52:17,886 epoch 14 - iter 918/1025 - loss 3.80801980 - samples/sec: 37.16 - lr: 0.100000
2020-09-11 18:53:01,955 epoch 14 - iter 1020/1025 - loss 3.80822938 - samples/sec: 37.47 - lr: 0.100000
2020-09-11 18:53:04,067 ----------------------------------------------------------------------------------------------------
2020-09-11 18:53:04,067 EPOCH 14 done: loss 3.8083 - lr 0.1000000
2020-09-11 18:53:16,587 DEV : loss 3.8088064193725586 - score 0.1957
2020-09-11 18:53:17,422 BAD EPOCHS (no improvement): 2
2020-09-11 18:53:17,467 ----------------------------------------------------------------------------------------------------
2020-09-11 18:54:02,999 epoch 15 - iter 102/1025 - loss 3.78072704 - samples/sec: 36.46 - lr: 0.100000
2020-09-11 18:54:47,727 epoch 15 - iter 204/1025 - loss 3.76158235 - samples/sec: 36.91 - lr: 0.100000
2020-09-11 18:55:32,993 epoch 15 - iter 306/1025 - loss 3.76610028 - samples/sec: 36.48 - lr: 0.100000
2020-09-11 18:56:17,364 epoch 15 - iter 408/1025 - loss 3.77444071 - samples/sec: 37.24 - lr: 0.100000
2020-09-11 18:57:01,549 epoch 15 - iter 510/1025 - loss 3.77341083 - samples/sec: 37.41 - lr: 0.100000
2020-09-11 18:57:45,840 epoch 15 - iter 612/1025 - loss 3.77867961 - samples/sec: 37.30 - lr: 0.100000
2020-09-11 18:58:30,045 epoch 15 - iter 714/1025 - loss 3.77772790 - samples/sec: 37.36 - lr: 0.100000
2020-09-11 18:59:15,176 epoch 15 - iter 816/1025 - loss 3.77600831 - samples/sec: 36.62 - lr: 0.100000
2020-09-11 19:00:01,137 epoch 15 - iter 918/1025 - loss 3.77591041 - samples/sec: 35.92 - lr: 0.100000
2020-09-11 19:00:45,891 epoch 15 - iter 1020/1025 - loss 3.76941438 - samples/sec: 36.89 - lr: 0.100000
2020-09-11 19:00:48,172 ----------------------------------------------------------------------------------------------------
2020-09-11 19:00:48,172 EPOCH 15 done: loss 3.7693 - lr 0.1000000
2020-09-11 19:01:31,806 DEV : loss 3.7748217582702637 - score 0.2012
2020-09-11 19:01:32,612 BAD EPOCHS (no improvement): 0
2020-09-11 19:01:43,081 ----------------------------------------------------------------------------------------------------
2020-09-11 19:02:28,924 epoch 16 - iter 102/1025 - loss 3.74134476 - samples/sec: 36.16 - lr: 0.100000
2020-09-11 19:03:12,306 epoch 16 - iter 204/1025 - loss 3.73216495 - samples/sec: 38.08 - lr: 0.100000
2020-09-11 19:03:56,753 epoch 16 - iter 306/1025 - loss 3.74426882 - samples/sec: 37.16 - lr: 0.100000
2020-09-11 19:04:41,491 epoch 16 - iter 408/1025 - loss 3.74779548 - samples/sec: 36.89 - lr: 0.100000
2020-09-11 19:05:27,652 epoch 16 - iter 510/1025 - loss 3.74110160 - samples/sec: 35.51 - lr: 0.100000
2020-09-11 19:06:12,761 epoch 16 - iter 612/1025 - loss 3.73884126 - samples/sec: 36.35 - lr: 0.100000
2020-09-11 19:06:57,549 epoch 16 - iter 714/1025 - loss 3.73729262 - samples/sec: 36.84 - lr: 0.100000
2020-09-11 19:07:42,494 epoch 16 - iter 816/1025 - loss 3.73525677 - samples/sec: 36.74 - lr: 0.100000
2020-09-11 19:08:28,699 epoch 16 - iter 918/1025 - loss 3.73361707 - samples/sec: 35.74 - lr: 0.100000
2020-09-11 19:09:12,358 epoch 16 - iter 1020/1025 - loss 3.72910632 - samples/sec: 37.83 - lr: 0.100000
2020-09-11 19:09:14,526 ----------------------------------------------------------------------------------------------------
2020-09-11 19:09:14,526 EPOCH 16 done: loss 3.7297 - lr 0.1000000
2020-09-11 19:09:56,667 DEV : loss 3.7385241985321045 - score 0.2201
2020-09-11 19:09:57,463 BAD EPOCHS (no improvement): 0
2020-09-11 19:10:03,588 ----------------------------------------------------------------------------------------------------
2020-09-11 19:10:49,837 epoch 17 - iter 102/1025 - loss 3.69715373 - samples/sec: 35.87 - lr: 0.100000
2020-09-11 19:11:34,835 epoch 17 - iter 204/1025 - loss 3.70377450 - samples/sec: 36.67 - lr: 0.100000
2020-09-11 19:12:18,188 epoch 17 - iter 306/1025 - loss 3.70969723 - samples/sec: 38.36 - lr: 0.100000
2020-09-11 19:13:01,347 epoch 17 - iter 408/1025 - loss 3.70344119 - samples/sec: 37.98 - lr: 0.100000
2020-09-11 19:13:47,601 epoch 17 - iter 510/1025 - loss 3.69723280 - samples/sec: 35.96 - lr: 0.100000
2020-09-11 19:14:32,458 epoch 17 - iter 612/1025 - loss 3.69286440 - samples/sec: 36.77 - lr: 0.100000
2020-09-11 19:15:17,055 epoch 17 - iter 714/1025 - loss 3.69640082 - samples/sec: 37.04 - lr: 0.100000
2020-09-11 19:16:01,251 epoch 17 - iter 816/1025 - loss 3.70128348 - samples/sec: 37.39 - lr: 0.100000
2020-09-11 19:16:45,538 epoch 17 - iter 918/1025 - loss 3.69973066 - samples/sec: 37.30 - lr: 0.100000
2020-09-11 19:17:29,721 epoch 17 - iter 1020/1025 - loss 3.69079914 - samples/sec: 37.38 - lr: 0.100000
2020-09-11 19:17:32,787 ----------------------------------------------------------------------------------------------------
2020-09-11 19:17:32,787 EPOCH 17 done: loss 3.6904 - lr 0.1000000
2020-09-11 19:18:15,325 DEV : loss 3.687748432159424 - score 0.2226
2020-09-11 19:18:16,226 BAD EPOCHS (no improvement): 0
2020-09-11 19:18:23,005 ----------------------------------------------------------------------------------------------------
2020-09-11 19:18:57,825 epoch 18 - iter 102/1025 - loss 3.66927451 - samples/sec: 47.90 - lr: 0.100000
2020-09-11 19:19:43,283 epoch 18 - iter 204/1025 - loss 3.63651658 - samples/sec: 36.02 - lr: 0.100000
2020-09-11 19:20:28,150 epoch 18 - iter 306/1025 - loss 3.63613315 - samples/sec: 36.79 - lr: 0.100000
2020-09-11 19:21:14,646 epoch 18 - iter 408/1025 - loss 3.65149962 - samples/sec: 35.74 - lr: 0.100000
2020-09-11 19:21:59,899 epoch 18 - iter 510/1025 - loss 3.64724675 - samples/sec: 36.45 - lr: 0.100000
2020-09-11 19:22:42,159 epoch 18 - iter 612/1025 - loss 3.65727929 - samples/sec: 38.76 - lr: 0.100000
2020-09-11 19:23:26,034 epoch 18 - iter 714/1025 - loss 3.65198697 - samples/sec: 37.60 - lr: 0.100000
2020-09-11 19:24:10,636 epoch 18 - iter 816/1025 - loss 3.65645985 - samples/sec: 37.01 - lr: 0.100000
2020-09-11 19:24:56,267 epoch 18 - iter 918/1025 - loss 3.65711602 - samples/sec: 36.15 - lr: 0.100000
2020-09-11 19:25:41,427 epoch 18 - iter 1020/1025 - loss 3.65115451 - samples/sec: 36.56 - lr: 0.100000
2020-09-11 19:25:43,819 ----------------------------------------------------------------------------------------------------
2020-09-11 19:25:43,819 EPOCH 18 done: loss 3.6513 - lr 0.1000000
2020-09-11 19:26:28,606 DEV : loss 3.6609864234924316 - score 0.2195
2020-09-11 19:26:29,427 BAD EPOCHS (no improvement): 1
2020-09-11 19:26:29,443 ----------------------------------------------------------------------------------------------------
2020-09-11 19:27:01,999 epoch 19 - iter 102/1025 - loss 3.61042499 - samples/sec: 51.78 - lr: 0.100000
2020-09-11 19:27:24,059 epoch 19 - iter 204/1025 - loss 3.62948133 - samples/sec: 76.89 - lr: 0.100000
2020-09-11 19:28:08,549 epoch 19 - iter 306/1025 - loss 3.63539335 - samples/sec: 37.16 - lr: 0.100000
2020-09-11 19:28:54,163 epoch 19 - iter 408/1025 - loss 3.63030311 - samples/sec: 36.18 - lr: 0.100000
2020-09-11 19:29:37,316 epoch 19 - iter 510/1025 - loss 3.63599537 - samples/sec: 38.32 - lr: 0.100000
2020-09-11 19:30:22,015 epoch 19 - iter 612/1025 - loss 3.61980813 - samples/sec: 36.92 - lr: 0.100000
2020-09-11 19:31:06,934 epoch 19 - iter 714/1025 - loss 3.62142184 - samples/sec: 36.72 - lr: 0.100000
2020-09-11 19:31:51,453 epoch 19 - iter 816/1025 - loss 3.61915679 - samples/sec: 37.10 - lr: 0.100000
2020-09-11 19:32:35,598 epoch 19 - iter 918/1025 - loss 3.60977163 - samples/sec: 37.41 - lr: 0.100000
2020-09-11 19:33:20,607 epoch 19 - iter 1020/1025 - loss 3.61262810 - samples/sec: 36.65 - lr: 0.100000
2020-09-11 19:33:22,880 ----------------------------------------------------------------------------------------------------
2020-09-11 19:33:22,880 EPOCH 19 done: loss 3.6115 - lr 0.1000000
2020-09-11 19:34:08,625 DEV : loss 3.622082233428955 - score 0.2402
2020-09-11 19:34:09,473 BAD EPOCHS (no improvement): 0
2020-09-11 19:34:16,712 ----------------------------------------------------------------------------------------------------
2020-09-11 19:34:59,424 epoch 20 - iter 102/1025 - loss 3.62632098 - samples/sec: 38.95 - lr: 0.100000
2020-09-11 19:35:33,772 epoch 20 - iter 204/1025 - loss 3.58810996 - samples/sec: 48.17 - lr: 0.100000
2020-09-11 19:35:48,490 epoch 20 - iter 306/1025 - loss 3.59055342 - samples/sec: 117.43 - lr: 0.100000
2020-09-11 19:36:33,968 epoch 20 - iter 408/1025 - loss 3.58840327 - samples/sec: 36.36 - lr: 0.100000
2020-09-11 19:37:19,747 epoch 20 - iter 510/1025 - loss 3.58541886 - samples/sec: 36.01 - lr: 0.100000
2020-09-11 19:38:03,597 epoch 20 - iter 612/1025 - loss 3.58482382 - samples/sec: 37.71 - lr: 0.100000
2020-09-11 19:38:48,367 epoch 20 - iter 714/1025 - loss 3.58237951 - samples/sec: 36.84 - lr: 0.100000
2020-09-11 19:39:34,111 epoch 20 - iter 816/1025 - loss 3.57437118 - samples/sec: 36.08 - lr: 0.100000
2020-09-11 19:40:18,079 epoch 20 - iter 918/1025 - loss 3.57225864 - samples/sec: 37.59 - lr: 0.100000
2020-09-11 19:41:01,469 epoch 20 - iter 1020/1025 - loss 3.57107291 - samples/sec: 37.78 - lr: 0.100000
2020-09-11 19:41:03,676 ----------------------------------------------------------------------------------------------------
2020-09-11 19:41:03,676 EPOCH 20 done: loss 3.5718 - lr 0.1000000
2020-09-11 19:41:49,494 DEV : loss 3.586653470993042 - score 0.2396
2020-09-11 19:41:50,225 BAD EPOCHS (no improvement): 1
2020-09-11 19:41:50,234 ----------------------------------------------------------------------------------------------------
2020-09-11 19:42:34,985 epoch 21 - iter 102/1025 - loss 3.55121466 - samples/sec: 37.10 - lr: 0.100000
2020-09-11 19:43:20,561 epoch 21 - iter 204/1025 - loss 3.56068302 - samples/sec: 35.94 - lr: 0.100000
2020-09-11 19:44:02,723 epoch 21 - iter 306/1025 - loss 3.54818978 - samples/sec: 39.25 - lr: 0.100000
2020-09-11 19:44:13,902 epoch 21 - iter 408/1025 - loss 3.55113636 - samples/sec: 152.73 - lr: 0.100000
2020-09-11 19:44:57,295 epoch 21 - iter 510/1025 - loss 3.54326551 - samples/sec: 38.06 - lr: 0.100000
2020-09-11 19:45:41,806 epoch 21 - iter 612/1025 - loss 3.53240994 - samples/sec: 37.37 - lr: 0.100000
2020-09-11 19:46:27,289 epoch 21 - iter 714/1025 - loss 3.53374188 - samples/sec: 36.32 - lr: 0.100000
2020-09-11 19:47:11,945 epoch 21 - iter 816/1025 - loss 3.53352217 - samples/sec: 36.93 - lr: 0.100000
2020-09-11 19:47:55,917 epoch 21 - iter 918/1025 - loss 3.53382833 - samples/sec: 37.55 - lr: 0.100000
2020-09-11 19:48:40,784 epoch 21 - iter 1020/1025 - loss 3.53469160 - samples/sec: 36.81 - lr: 0.100000
2020-09-11 19:48:43,089 ----------------------------------------------------------------------------------------------------
2020-09-11 19:48:43,089 EPOCH 21 done: loss 3.5339 - lr 0.1000000
2020-09-11 19:49:29,567 DEV : loss 3.5412487983703613 - score 0.2463
2020-09-11 19:49:30,376 BAD EPOCHS (no improvement): 0
2020-09-11 19:49:58,453 ----------------------------------------------------------------------------------------------------
2020-09-11 19:50:42,907 epoch 22 - iter 102/1025 - loss 3.50842914 - samples/sec: 37.34 - lr: 0.100000
2020-09-11 19:51:28,371 epoch 22 - iter 204/1025 - loss 3.49696531 - samples/sec: 36.31 - lr: 0.100000
2020-09-11 19:52:13,973 epoch 22 - iter 306/1025 - loss 3.49442353 - samples/sec: 36.23 - lr: 0.100000
2020-09-11 19:52:49,014 epoch 22 - iter 408/1025 - loss 3.50229709 - samples/sec: 47.15 - lr: 0.100000
2020-09-11 19:53:31,750 epoch 22 - iter 510/1025 - loss 3.50181703 - samples/sec: 38.60 - lr: 0.100000
2020-09-11 19:54:14,802 epoch 22 - iter 612/1025 - loss 3.51586593 - samples/sec: 38.38 - lr: 0.100000
2020-09-11 19:55:00,779 epoch 22 - iter 714/1025 - loss 3.51049053 - samples/sec: 35.87 - lr: 0.100000
2020-09-11 19:55:45,055 epoch 22 - iter 816/1025 - loss 3.50526839 - samples/sec: 37.27 - lr: 0.100000
2020-09-11 19:56:30,543 epoch 22 - iter 918/1025 - loss 3.50389863 - samples/sec: 36.28 - lr: 0.100000
2020-09-11 19:57:15,527 epoch 22 - iter 1020/1025 - loss 3.49384626 - samples/sec: 36.66 - lr: 0.100000
2020-09-11 19:57:17,871 ----------------------------------------------------------------------------------------------------
2020-09-11 19:57:17,871 EPOCH 22 done: loss 3.4937 - lr 0.1000000
2020-09-11 19:58:04,375 DEV : loss 3.498098373413086 - score 0.2555
2020-09-11 19:58:05,150 BAD EPOCHS (no improvement): 0
2020-09-11 19:58:11,684 ----------------------------------------------------------------------------------------------------
2020-09-11 19:58:56,378 epoch 23 - iter 102/1025 - loss 3.48658405 - samples/sec: 37.18 - lr: 0.100000
2020-09-11 19:59:41,345 epoch 23 - iter 204/1025 - loss 3.45729992 - samples/sec: 36.68 - lr: 0.100000
2020-09-11 20:00:26,540 epoch 23 - iter 306/1025 - loss 3.47225752 - samples/sec: 36.52 - lr: 0.100000
2020-09-11 20:01:03,474 epoch 23 - iter 408/1025 - loss 3.45745753 - samples/sec: 44.79 - lr: 0.100000
2020-09-11 20:01:24,573 epoch 23 - iter 510/1025 - loss 3.45173858 - samples/sec: 79.15 - lr: 0.100000
2020-09-11 20:02:06,863 epoch 23 - iter 612/1025 - loss 3.45401762 - samples/sec: 39.05 - lr: 0.100000
2020-09-11 20:02:50,829 epoch 23 - iter 714/1025 - loss 3.44507639 - samples/sec: 37.54 - lr: 0.100000
2020-09-11 20:03:35,083 epoch 23 - iter 816/1025 - loss 3.44431860 - samples/sec: 37.31 - lr: 0.100000
2020-09-11 20:04:18,214 epoch 23 - iter 918/1025 - loss 3.44301206 - samples/sec: 38.29 - lr: 0.100000
2020-09-11 20:05:02,207 epoch 23 - iter 1020/1025 - loss 3.45353137 - samples/sec: 37.25 - lr: 0.100000
2020-09-11 20:05:04,337 ----------------------------------------------------------------------------------------------------
2020-09-11 20:05:04,337 EPOCH 23 done: loss 3.4536 - lr 0.1000000
2020-09-11 20:05:52,041 DEV : loss 3.4611690044403076 - score 0.2634
2020-09-11 20:05:52,843 BAD EPOCHS (no improvement): 0
2020-09-11 20:05:59,051 ----------------------------------------------------------------------------------------------------
2020-09-11 20:06:44,827 epoch 24 - iter 102/1025 - loss 3.41223234 - samples/sec: 36.24 - lr: 0.100000
2020-09-11 20:07:30,944 epoch 24 - iter 204/1025 - loss 3.42453472 - samples/sec: 35.78 - lr: 0.100000
2020-09-11 20:08:14,876 epoch 24 - iter 306/1025 - loss 3.41244525 - samples/sec: 37.34 - lr: 0.100000
2020-09-11 20:08:59,412 epoch 24 - iter 408/1025 - loss 3.39291550 - samples/sec: 37.10 - lr: 0.100000
2020-09-11 20:09:34,394 epoch 24 - iter 510/1025 - loss 3.40242475 - samples/sec: 47.33 - lr: 0.100000
2020-09-11 20:09:41,007 epoch 24 - iter 612/1025 - loss 3.40900781 - samples/sec: 266.64 - lr: 0.100000
2020-09-11 20:09:47,248 epoch 24 - iter 714/1025 - loss 3.40907008 - samples/sec: 281.12 - lr: 0.100000
2020-09-11 20:09:54,135 epoch 24 - iter 816/1025 - loss 3.41965810 - samples/sec: 265.28 - lr: 0.100000
2020-09-11 20:10:07,555 epoch 24 - iter 918/1025 - loss 3.41869725 - samples/sec: 126.19 - lr: 0.100000
2020-09-11 20:10:52,408 epoch 24 - iter 1020/1025 - loss 3.41596789 - samples/sec: 36.82 - lr: 0.100000
2020-09-11 20:10:54,606 ----------------------------------------------------------------------------------------------------
2020-09-11 20:10:54,606 EPOCH 24 done: loss 3.4160 - lr 0.1000000
2020-09-11 20:11:41,794 DEV : loss 3.4187352657318115 - score 0.2713
2020-09-11 20:11:42,612 BAD EPOCHS (no improvement): 0
2020-09-11 20:11:50,454 ----------------------------------------------------------------------------------------------------
2020-09-11 20:12:34,245 epoch 25 - iter 102/1025 - loss 3.40204327 - samples/sec: 37.89 - lr: 0.100000
2020-09-11 20:13:19,417 epoch 25 - iter 204/1025 - loss 3.37313917 - samples/sec: 36.54 - lr: 0.100000
2020-09-11 20:14:03,508 epoch 25 - iter 306/1025 - loss 3.36256971 - samples/sec: 37.41 - lr: 0.100000
2020-09-11 20:14:48,686 epoch 25 - iter 408/1025 - loss 3.35920204 - samples/sec: 36.51 - lr: 0.100000
2020-09-11 20:15:32,572 epoch 25 - iter 510/1025 - loss 3.35668886 - samples/sec: 37.60 - lr: 0.100000
2020-09-11 20:16:16,746 epoch 25 - iter 612/1025 - loss 3.36572956 - samples/sec: 37.07 - lr: 0.100000
2020-09-11 20:17:02,536 epoch 25 - iter 714/1025 - loss 3.37359492 - samples/sec: 36.03 - lr: 0.100000
2020-09-11 20:17:45,244 epoch 25 - iter 816/1025 - loss 3.37454152 - samples/sec: 38.66 - lr: 0.100000
2020-09-11 20:18:26,234 epoch 25 - iter 918/1025 - loss 3.37693430 - samples/sec: 40.31 - lr: 0.100000
2020-09-11 20:18:46,064 epoch 25 - iter 1020/1025 - loss 3.37683785 - samples/sec: 84.26 - lr: 0.100000
2020-09-11 20:18:48,361 ----------------------------------------------------------------------------------------------------
2020-09-11 20:18:48,361 EPOCH 25 done: loss 3.3764 - lr 0.1000000
2020-09-11 20:19:34,658 DEV : loss 3.383202075958252 - score 0.2695
2020-09-11 20:19:35,408 BAD EPOCHS (no improvement): 1
2020-09-11 20:19:35,414 ----------------------------------------------------------------------------------------------------
2020-09-11 20:20:19,895 epoch 26 - iter 102/1025 - loss 3.38162153 - samples/sec: 37.32 - lr: 0.100000
2020-09-11 20:21:04,545 epoch 26 - iter 204/1025 - loss 3.34107542 - samples/sec: 36.69 - lr: 0.100000
2020-09-11 20:21:49,019 epoch 26 - iter 306/1025 - loss 3.35050177 - samples/sec: 37.11 - lr: 0.100000
2020-09-11 20:22:35,427 epoch 26 - iter 408/1025 - loss 3.34691238 - samples/sec: 35.54 - lr: 0.100000
2020-09-11 20:23:20,600 epoch 26 - iter 510/1025 - loss 3.34758137 - samples/sec: 36.54 - lr: 0.100000
2020-09-11 20:24:05,202 epoch 26 - iter 612/1025 - loss 3.34929247 - samples/sec: 37.00 - lr: 0.100000
2020-09-11 20:24:48,827 epoch 26 - iter 714/1025 - loss 3.35052385 - samples/sec: 37.82 - lr: 0.100000
2020-09-11 20:25:33,072 epoch 26 - iter 816/1025 - loss 3.34701620 - samples/sec: 37.32 - lr: 0.100000
2020-09-11 20:26:16,439 epoch 26 - iter 918/1025 - loss 3.34297446 - samples/sec: 38.14 - lr: 0.100000
2020-09-11 20:26:58,644 epoch 26 - iter 1020/1025 - loss 3.33867688 - samples/sec: 39.16 - lr: 0.100000
2020-09-11 20:26:59,387 ----------------------------------------------------------------------------------------------------
2020-09-11 20:26:59,387 EPOCH 26 done: loss 3.3387 - lr 0.1000000
2020-09-11 20:27:18,997 DEV : loss 3.352355480194092 - score 0.286
2020-09-11 20:27:19,759 BAD EPOCHS (no improvement): 0
2020-09-11 20:27:33,217 ----------------------------------------------------------------------------------------------------
2020-09-11 20:28:17,872 epoch 27 - iter 102/1025 - loss 3.35972321 - samples/sec: 36.89 - lr: 0.100000
2020-09-11 20:29:02,397 epoch 27 - iter 204/1025 - loss 3.34241899 - samples/sec: 37.03 - lr: 0.100000
2020-09-11 20:29:46,359 epoch 27 - iter 306/1025 - loss 3.31366131 - samples/sec: 37.52 - lr: 0.100000
2020-09-11 20:30:31,293 epoch 27 - iter 408/1025 - loss 3.31390924 - samples/sec: 36.72 - lr: 0.100000
2020-09-11 20:31:15,283 epoch 27 - iter 510/1025 - loss 3.30284179 - samples/sec: 37.54 - lr: 0.100000
2020-09-11 20:31:56,974 epoch 27 - iter 612/1025 - loss 3.31067512 - samples/sec: 39.63 - lr: 0.100000
2020-09-11 20:32:42,791 epoch 27 - iter 714/1025 - loss 3.31171474 - samples/sec: 36.04 - lr: 0.100000
2020-09-11 20:33:27,384 epoch 27 - iter 816/1025 - loss 3.31288525 - samples/sec: 37.00 - lr: 0.100000
2020-09-11 20:34:11,995 epoch 27 - iter 918/1025 - loss 3.30727238 - samples/sec: 37.02 - lr: 0.100000
2020-09-11 20:34:56,803 epoch 27 - iter 1020/1025 - loss 3.30149999 - samples/sec: 36.85 - lr: 0.100000
2020-09-11 20:34:59,185 ----------------------------------------------------------------------------------------------------
2020-09-11 20:34:59,185 EPOCH 27 done: loss 3.3026 - lr 0.1000000
2020-09-11 20:35:29,499 DEV : loss 3.3072073459625244 - score 0.2927
2020-09-11 20:35:30,303 BAD EPOCHS (no improvement): 0
2020-09-11 20:35:36,875 ----------------------------------------------------------------------------------------------------
2020-09-11 20:36:23,395 epoch 28 - iter 102/1025 - loss 3.25347582 - samples/sec: 35.62 - lr: 0.100000
2020-09-11 20:37:08,294 epoch 28 - iter 204/1025 - loss 3.23374111 - samples/sec: 36.74 - lr: 0.100000
2020-09-11 20:37:51,697 epoch 28 - iter 306/1025 - loss 3.26641558 - samples/sec: 38.03 - lr: 0.100000
2020-09-11 20:38:37,389 epoch 28 - iter 408/1025 - loss 3.27481477 - samples/sec: 36.19 - lr: 0.100000
2020-09-11 20:39:21,444 epoch 28 - iter 510/1025 - loss 3.27364752 - samples/sec: 37.51 - lr: 0.100000
2020-09-11 20:40:06,147 epoch 28 - iter 612/1025 - loss 3.27640434 - samples/sec: 36.93 - lr: 0.100000
2020-09-11 20:40:51,409 epoch 28 - iter 714/1025 - loss 3.27243149 - samples/sec: 36.46 - lr: 0.100000
2020-09-11 20:41:34,796 epoch 28 - iter 816/1025 - loss 3.27039520 - samples/sec: 38.07 - lr: 0.100000
2020-09-11 20:42:20,298 epoch 28 - iter 918/1025 - loss 3.26594472 - samples/sec: 36.28 - lr: 0.100000
2020-09-11 20:43:04,128 epoch 28 - iter 1020/1025 - loss 3.26375650 - samples/sec: 37.68 - lr: 0.100000
2020-09-11 20:43:06,206 ----------------------------------------------------------------------------------------------------
2020-09-11 20:43:06,206 EPOCH 28 done: loss 3.2645 - lr 0.1000000
2020-09-11 20:43:50,820 DEV : loss 3.267932176589966 - score 0.3061
2020-09-11 20:43:51,771 BAD EPOCHS (no improvement): 0
2020-09-11 20:43:59,002 ----------------------------------------------------------------------------------------------------
2020-09-11 20:44:14,277 epoch 29 - iter 102/1025 - loss 3.20882422 - samples/sec: 110.54 - lr: 0.100000
2020-09-11 20:44:58,434 epoch 29 - iter 204/1025 - loss 3.23327371 - samples/sec: 37.69 - lr: 0.100000
2020-09-11 20:45:43,298 epoch 29 - iter 306/1025 - loss 3.23197328 - samples/sec: 36.79 - lr: 0.100000
2020-09-11 20:46:28,115 epoch 29 - iter 408/1025 - loss 3.24888822 - samples/sec: 36.56 - lr: 0.100000
2020-09-11 20:47:13,188 epoch 29 - iter 510/1025 - loss 3.24249367 - samples/sec: 36.34 - lr: 0.100000
2020-09-11 20:47:56,495 epoch 29 - iter 612/1025 - loss 3.24506352 - samples/sec: 37.88 - lr: 0.100000
2020-09-11 20:48:42,857 epoch 29 - iter 714/1025 - loss 3.23725997 - samples/sec: 35.62 - lr: 0.100000
2020-09-11 20:49:27,118 epoch 29 - iter 816/1025 - loss 3.23440310 - samples/sec: 37.29 - lr: 0.100000
2020-09-11 20:50:12,605 epoch 29 - iter 918/1025 - loss 3.23219234 - samples/sec: 36.29 - lr: 0.100000
2020-09-11 20:50:55,235 epoch 29 - iter 1020/1025 - loss 3.22849321 - samples/sec: 38.74 - lr: 0.100000
2020-09-11 20:50:57,503 ----------------------------------------------------------------------------------------------------
2020-09-11 20:50:57,503 EPOCH 29 done: loss 3.2286 - lr 0.1000000
2020-09-11 20:51:43,475 DEV : loss 3.2377257347106934 - score 0.2976
2020-09-11 20:51:44,364 BAD EPOCHS (no improvement): 1
2020-09-11 20:51:44,374 ----------------------------------------------------------------------------------------------------
2020-09-11 20:52:27,827 epoch 30 - iter 102/1025 - loss 3.18292987 - samples/sec: 38.22 - lr: 0.100000
2020-09-11 20:53:03,085 epoch 30 - iter 204/1025 - loss 3.21628577 - samples/sec: 46.55 - lr: 0.100000
2020-09-11 20:53:46,106 epoch 30 - iter 306/1025 - loss 3.22136044 - samples/sec: 38.42 - lr: 0.100000
2020-09-11 20:54:30,748 epoch 30 - iter 408/1025 - loss 3.20326564 - samples/sec: 37.01 - lr: 0.100000
2020-09-11 20:55:15,935 epoch 30 - iter 510/1025 - loss 3.20710094 - samples/sec: 36.51 - lr: 0.100000
2020-09-11 20:56:00,363 epoch 30 - iter 612/1025 - loss 3.20206360 - samples/sec: 36.87 - lr: 0.100000
2020-09-11 20:56:44,008 epoch 30 - iter 714/1025 - loss 3.19950755 - samples/sec: 37.81 - lr: 0.100000
2020-09-11 20:57:29,569 epoch 30 - iter 816/1025 - loss 3.19990453 - samples/sec: 36.23 - lr: 0.100000
2020-09-11 20:58:13,609 epoch 30 - iter 918/1025 - loss 3.19394675 - samples/sec: 37.79 - lr: 0.100000
2020-09-11 20:58:59,696 epoch 30 - iter 1020/1025 - loss 3.19560824 - samples/sec: 35.83 - lr: 0.100000
2020-09-11 20:59:01,813 ----------------------------------------------------------------------------------------------------
2020-09-11 20:59:01,814 EPOCH 30 done: loss 3.1938 - lr 0.1000000
2020-09-11 20:59:49,303 DEV : loss 3.2031984329223633 - score 0.3012
2020-09-11 20:59:50,102 BAD EPOCHS (no improvement): 2
2020-09-11 20:59:50,113 ----------------------------------------------------------------------------------------------------
2020-09-11 21:00:32,529 epoch 31 - iter 102/1025 - loss 3.15058846 - samples/sec: 39.19 - lr: 0.100000
2020-09-11 21:01:04,549 epoch 31 - iter 204/1025 - loss 3.17395284 - samples/sec: 51.89 - lr: 0.100000
2020-09-11 21:01:25,861 epoch 31 - iter 306/1025 - loss 3.15873251 - samples/sec: 78.34 - lr: 0.100000
2020-09-11 21:02:10,127 epoch 31 - iter 408/1025 - loss 3.15711393 - samples/sec: 37.30 - lr: 0.100000
2020-09-11 21:02:55,366 epoch 31 - iter 510/1025 - loss 3.17203001 - samples/sec: 36.49 - lr: 0.100000
2020-09-11 21:03:40,732 epoch 31 - iter 612/1025 - loss 3.17137258 - samples/sec: 36.36 - lr: 0.100000
2020-09-11 21:04:24,881 epoch 31 - iter 714/1025 - loss 3.16673121 - samples/sec: 37.37 - lr: 0.100000
2020-09-11 21:05:10,250 epoch 31 - iter 816/1025 - loss 3.16601105 - samples/sec: 36.37 - lr: 0.100000
2020-09-11 21:05:53,827 epoch 31 - iter 918/1025 - loss 3.16077173 - samples/sec: 37.87 - lr: 0.100000
2020-09-11 21:06:37,398 epoch 31 - iter 1020/1025 - loss 3.15824771 - samples/sec: 37.89 - lr: 0.100000
2020-09-11 21:06:39,701 ----------------------------------------------------------------------------------------------------
2020-09-11 21:06:39,701 EPOCH 31 done: loss 3.1581 - lr 0.1000000
2020-09-11 21:07:25,167 DEV : loss 3.1698105335235596 - score 0.3098
2020-09-11 21:07:25,913 BAD EPOCHS (no improvement): 0
2020-09-11 21:07:32,036 ----------------------------------------------------------------------------------------------------
2020-09-11 21:08:13,978 epoch 32 - iter 102/1025 - loss 3.16649743 - samples/sec: 39.27 - lr: 0.100000
2020-09-11 21:08:55,298 epoch 32 - iter 204/1025 - loss 3.19010935 - samples/sec: 39.95 - lr: 0.100000
2020-09-11 21:09:25,940 epoch 32 - iter 306/1025 - loss 3.13953872 - samples/sec: 53.57 - lr: 0.100000
2020-09-11 21:09:50,673 epoch 32 - iter 408/1025 - loss 3.12467931 - samples/sec: 67.36 - lr: 0.100000
2020-09-11 21:10:33,328 epoch 32 - iter 510/1025 - loss 3.11957076 - samples/sec: 38.69 - lr: 0.100000
2020-09-11 21:11:14,874 epoch 32 - iter 612/1025 - loss 3.11845373 - samples/sec: 39.74 - lr: 0.100000
2020-09-11 21:11:57,965 epoch 32 - iter 714/1025 - loss 3.12677444 - samples/sec: 38.30 - lr: 0.100000
2020-09-11 21:12:42,132 epoch 32 - iter 816/1025 - loss 3.12947123 - samples/sec: 37.37 - lr: 0.100000
2020-09-11 21:13:25,401 epoch 32 - iter 918/1025 - loss 3.12827495 - samples/sec: 38.17 - lr: 0.100000
2020-09-11 21:14:07,895 epoch 32 - iter 1020/1025 - loss 3.12601386 - samples/sec: 38.83 - lr: 0.100000
2020-09-11 21:14:09,883 ----------------------------------------------------------------------------------------------------
2020-09-11 21:14:09,883 EPOCH 32 done: loss 3.1256 - lr 0.1000000
2020-09-11 21:14:53,087 DEV : loss 3.142524003982544 - score 0.3079
2020-09-11 21:14:53,889 BAD EPOCHS (no improvement): 1
2020-09-11 21:14:53,899 ----------------------------------------------------------------------------------------------------
2020-09-11 21:15:36,602 epoch 33 - iter 102/1025 - loss 3.07032433 - samples/sec: 38.84 - lr: 0.100000
2020-09-11 21:16:18,631 epoch 33 - iter 204/1025 - loss 3.08699942 - samples/sec: 38.95 - lr: 0.100000
2020-09-11 21:17:00,904 epoch 33 - iter 306/1025 - loss 3.10714173 - samples/sec: 39.05 - lr: 0.100000
2020-09-11 21:17:33,117 epoch 33 - iter 408/1025 - loss 3.10814971 - samples/sec: 51.45 - lr: 0.100000
2020-09-11 21:17:55,442 epoch 33 - iter 510/1025 - loss 3.11555832 - samples/sec: 74.75 - lr: 0.100000
2020-09-11 21:18:37,260 epoch 33 - iter 612/1025 - loss 3.10905577 - samples/sec: 39.52 - lr: 0.100000
2020-09-11 21:19:18,886 epoch 33 - iter 714/1025 - loss 3.10616136 - samples/sec: 39.66 - lr: 0.100000
2020-09-11 21:20:00,246 epoch 33 - iter 816/1025 - loss 3.09868229 - samples/sec: 39.91 - lr: 0.100000
2020-09-11 21:20:42,508 epoch 33 - iter 918/1025 - loss 3.09898572 - samples/sec: 39.03 - lr: 0.100000
2020-09-11 21:21:25,400 epoch 33 - iter 1020/1025 - loss 3.09315996 - samples/sec: 38.75 - lr: 0.100000
2020-09-11 21:21:27,547 ----------------------------------------------------------------------------------------------------
2020-09-11 21:21:27,547 EPOCH 33 done: loss 3.0931 - lr 0.1000000
2020-09-11 21:22:10,213 DEV : loss 3.102267026901245 - score 0.322
2020-09-11 21:22:11,002 BAD EPOCHS (no improvement): 0
2020-09-11 21:22:17,849 ----------------------------------------------------------------------------------------------------
2020-09-11 21:23:01,390 epoch 34 - iter 102/1025 - loss 2.99739117 - samples/sec: 37.83 - lr: 0.100000
2020-09-11 21:23:44,134 epoch 34 - iter 204/1025 - loss 3.04466495 - samples/sec: 38.62 - lr: 0.100000
2020-09-11 21:24:27,553 epoch 34 - iter 306/1025 - loss 3.05227832 - samples/sec: 38.02 - lr: 0.100000
2020-09-11 21:25:08,305 epoch 34 - iter 408/1025 - loss 3.05941899 - samples/sec: 40.56 - lr: 0.100000
2020-09-11 21:25:38,549 epoch 34 - iter 510/1025 - loss 3.04740344 - samples/sec: 54.84 - lr: 0.100000
2020-09-11 21:26:01,341 epoch 34 - iter 612/1025 - loss 3.05529372 - samples/sec: 73.11 - lr: 0.100000
2020-09-11 21:26:43,425 epoch 34 - iter 714/1025 - loss 3.05577419 - samples/sec: 39.21 - lr: 0.100000
2020-09-11 21:27:25,630 epoch 34 - iter 816/1025 - loss 3.06013440 - samples/sec: 39.11 - lr: 0.100000
2020-09-11 21:28:08,545 epoch 34 - iter 918/1025 - loss 3.05857884 - samples/sec: 38.46 - lr: 0.100000
2020-09-11 21:28:50,759 epoch 34 - iter 1020/1025 - loss 3.06128121 - samples/sec: 39.08 - lr: 0.100000
2020-09-11 21:28:52,738 ----------------------------------------------------------------------------------------------------
2020-09-11 21:28:52,738 EPOCH 34 done: loss 3.0618 - lr 0.1000000
2020-09-11 21:29:37,973 DEV : loss 3.077632188796997 - score 0.3244
2020-09-11 21:29:38,687 BAD EPOCHS (no improvement): 0
2020-09-11 21:29:44,749 ----------------------------------------------------------------------------------------------------
2020-09-11 21:30:25,984 epoch 35 - iter 102/1025 - loss 3.00482270 - samples/sec: 40.28 - lr: 0.100000
2020-09-11 21:31:08,970 epoch 35 - iter 204/1025 - loss 3.04228865 - samples/sec: 38.38 - lr: 0.100000
2020-09-11 21:31:51,441 epoch 35 - iter 306/1025 - loss 3.00512865 - samples/sec: 38.86 - lr: 0.100000
2020-09-11 21:32:33,097 epoch 35 - iter 408/1025 - loss 3.00547906 - samples/sec: 39.63 - lr: 0.100000
2020-09-11 21:33:14,693 epoch 35 - iter 510/1025 - loss 2.99144428 - samples/sec: 39.71 - lr: 0.100000
2020-09-11 21:33:44,208 epoch 35 - iter 612/1025 - loss 3.00568249 - samples/sec: 56.19 - lr: 0.100000
2020-09-11 21:34:05,660 epoch 35 - iter 714/1025 - loss 3.01161413 - samples/sec: 79.04 - lr: 0.100000
2020-09-11 21:34:48,724 epoch 35 - iter 816/1025 - loss 3.01125996 - samples/sec: 38.04 - lr: 0.100000
2020-09-11 21:35:30,760 epoch 35 - iter 918/1025 - loss 3.02419273 - samples/sec: 39.29 - lr: 0.100000
2020-09-11 21:36:13,857 epoch 35 - iter 1020/1025 - loss 3.03117242 - samples/sec: 38.35 - lr: 0.100000
2020-09-11 21:36:15,966 ----------------------------------------------------------------------------------------------------
2020-09-11 21:36:15,966 EPOCH 35 done: loss 3.0326 - lr 0.1000000
2020-09-11 21:36:59,647 DEV : loss 3.0431506633758545 - score 0.3293
2020-09-11 21:37:00,565 BAD EPOCHS (no improvement): 0
2020-09-11 21:37:08,171 ----------------------------------------------------------------------------------------------------
2020-09-11 21:37:52,149 epoch 36 - iter 102/1025 - loss 2.99214720 - samples/sec: 37.75 - lr: 0.100000
2020-09-11 21:38:34,393 epoch 36 - iter 204/1025 - loss 2.98053396 - samples/sec: 38.81 - lr: 0.100000
2020-09-11 21:39:17,758 epoch 36 - iter 306/1025 - loss 2.99553189 - samples/sec: 38.08 - lr: 0.100000
2020-09-11 21:40:00,450 epoch 36 - iter 408/1025 - loss 2.99543268 - samples/sec: 38.71 - lr: 0.100000
2020-09-11 21:40:44,266 epoch 36 - iter 510/1025 - loss 2.99768606 - samples/sec: 37.66 - lr: 0.100000
2020-09-11 21:41:25,114 epoch 36 - iter 612/1025 - loss 3.00670147 - samples/sec: 40.42 - lr: 0.100000
2020-09-11 21:41:51,205 epoch 36 - iter 714/1025 - loss 3.01288000 - samples/sec: 63.68 - lr: 0.100000
2020-09-11 21:42:11,284 epoch 36 - iter 816/1025 - loss 3.01004516 - samples/sec: 83.26 - lr: 0.100000
2020-09-11 21:42:53,965 epoch 36 - iter 918/1025 - loss 3.00639823 - samples/sec: 38.64 - lr: 0.100000
2020-09-11 21:43:36,505 epoch 36 - iter 1020/1025 - loss 3.00276717 - samples/sec: 38.79 - lr: 0.100000
2020-09-11 21:43:38,693 ----------------------------------------------------------------------------------------------------
2020-09-11 21:43:38,693 EPOCH 36 done: loss 3.0023 - lr 0.1000000
2020-09-11 21:44:21,815 DEV : loss 3.0119712352752686 - score 0.336
2020-09-11 21:44:22,657 BAD EPOCHS (no improvement): 0
2020-09-11 21:44:30,506 ----------------------------------------------------------------------------------------------------
2020-09-11 21:45:13,834 epoch 37 - iter 102/1025 - loss 3.00346862 - samples/sec: 38.27 - lr: 0.100000
2020-09-11 21:45:55,497 epoch 37 - iter 204/1025 - loss 2.97001650 - samples/sec: 39.91 - lr: 0.100000
2020-09-11 21:46:36,919 epoch 37 - iter 306/1025 - loss 2.97180549 - samples/sec: 39.81 - lr: 0.100000
2020-09-11 21:47:18,656 epoch 37 - iter 408/1025 - loss 2.95145179 - samples/sec: 39.22 - lr: 0.100000
2020-09-11 21:48:00,823 epoch 37 - iter 510/1025 - loss 2.96929184 - samples/sec: 39.15 - lr: 0.100000
2020-09-11 21:48:44,395 epoch 37 - iter 612/1025 - loss 2.97129865 - samples/sec: 37.83 - lr: 0.100000
2020-09-11 21:49:23,895 epoch 37 - iter 714/1025 - loss 2.97896358 - samples/sec: 41.81 - lr: 0.100000
2020-09-11 21:49:54,595 epoch 37 - iter 816/1025 - loss 2.98093862 - samples/sec: 54.02 - lr: 0.100000
2020-09-11 21:50:11,978 epoch 37 - iter 918/1025 - loss 2.97909300 - samples/sec: 97.64 - lr: 0.100000
2020-09-11 21:50:54,226 epoch 37 - iter 1020/1025 - loss 2.97309816 - samples/sec: 39.35 - lr: 0.100000
2020-09-11 21:50:57,180 ----------------------------------------------------------------------------------------------------
2020-09-11 21:50:57,180 EPOCH 37 done: loss 2.9729 - lr 0.1000000
2020-09-11 21:51:40,697 DEV : loss 2.9877207279205322 - score 0.3268
2020-09-11 21:51:41,466 BAD EPOCHS (no improvement): 1
2020-09-11 21:51:41,478 ----------------------------------------------------------------------------------------------------
2020-09-11 21:52:26,389 epoch 38 - iter 102/1025 - loss 2.94503751 - samples/sec: 36.94 - lr: 0.100000
2020-09-11 21:53:08,425 epoch 38 - iter 204/1025 - loss 2.95615363 - samples/sec: 39.22 - lr: 0.100000
2020-09-11 21:53:50,145 epoch 38 - iter 306/1025 - loss 2.96595377 - samples/sec: 39.58 - lr: 0.100000
2020-09-11 21:54:33,096 epoch 38 - iter 408/1025 - loss 2.95378800 - samples/sec: 38.41 - lr: 0.100000
2020-09-11 21:55:15,550 epoch 38 - iter 510/1025 - loss 2.95118132 - samples/sec: 38.87 - lr: 0.100000
2020-09-11 21:55:57,938 epoch 38 - iter 612/1025 - loss 2.95805001 - samples/sec: 38.92 - lr: 0.100000
2020-09-11 21:56:40,175 epoch 38 - iter 714/1025 - loss 2.94893255 - samples/sec: 39.38 - lr: 0.100000
2020-09-11 21:57:21,502 epoch 38 - iter 816/1025 - loss 2.94806899 - samples/sec: 39.65 - lr: 0.100000
2020-09-11 21:58:00,234 epoch 38 - iter 918/1025 - loss 2.94722999 - samples/sec: 42.65 - lr: 0.100000
2020-09-11 21:58:12,217 epoch 38 - iter 1020/1025 - loss 2.94470738 - samples/sec: 141.87 - lr: 0.100000
2020-09-11 21:58:14,317 ----------------------------------------------------------------------------------------------------
2020-09-11 21:58:14,317 EPOCH 38 done: loss 2.9445 - lr 0.1000000
2020-09-11 21:58:58,519 DEV : loss 2.9586117267608643 - score 0.339
2020-09-11 21:58:59,304 BAD EPOCHS (no improvement): 0
2020-09-11 21:59:07,137 ----------------------------------------------------------------------------------------------------
2020-09-11 21:59:48,586 epoch 39 - iter 102/1025 - loss 2.91155969 - samples/sec: 40.07 - lr: 0.100000
2020-09-11 22:00:29,988 epoch 39 - iter 204/1025 - loss 2.91863284 - samples/sec: 39.56 - lr: 0.100000
2020-09-11 22:01:13,896 epoch 39 - iter 306/1025 - loss 2.95047865 - samples/sec: 37.57 - lr: 0.100000
2020-09-11 22:01:56,308 epoch 39 - iter 408/1025 - loss 2.94745175 - samples/sec: 38.89 - lr: 0.100000
2020-09-11 22:02:37,769 epoch 39 - iter 510/1025 - loss 2.93641786 - samples/sec: 39.81 - lr: 0.100000
2020-09-11 22:03:19,651 epoch 39 - iter 612/1025 - loss 2.93820782 - samples/sec: 39.40 - lr: 0.100000
2020-09-11 22:04:01,569 epoch 39 - iter 714/1025 - loss 2.92802682 - samples/sec: 39.11 - lr: 0.100000
2020-09-11 22:04:43,506 epoch 39 - iter 816/1025 - loss 2.92197229 - samples/sec: 39.08 - lr: 0.100000
2020-09-11 22:05:25,240 epoch 39 - iter 918/1025 - loss 2.91823799 - samples/sec: 39.57 - lr: 0.100000
2020-09-11 22:06:04,673 epoch 39 - iter 1020/1025 - loss 2.91773217 - samples/sec: 41.88 - lr: 0.100000
2020-09-11 22:06:05,053 ----------------------------------------------------------------------------------------------------
2020-09-11 22:06:05,053 EPOCH 39 done: loss 2.9183 - lr 0.1000000
2020-09-11 22:06:19,186 DEV : loss 2.927302598953247 - score 0.3549
2020-09-11 22:06:19,924 BAD EPOCHS (no improvement): 0
2020-09-11 22:06:26,862 ----------------------------------------------------------------------------------------------------
2020-09-11 22:07:08,669 epoch 40 - iter 102/1025 - loss 2.86302668 - samples/sec: 39.74 - lr: 0.100000
2020-09-11 22:07:50,180 epoch 40 - iter 204/1025 - loss 2.87255601 - samples/sec: 39.80 - lr: 0.100000
2020-09-11 22:08:34,035 epoch 40 - iter 306/1025 - loss 2.86947514 - samples/sec: 37.63 - lr: 0.100000
2020-09-11 22:09:16,068 epoch 40 - iter 408/1025 - loss 2.88408968 - samples/sec: 39.28 - lr: 0.100000
2020-09-11 22:09:58,581 epoch 40 - iter 510/1025 - loss 2.88062793 - samples/sec: 38.83 - lr: 0.100000
2020-09-11 22:10:39,717 epoch 40 - iter 612/1025 - loss 2.88350808 - samples/sec: 40.14 - lr: 0.100000
2020-09-11 22:11:21,075 epoch 40 - iter 714/1025 - loss 2.88900256 - samples/sec: 39.90 - lr: 0.100000
2020-09-11 22:12:04,467 epoch 40 - iter 816/1025 - loss 2.89784124 - samples/sec: 38.02 - lr: 0.100000
2020-09-11 22:12:46,306 epoch 40 - iter 918/1025 - loss 2.88718300 - samples/sec: 39.44 - lr: 0.100000
2020-09-11 22:13:27,681 epoch 40 - iter 1020/1025 - loss 2.89352924 - samples/sec: 39.93 - lr: 0.100000
2020-09-11 22:13:29,797 ----------------------------------------------------------------------------------------------------
2020-09-11 22:13:29,797 EPOCH 40 done: loss 2.8916 - lr 0.1000000
2020-09-11 22:14:11,136 DEV : loss 2.906972885131836 - score 0.347
2020-09-11 22:14:11,871 BAD EPOCHS (no improvement): 1
2020-09-11 22:14:11,878 ----------------------------------------------------------------------------------------------------
2020-09-11 22:14:54,746 epoch 41 - iter 102/1025 - loss 2.87965514 - samples/sec: 38.45 - lr: 0.100000
2020-09-11 22:15:38,322 epoch 41 - iter 204/1025 - loss 2.85585358 - samples/sec: 37.90 - lr: 0.100000
2020-09-11 22:16:20,294 epoch 41 - iter 306/1025 - loss 2.86200579 - samples/sec: 39.37 - lr: 0.100000
2020-09-11 22:17:03,066 epoch 41 - iter 408/1025 - loss 2.88367651 - samples/sec: 38.60 - lr: 0.100000
2020-09-11 22:17:44,761 epoch 41 - iter 510/1025 - loss 2.88754818 - samples/sec: 39.59 - lr: 0.100000
2020-09-11 22:18:27,167 epoch 41 - iter 612/1025 - loss 2.87946835 - samples/sec: 38.92 - lr: 0.100000
2020-09-11 22:19:09,604 epoch 41 - iter 714/1025 - loss 2.86756401 - samples/sec: 38.90 - lr: 0.100000
2020-09-11 22:19:51,582 epoch 41 - iter 816/1025 - loss 2.87046509 - samples/sec: 39.33 - lr: 0.100000
2020-09-11 22:20:33,379 epoch 41 - iter 918/1025 - loss 2.86576652 - samples/sec: 39.47 - lr: 0.100000
2020-09-11 22:21:16,071 epoch 41 - iter 1020/1025 - loss 2.86655666 - samples/sec: 38.35 - lr: 0.100000
2020-09-11 22:21:18,195 ----------------------------------------------------------------------------------------------------
2020-09-11 22:21:18,195 EPOCH 41 done: loss 2.8668 - lr 0.1000000
2020-09-11 22:21:59,500 DEV : loss 2.873779296875 - score 0.3518
2020-09-11 22:22:00,510 BAD EPOCHS (no improvement): 2
2020-09-11 22:22:01,882 ----------------------------------------------------------------------------------------------------
2020-09-11 22:22:16,880 epoch 42 - iter 102/1025 - loss 2.81823270 - samples/sec: 113.76 - lr: 0.100000
2020-09-11 22:22:54,859 epoch 42 - iter 204/1025 - loss 2.82859691 - samples/sec: 43.12 - lr: 0.100000
2020-09-11 22:23:37,682 epoch 42 - iter 306/1025 - loss 2.86651677 - samples/sec: 38.52 - lr: 0.100000
2020-09-11 22:24:18,593 epoch 42 - iter 408/1025 - loss 2.84549442 - samples/sec: 40.34 - lr: 0.100000
2020-09-11 22:25:00,516 epoch 42 - iter 510/1025 - loss 2.83844253 - samples/sec: 39.36 - lr: 0.100000
2020-09-11 22:25:42,579 epoch 42 - iter 612/1025 - loss 2.83100487 - samples/sec: 39.22 - lr: 0.100000
2020-09-11 22:26:25,603 epoch 42 - iter 714/1025 - loss 2.83299111 - samples/sec: 38.32 - lr: 0.100000
2020-09-11 22:27:07,712 epoch 42 - iter 816/1025 - loss 2.84029167 - samples/sec: 38.89 - lr: 0.100000
2020-09-11 22:27:50,474 epoch 42 - iter 918/1025 - loss 2.84720245 - samples/sec: 38.60 - lr: 0.100000
2020-09-11 22:28:32,414 epoch 42 - iter 1020/1025 - loss 2.84389463 - samples/sec: 39.36 - lr: 0.100000
2020-09-11 22:28:34,159 ----------------------------------------------------------------------------------------------------
2020-09-11 22:28:34,159 EPOCH 42 done: loss 2.8417 - lr 0.1000000
2020-09-11 22:29:17,221 DEV : loss 2.8568308353424072 - score 0.3396
2020-09-11 22:29:17,947 BAD EPOCHS (no improvement): 3
2020-09-11 22:29:19,266 ----------------------------------------------------------------------------------------------------
2020-09-11 22:29:59,337 epoch 43 - iter 102/1025 - loss 2.83842034 - samples/sec: 41.47 - lr: 0.100000
2020-09-11 22:30:22,002 epoch 43 - iter 204/1025 - loss 2.84656755 - samples/sec: 73.51 - lr: 0.100000
2020-09-11 22:30:43,247 epoch 43 - iter 306/1025 - loss 2.83181094 - samples/sec: 77.37 - lr: 0.100000
2020-09-11 22:31:26,495 epoch 43 - iter 408/1025 - loss 2.84975745 - samples/sec: 38.16 - lr: 0.100000
2020-09-11 22:32:07,984 epoch 43 - iter 510/1025 - loss 2.83423144 - samples/sec: 39.78 - lr: 0.100000
2020-09-11 22:32:51,112 epoch 43 - iter 612/1025 - loss 2.81583267 - samples/sec: 38.29 - lr: 0.100000
2020-09-11 22:33:32,814 epoch 43 - iter 714/1025 - loss 2.81267378 - samples/sec: 39.59 - lr: 0.100000
2020-09-11 22:33:59,380 ----------------------------------------------------------------------------------------------------
2020-09-11 22:33:59,381 Exiting from training early.
2020-09-11 22:33:59,381 Saving model ...
2020-09-11 22:34:05,540 Done.
2020-09-11 22:34:05,540 ----------------------------------------------------------------------------------------------------
2020-09-11 22:34:05,540 Testing using best model ...
2020-09-11 22:34:05,543 loading file resources_old/best-model.pt
2020-09-11 22:34:11,545 	0.3579
2020-09-11 22:34:11,545 
Results:
- F-score (micro) 0.3579
- F-score (macro) 0.0898
- Accuracy 0.3579

By class:
                   precision    recall  f1-score   support

     __label__147     0.3333    0.2778    0.3030        18
     __label__298     0.0000    0.0000    0.0000         5
     __label__207     0.3333    0.1111    0.1667         9
     __label__149     0.1795    0.2500    0.2090        28
     __label__145     0.0000    0.0000    0.0000         7
      __label__78     0.0000    0.0000    0.0000         4
     __label__155     0.3878    0.3585    0.3725        53
      __label__77     0.0000    0.0000    0.0000        11
     __label__168     0.0000    0.0000    0.0000         1
      __label__89     0.3036    0.5484    0.3908        31
     __label__152     0.0000    0.0000    0.0000        17
     __label__245     0.5431    0.9692    0.6961        65
      __label__40     0.0000    0.0000    0.0000         7
      __label__99     0.6471    0.7333    0.6875        15
     __label__156     0.2721    0.5522    0.3645        67
      __label__36     0.3333    0.2500    0.2857         8
     __label__307     0.3654    0.6129    0.4578        31
     __label__153     0.2519    0.5312    0.3417        64
     __label__209     0.0000    0.0000    0.0000         1
     __label__295     0.0000    0.0000    0.0000         0
      __label__46     0.0000    0.0000    0.0000         7
      __label__34     0.2273    0.4000    0.2899        25
     __label__278     0.4000    0.4286    0.4138        14
      __label__61     0.2727    0.4737    0.3462        19
       __label__2     0.2000    0.0909    0.1250        11
     __label__175     0.3684    0.4118    0.3889        17
     __label__196     0.2308    0.4138    0.2963        29
     __label__188     0.0000    0.0000    0.0000         6
     __label__266     0.0000    0.0000    0.0000         7
     __label__216     0.5000    0.2667    0.3478        15
     __label__250     0.0000    0.0000    0.0000         3
       __label__3     0.0000    0.0000    0.0000         3
      __label__14     0.0000    0.0000    0.0000        10
      __label__13     0.1562    0.3571    0.2174        14
      __label__69     0.0000    0.0000    0.0000         4
      __label__45     0.0000    0.0000    0.0000         1
      __label__47     0.0000    0.0000    0.0000         2
     __label__161     1.0000    0.1667    0.2857         6
      __label__41     0.0000    0.0000    0.0000         6
     __label__203     0.3433    0.5349    0.4182        43
      __label__33     0.3226    0.4167    0.3636        24
     __label__120     0.0000    0.0000    0.0000         4
     __label__212     0.2245    0.4783    0.3056        46
     __label__170     0.2000    0.3333    0.2500        12
     __label__215     1.0000    0.3750    0.5455         8
     __label__213     0.0952    0.1053    0.1000        19
     __label__274     0.7027    0.9286    0.8000        28
      __label__66     0.3438    0.6471    0.4490        34
      __label__95     0.4000    0.3448    0.3704        29
     __label__260     0.0000    0.0000    0.0000         0
     __label__181     0.5862    0.8500    0.6939        40
     __label__217     0.0000    0.0000    0.0000         5
      __label__49     0.7143    0.7143    0.7143         7
     __label__234     0.7000    0.5833    0.6364        12
      __label__82     0.3404    0.6154    0.4384        26
      __label__42     0.0000    0.0000    0.0000         3
     __label__163     0.2000    0.2000    0.2000        10
      __label__60     0.0000    0.0000    0.0000         7
     __label__206     0.5000    0.1000    0.1667        10
      __label__31     0.0000    0.0000    0.0000         5
     __label__255     0.0000    0.0000    0.0000         5
     __label__171     0.5600    0.6829    0.6154        41
     __label__265     1.0000    0.2500    0.4000         8
       __label__6     0.0000    0.0000    0.0000         2
     __label__313     0.4444    0.6667    0.5333        24
      __label__75     0.0000    0.0000    0.0000         7
     __label__176     0.5000    0.2000    0.2857         5
      __label__32     0.0000    0.0000    0.0000         9
      __label__38     0.0000    0.0000    0.0000         6
      __label__44     0.0000    0.0000    0.0000         6
     __label__302     0.0000    0.0000    0.0000         3
     __label__225     0.1250    0.1429    0.1333         7
      __label__62     0.0000    0.0000    0.0000         0
     __label__183     0.4667    0.4667    0.4667        15
     __label__261     0.0000    0.0000    0.0000         1
     __label__159     0.4000    0.3529    0.3750        17
      __label__22     0.0000    0.0000    0.0000         8
       __label__1     0.0000    0.0000    0.0000         3
     __label__184     0.6190    0.6500    0.6341        20
      __label__74     0.5000    0.2500    0.3333        16
      __label__79     0.0000    0.0000    0.0000         6
     __label__177     0.1905    0.4211    0.2623        19
      __label__98     0.0000    0.0000    0.0000         3
     __label__267     0.0000    0.0000    0.0000         0
     __label__102     0.0000    0.0000    0.0000         0
     __label__165     0.0000    0.0000    0.0000         0
      __label__37     0.4762    0.3448    0.4000        29
      __label__23     0.0000    0.0000    0.0000         4
      __label__85     0.0000    0.0000    0.0000         1
     __label__160     0.0000    0.0000    0.0000         9
     __label__105     0.7500    0.4286    0.5455         7
     __label__263     0.5000    0.2308    0.3158        13
     __label__230     0.0000    0.0000    0.0000         2
      __label__92     0.0000    0.0000    0.0000         3
     __label__193     1.0000    0.2222    0.3636         9
      __label__26     0.0000    0.0000    0.0000        11
      __label__16     0.0000    0.0000    0.0000         4
      __label__88     0.3548    0.4583    0.4000        24
     __label__284     0.5000    0.1111    0.1818         9
     __label__226     0.0000    0.0000    0.0000         1
     __label__219     0.0000    0.0000    0.0000         4
      __label__80     0.0000    0.0000    0.0000         3
     __label__306     0.0000    0.0000    0.0000         1
      __label__20     0.0000    0.0000    0.0000         4
     __label__210     0.0000    0.0000    0.0000         6
      __label__35     0.0000    0.0000    0.0000         3
     __label__157     0.0000    0.0000    0.0000         5
     __label__247     0.0000    0.0000    0.0000         5
     __label__146     0.0000    0.0000    0.0000         3
     __label__280     0.0000    0.0000    0.0000         5
     __label__112     0.0000    0.0000    0.0000         4
      __label__24     0.0000    0.0000    0.0000         4
     __label__164     0.0000    0.0000    0.0000         5
     __label__223     0.0000    0.0000    0.0000         9
     __label__293     0.0000    0.0000    0.0000         3
     __label__305     0.7500    0.3000    0.4286        10
     __label__276     0.0000    0.0000    0.0000         0
     __label__231     0.4000    0.1333    0.2000        15
      __label__48     0.0000    0.0000    0.0000         0
     __label__239     0.3333    0.1429    0.2000         7
     __label__126     0.0000    0.0000    0.0000         8
     __label__104     0.0000    0.0000    0.0000         0
     __label__162     0.0000    0.0000    0.0000         1
     __label__194     0.0000    0.0000    0.0000         0
      __label__71     0.0000    0.0000    0.0000         3
     __label__279     0.0000    0.0000    0.0000         3
       __label__7     0.2609    0.3333    0.2927        18
     __label__211     0.0000    0.0000    0.0000         6
     __label__228     0.0000    0.0000    0.0000         1
     __label__240     0.0000    0.0000    0.0000         3
     __label__118     0.0000    0.0000    0.0000         0
      __label__28     0.5000    0.2500    0.3333         4
     __label__309     0.0000    0.0000    0.0000         3
     __label__285     0.0000    0.0000    0.0000         6
     __label__303     0.0000    0.0000    0.0000         5
     __label__294     0.0000    0.0000    0.0000         3
     __label__119     0.0000    0.0000    0.0000         1
     __label__122     0.0000    0.0000    0.0000         4
     __label__222     0.0000    0.0000    0.0000         3
     __label__310     0.0000    0.0000    0.0000         0
     __label__252     0.0000    0.0000    0.0000         2
      __label__70     0.0000    0.0000    0.0000         1
     __label__290     0.0000    0.0000    0.0000         5
     __label__286     0.0000    0.0000    0.0000         1
     __label__289     0.0000    0.0000    0.0000         2
     __label__172     0.0000    0.0000    0.0000         1
     __label__264     0.0000    0.0000    0.0000         1
     __label__254     0.0000    0.0000    0.0000         2
     __label__154     0.0000    0.0000    0.0000         5
     __label__312     0.0000    0.0000    0.0000         0
      __label__83     0.0000    0.0000    0.0000         0
     __label__244     0.0000    0.0000    0.0000         0
      __label__76     0.0000    0.0000    0.0000         3
     __label__292     0.0000    0.0000    0.0000         2
     __label__185     0.0000    0.0000    0.0000         3
     __label__130     0.0000    0.0000    0.0000         0
     __label__242     0.0000    0.0000    0.0000         0
     __label__253     0.0000    0.0000    0.0000         1
     __label__180     0.0000    0.0000    0.0000         0
     __label__143     0.0000    0.0000    0.0000         2
     __label__109     0.0000    0.0000    0.0000         0
     __label__246     0.0000    0.0000    0.0000         2
     __label__248     0.0000    0.0000    0.0000         0
      __label__25     0.0000    0.0000    0.0000         0
     __label__256     0.0000    0.0000    0.0000         5
     __label__311     0.0000    0.0000    0.0000         0
     __label__208     0.0000    0.0000    0.0000         6
     __label__166     0.0000    0.0000    0.0000         1
     __label__189     0.0000    0.0000    0.0000         3
     __label__271     0.0000    0.0000    0.0000         1
     __label__158     0.0000    0.0000    0.0000         1
      __label__43     0.0000    0.0000    0.0000         1
     __label__108     0.0000    0.0000    0.0000         3
     __label__259     0.0000    0.0000    0.0000         0
      __label__27     0.0000    0.0000    0.0000         2
     __label__214     0.0000    0.0000    0.0000         4
      __label__19     0.0000    0.0000    0.0000         0
     __label__241     0.0000    0.0000    0.0000         0
       __label__4     0.0000    0.0000    0.0000         2
      __label__53     0.0000    0.0000    0.0000         2
     __label__272     0.0000    0.0000    0.0000         1
      __label__68     0.0000    0.0000    0.0000         0
     __label__220     0.0000    0.0000    0.0000         1
     __label__140     0.0000    0.0000    0.0000         3
     __label__227     0.0000    0.0000    0.0000         1
     __label__182     0.0000    0.0000    0.0000         2
      __label__91     0.5000    0.1429    0.2222         7
      __label__81     0.0000    0.0000    0.0000         0
     __label__299     0.0000    0.0000    0.0000         1
       __label__8     0.0000    0.0000    0.0000         0
     __label__121     0.0000    0.0000    0.0000         1
      __label__39     0.0000    0.0000    0.0000         0
     __label__273     0.0000    0.0000    0.0000         0
      __label__18     0.0000    0.0000    0.0000         1
     __label__133     0.0000    0.0000    0.0000         0
     __label__148     0.0000    0.0000    0.0000         1
      __label__90     0.0000    0.0000    0.0000         1
     __label__174     0.0000    0.0000    0.0000         0
     __label__134     0.0000    0.0000    0.0000         0
      __label__86     0.0000    0.0000    0.0000         1
     __label__300     0.0000    0.0000    0.0000         0
     __label__138     0.0000    0.0000    0.0000         0
      __label__10     0.0000    0.0000    0.0000         0
     __label__113     0.0000    0.0000    0.0000         1
      __label__94     0.0000    0.0000    0.0000         0
     __label__270     0.0000    0.0000    0.0000         0
     __label__101     0.0000    0.0000    0.0000         0
     __label__224     0.0000    0.0000    0.0000         0
     __label__204     0.0000    0.0000    0.0000         0
       __label__9     0.0000    0.0000    0.0000         0
     __label__137     0.0000    0.0000    0.0000         1
     __label__269     0.0000    0.0000    0.0000         0
     __label__251     0.0000    0.0000    0.0000         0
     __label__150     0.0000    0.0000    0.0000         2
     __label__281     0.0000    0.0000    0.0000         0
     __label__116     0.0000    0.0000    0.0000         1
     __label__124     0.0000    0.0000    0.0000         0
      __label__84     0.0000    0.0000    0.0000         1
      __label__97     0.0000    0.0000    0.0000         2
     __label__268     0.0000    0.0000    0.0000         1
     __label__127     0.0000    0.0000    0.0000         0
      __label__12     0.0000    0.0000    0.0000         0
      __label__67     0.0000    0.0000    0.0000         1
     __label__151     0.0000    0.0000    0.0000         0
     __label__249     0.0000    0.0000    0.0000         0
      __label__93     0.0000    0.0000    0.0000         1
     __label__136     0.0000    0.0000    0.0000         1
     __label__190     0.0000    0.0000    0.0000         1
__label__label_id     0.0000    0.0000    0.0000         0
     __label__296     0.0000    0.0000    0.0000         0
      __label__11     0.0000    0.0000    0.0000         0
     __label__304     0.0000    0.0000    0.0000         0
     __label__205     0.0000    0.0000    0.0000         1
     __label__125     0.0000    0.0000    0.0000         0
      __label__96     0.0000    0.0000    0.0000         0
      __label__21     0.0000    0.0000    0.0000         1
      __label__87     0.0000    0.0000    0.0000         1
      __label__63     0.0000    0.0000    0.0000         1

        micro avg     0.3579    0.3579    0.3579      1640
        macro avg     0.1055    0.0950    0.0898      1640
     weighted avg     0.2937    0.3579    0.3012      1640
      samples avg     0.3579    0.3579    0.3579      1640

2020-09-11 22:34:11,545 ----------------------------------------------------------------------------------------------------
