2020-09-10 14:17:32,552 ----------------------------------------------------------------------------------------------------
2020-09-10 14:17:32,553 Model: "TextClassifier(
  (document_embeddings): DocumentRNNEmbeddings(
    (embeddings): StackedEmbeddings(
      (list_embedding_0): FlairEmbeddings(
        (lm): LanguageModel(
          (drop): Dropout(p=0.05, inplace=False)
          (encoder): Embedding(300, 100)
          (rnn): LSTM(100, 2048)
          (decoder): Linear(in_features=2048, out_features=300, bias=True)
        )
      )
      (list_embedding_1): FlairEmbeddings(
        (lm): LanguageModel(
          (drop): Dropout(p=0.05, inplace=False)
          (encoder): Embedding(300, 100)
          (rnn): LSTM(100, 2048)
          (decoder): Linear(in_features=2048, out_features=300, bias=True)
        )
      )
      (list_embedding_2): OneHotEmbeddings(
        min_freq=3
        (embedding_layer): Embedding(11827, 300)
      )
    )
    (word_reprojection_map): Linear(in_features=4396, out_features=4396, bias=True)
    (rnn): GRU(4396, 128, batch_first=True)
    (dropout): Dropout(p=0.10731569346695902, inplace=False)
  )
  (decoder): Linear(in_features=128, out_features=238, bias=True)
  (loss_function): CrossEntropyLoss()
  (beta): 1.0
  (weights): None
  (weight_tensor) None
)"
2020-09-10 14:17:32,553 ----------------------------------------------------------------------------------------------------
2020-09-10 14:17:32,553 Corpus: "Corpus: 16397 train + 1640 dev + 1640 test sentences"
2020-09-10 14:17:32,553 ----------------------------------------------------------------------------------------------------
2020-09-10 14:17:32,553 Parameters:
2020-09-10 14:17:32,553  - learning_rate: "0.15"
2020-09-10 14:17:32,553  - mini_batch_size: "32"
2020-09-10 14:17:32,553  - patience: "3"
2020-09-10 14:17:32,553  - anneal_factor: "0.5"
2020-09-10 14:17:32,553  - max_epochs: "50"
2020-09-10 14:17:32,553  - shuffle: "True"
2020-09-10 14:17:32,553  - train_with_dev: "False"
2020-09-10 14:17:32,553  - batch_growth_annealing: "False"
2020-09-10 14:17:32,553 ----------------------------------------------------------------------------------------------------
2020-09-10 14:17:32,553 Model training base path: "optimization/results"
2020-09-10 14:17:32,553 ----------------------------------------------------------------------------------------------------
2020-09-10 14:17:32,553 Device: cuda:0
2020-09-10 14:17:32,553 ----------------------------------------------------------------------------------------------------
2020-09-10 14:17:32,553 Embeddings storage mode: cpu
2020-09-10 14:17:32,582 ----------------------------------------------------------------------------------------------------
2020-09-10 14:17:53,004 epoch 1 - iter 51/513 - loss 4.92093537 - samples/sec: 84.19 - lr: 0.150000
2020-09-10 14:18:12,385 epoch 1 - iter 102/513 - loss 4.78105391 - samples/sec: 85.28 - lr: 0.150000
2020-09-10 14:18:33,069 epoch 1 - iter 153/513 - loss 4.67371583 - samples/sec: 85.02 - lr: 0.150000
2020-09-10 14:18:51,668 epoch 1 - iter 204/513 - loss 4.55465713 - samples/sec: 88.59 - lr: 0.150000
2020-09-10 14:19:12,585 epoch 1 - iter 255/513 - loss 4.35168029 - samples/sec: 84.82 - lr: 0.150000
2020-09-10 14:19:31,205 epoch 1 - iter 306/513 - loss 4.07826039 - samples/sec: 88.41 - lr: 0.150000
2020-09-10 14:19:50,016 epoch 1 - iter 357/513 - loss 3.82691781 - samples/sec: 87.63 - lr: 0.150000
2020-09-10 14:20:10,834 epoch 1 - iter 408/513 - loss 3.59584344 - samples/sec: 85.22 - lr: 0.150000
2020-09-10 14:20:30,482 epoch 1 - iter 459/513 - loss 3.39901004 - samples/sec: 83.88 - lr: 0.150000
2020-09-10 14:20:50,268 epoch 1 - iter 510/513 - loss 3.23027101 - samples/sec: 83.12 - lr: 0.150000
2020-09-10 14:20:51,574 ----------------------------------------------------------------------------------------------------
2020-09-10 14:20:51,574 EPOCH 1 done: loss 3.2207 - lr 0.1500000
2020-09-10 14:21:15,931 DEV : loss 1.57539701461792 - score 0.5488
2020-09-10 14:21:16,336 BAD EPOCHS (no improvement): 0
2020-09-10 14:21:16,360 ----------------------------------------------------------------------------------------------------
2020-09-10 14:21:37,113 epoch 2 - iter 51/513 - loss 1.49707892 - samples/sec: 81.88 - lr: 0.150000
2020-09-10 14:21:57,510 epoch 2 - iter 102/513 - loss 1.51313666 - samples/sec: 80.74 - lr: 0.150000
2020-09-10 14:22:16,077 epoch 2 - iter 153/513 - loss 1.47679690 - samples/sec: 88.78 - lr: 0.150000
2020-09-10 14:22:36,489 epoch 2 - iter 204/513 - loss 1.43460465 - samples/sec: 87.27 - lr: 0.150000
2020-09-10 14:22:55,170 epoch 2 - iter 255/513 - loss 1.41425497 - samples/sec: 88.27 - lr: 0.150000
2020-09-10 14:23:14,898 epoch 2 - iter 306/513 - loss 1.37094900 - samples/sec: 83.56 - lr: 0.150000
2020-09-10 14:23:34,786 epoch 2 - iter 357/513 - loss 1.33598720 - samples/sec: 88.49 - lr: 0.150000
2020-09-10 14:23:54,149 epoch 2 - iter 408/513 - loss 1.30147589 - samples/sec: 85.26 - lr: 0.150000
2020-09-10 14:24:14,655 epoch 2 - iter 459/513 - loss 1.27352998 - samples/sec: 86.53 - lr: 0.150000
2020-09-10 14:24:34,209 epoch 2 - iter 510/513 - loss 1.24291266 - samples/sec: 84.29 - lr: 0.150000
2020-09-10 14:24:35,561 ----------------------------------------------------------------------------------------------------
2020-09-10 14:24:35,561 EPOCH 2 done: loss 1.2426 - lr 0.1500000
2020-09-10 14:24:55,195 DEV : loss 1.0566402673721313 - score 0.6659
2020-09-10 14:24:55,425 BAD EPOCHS (no improvement): 0
2020-09-10 14:24:55,436 ----------------------------------------------------------------------------------------------------
2020-09-10 14:25:15,356 epoch 3 - iter 51/513 - loss 0.86189778 - samples/sec: 94.39 - lr: 0.150000
2020-09-10 14:25:34,717 epoch 3 - iter 102/513 - loss 0.82961251 - samples/sec: 85.07 - lr: 0.150000
2020-09-10 14:25:55,044 epoch 3 - iter 153/513 - loss 0.82508994 - samples/sec: 86.85 - lr: 0.150000
2020-09-10 14:26:16,161 epoch 3 - iter 204/513 - loss 0.80365779 - samples/sec: 88.94 - lr: 0.150000
2020-09-10 14:26:36,023 epoch 3 - iter 255/513 - loss 0.77544990 - samples/sec: 82.88 - lr: 0.150000
2020-09-10 14:26:55,790 epoch 3 - iter 306/513 - loss 0.75180425 - samples/sec: 89.08 - lr: 0.150000
2020-09-10 14:27:14,804 epoch 3 - iter 357/513 - loss 0.73736078 - samples/sec: 86.75 - lr: 0.150000
2020-09-10 14:27:35,962 epoch 3 - iter 408/513 - loss 0.70671935 - samples/sec: 83.80 - lr: 0.150000
2020-09-10 14:27:54,430 epoch 3 - iter 459/513 - loss 0.68362242 - samples/sec: 89.32 - lr: 0.150000
2020-09-10 14:28:13,639 epoch 3 - iter 510/513 - loss 0.66300244 - samples/sec: 85.68 - lr: 0.150000
2020-09-10 14:28:15,075 ----------------------------------------------------------------------------------------------------
2020-09-10 14:28:15,075 EPOCH 3 done: loss 0.6617 - lr 0.1500000
2020-09-10 14:28:37,075 DEV : loss 0.40294063091278076 - score 0.9073
2020-09-10 14:28:37,302 BAD EPOCHS (no improvement): 0
2020-09-10 14:28:37,314 ----------------------------------------------------------------------------------------------------
2020-09-10 14:28:56,810 epoch 4 - iter 51/513 - loss 0.40444526 - samples/sec: 88.00 - lr: 0.150000
2020-09-10 14:29:18,470 epoch 4 - iter 102/513 - loss 0.37757635 - samples/sec: 82.88 - lr: 0.150000
2020-09-10 14:29:36,230 epoch 4 - iter 153/513 - loss 0.37347189 - samples/sec: 92.83 - lr: 0.150000
2020-09-10 14:29:56,986 epoch 4 - iter 204/513 - loss 0.35936596 - samples/sec: 86.99 - lr: 0.150000
2020-09-10 14:30:15,755 epoch 4 - iter 255/513 - loss 0.35409705 - samples/sec: 87.97 - lr: 0.150000
2020-09-10 14:30:35,710 epoch 4 - iter 306/513 - loss 0.34871133 - samples/sec: 82.58 - lr: 0.150000
2020-09-10 14:30:56,289 epoch 4 - iter 357/513 - loss 0.33921104 - samples/sec: 86.77 - lr: 0.150000
2020-09-10 14:31:15,342 epoch 4 - iter 408/513 - loss 0.33262465 - samples/sec: 86.52 - lr: 0.150000
2020-09-10 14:31:36,861 epoch 4 - iter 459/513 - loss 0.32709899 - samples/sec: 76.48 - lr: 0.150000
2020-09-10 14:31:55,837 epoch 4 - iter 510/513 - loss 0.31933295 - samples/sec: 86.92 - lr: 0.150000
2020-09-10 14:31:57,105 ----------------------------------------------------------------------------------------------------
2020-09-10 14:31:57,105 EPOCH 4 done: loss 0.3198 - lr 0.1500000
2020-09-10 14:32:16,027 DEV : loss 0.1922113001346588 - score 0.9683
2020-09-10 14:32:16,313 BAD EPOCHS (no improvement): 0
2020-09-10 14:32:16,322 ----------------------------------------------------------------------------------------------------
2020-09-10 14:32:37,473 epoch 5 - iter 51/513 - loss 0.21269809 - samples/sec: 89.43 - lr: 0.150000
2020-09-10 14:32:55,902 epoch 5 - iter 102/513 - loss 0.19294631 - samples/sec: 89.45 - lr: 0.150000
2020-09-10 14:33:16,948 epoch 5 - iter 153/513 - loss 0.19284804 - samples/sec: 84.11 - lr: 0.150000
2020-09-10 14:33:35,080 epoch 5 - iter 204/513 - loss 0.19176746 - samples/sec: 90.81 - lr: 0.150000
2020-09-10 14:33:54,493 epoch 5 - iter 255/513 - loss 0.18748473 - samples/sec: 84.92 - lr: 0.150000
2020-09-10 14:34:14,827 epoch 5 - iter 306/513 - loss 0.18737084 - samples/sec: 86.94 - lr: 0.150000
2020-09-10 14:34:34,194 epoch 5 - iter 357/513 - loss 0.18399676 - samples/sec: 85.02 - lr: 0.150000
2020-09-10 14:34:55,309 epoch 5 - iter 408/513 - loss 0.18210659 - samples/sec: 77.91 - lr: 0.150000
2020-09-10 14:35:13,341 epoch 5 - iter 459/513 - loss 0.18390509 - samples/sec: 91.57 - lr: 0.150000
2020-09-10 14:35:32,435 epoch 5 - iter 510/513 - loss 0.18036673 - samples/sec: 86.42 - lr: 0.150000
2020-09-10 14:35:33,828 ----------------------------------------------------------------------------------------------------
2020-09-10 14:35:33,828 EPOCH 5 done: loss 0.1799 - lr 0.1500000
2020-09-10 14:35:54,826 DEV : loss 0.1314689815044403 - score 0.9805
2020-09-10 14:35:55,228 BAD EPOCHS (no improvement): 0
2020-09-10 14:35:55,237 ----------------------------------------------------------------------------------------------------
2020-09-10 14:36:14,841 epoch 6 - iter 51/513 - loss 0.13732053 - samples/sec: 87.15 - lr: 0.150000
2020-09-10 14:36:34,490 epoch 6 - iter 102/513 - loss 0.13345708 - samples/sec: 91.01 - lr: 0.150000
2020-09-10 14:36:53,012 epoch 6 - iter 153/513 - loss 0.13001575 - samples/sec: 88.99 - lr: 0.150000
2020-09-10 14:37:11,635 epoch 6 - iter 204/513 - loss 0.12806920 - samples/sec: 88.43 - lr: 0.150000
2020-09-10 14:37:32,057 epoch 6 - iter 255/513 - loss 0.12652678 - samples/sec: 86.54 - lr: 0.150000
2020-09-10 14:37:51,639 epoch 6 - iter 306/513 - loss 0.12442927 - samples/sec: 84.26 - lr: 0.150000
2020-09-10 14:38:11,046 epoch 6 - iter 357/513 - loss 0.12467738 - samples/sec: 84.78 - lr: 0.150000
2020-09-10 14:38:29,371 epoch 6 - iter 408/513 - loss 0.12384225 - samples/sec: 89.99 - lr: 0.150000
2020-09-10 14:38:47,891 epoch 6 - iter 459/513 - loss 0.12083104 - samples/sec: 88.91 - lr: 0.150000
2020-09-10 14:39:08,226 epoch 6 - iter 510/513 - loss 0.11948299 - samples/sec: 80.77 - lr: 0.150000
2020-09-10 14:39:09,533 ----------------------------------------------------------------------------------------------------
2020-09-10 14:39:09,533 EPOCH 6 done: loss 0.1193 - lr 0.1500000
2020-09-10 14:39:30,119 DEV : loss 0.08031708002090454 - score 0.9902
2020-09-10 14:39:30,526 BAD EPOCHS (no improvement): 0
2020-09-10 14:39:30,535 ----------------------------------------------------------------------------------------------------
2020-09-10 14:39:52,097 epoch 7 - iter 51/513 - loss 0.08235760 - samples/sec: 78.54 - lr: 0.150000
2020-09-10 14:40:11,166 epoch 7 - iter 102/513 - loss 0.08676580 - samples/sec: 86.45 - lr: 0.150000
2020-09-10 14:40:30,881 epoch 7 - iter 153/513 - loss 0.08972133 - samples/sec: 83.52 - lr: 0.150000
2020-09-10 14:40:51,313 epoch 7 - iter 204/513 - loss 0.08876687 - samples/sec: 85.58 - lr: 0.150000
2020-09-10 14:41:10,852 epoch 7 - iter 255/513 - loss 0.08681417 - samples/sec: 84.31 - lr: 0.150000
2020-09-10 14:41:30,679 epoch 7 - iter 306/513 - loss 0.08726977 - samples/sec: 83.02 - lr: 0.150000
2020-09-10 14:41:50,674 epoch 7 - iter 357/513 - loss 0.08948070 - samples/sec: 82.31 - lr: 0.150000
2020-09-10 14:42:08,840 epoch 7 - iter 408/513 - loss 0.08772262 - samples/sec: 90.82 - lr: 0.150000
2020-09-10 14:42:28,723 epoch 7 - iter 459/513 - loss 0.08611089 - samples/sec: 82.62 - lr: 0.150000
2020-09-10 14:42:47,631 epoch 7 - iter 510/513 - loss 0.08416772 - samples/sec: 87.05 - lr: 0.150000
2020-09-10 14:42:49,002 ----------------------------------------------------------------------------------------------------
2020-09-10 14:42:49,002 EPOCH 7 done: loss 0.0843 - lr 0.1500000
2020-09-10 14:43:11,081 DEV : loss 0.058051928877830505 - score 0.9963
2020-09-10 14:43:11,303 BAD EPOCHS (no improvement): 0
2020-09-10 14:43:11,311 ----------------------------------------------------------------------------------------------------
2020-09-10 14:43:31,027 epoch 8 - iter 51/513 - loss 0.07610890 - samples/sec: 85.43 - lr: 0.150000
2020-09-10 14:43:49,620 epoch 8 - iter 102/513 - loss 0.06956775 - samples/sec: 88.73 - lr: 0.150000
2020-09-10 14:44:09,796 epoch 8 - iter 153/513 - loss 0.06699108 - samples/sec: 81.56 - lr: 0.150000
2020-09-10 14:44:28,817 epoch 8 - iter 204/513 - loss 0.06862987 - samples/sec: 86.54 - lr: 0.150000
2020-09-10 14:44:49,212 epoch 8 - iter 255/513 - loss 0.07101898 - samples/sec: 86.02 - lr: 0.150000
2020-09-10 14:45:08,276 epoch 8 - iter 306/513 - loss 0.07023036 - samples/sec: 86.53 - lr: 0.150000
2020-09-10 14:45:27,473 epoch 8 - iter 357/513 - loss 0.06972701 - samples/sec: 85.79 - lr: 0.150000
2020-09-10 14:45:47,774 epoch 8 - iter 408/513 - loss 0.06762988 - samples/sec: 87.67 - lr: 0.150000
2020-09-10 14:46:08,150 epoch 8 - iter 459/513 - loss 0.06677694 - samples/sec: 80.82 - lr: 0.150000
2020-09-10 14:46:28,580 epoch 8 - iter 510/513 - loss 0.06610443 - samples/sec: 80.52 - lr: 0.150000
2020-09-10 14:46:29,760 ----------------------------------------------------------------------------------------------------
2020-09-10 14:46:29,760 EPOCH 8 done: loss 0.0659 - lr 0.1500000
2020-09-10 14:46:49,686 DEV : loss 0.040929824113845825 - score 0.9988
2020-09-10 14:46:49,913 BAD EPOCHS (no improvement): 0
2020-09-10 14:46:49,922 ----------------------------------------------------------------------------------------------------
2020-09-10 14:47:08,915 epoch 9 - iter 51/513 - loss 0.05360203 - samples/sec: 88.70 - lr: 0.150000
2020-09-10 14:47:29,810 epoch 9 - iter 102/513 - loss 0.05082666 - samples/sec: 87.17 - lr: 0.150000
2020-09-10 14:47:49,073 epoch 9 - iter 153/513 - loss 0.05032760 - samples/sec: 85.46 - lr: 0.150000
2020-09-10 14:48:09,463 epoch 9 - iter 204/513 - loss 0.04980760 - samples/sec: 88.23 - lr: 0.150000
2020-09-10 14:48:27,950 epoch 9 - iter 255/513 - loss 0.04947248 - samples/sec: 89.17 - lr: 0.150000
2020-09-10 14:48:47,519 epoch 9 - iter 306/513 - loss 0.04841835 - samples/sec: 84.21 - lr: 0.150000
2020-09-10 14:49:08,077 epoch 9 - iter 357/513 - loss 0.05003805 - samples/sec: 86.85 - lr: 0.150000
2020-09-10 14:49:26,868 epoch 9 - iter 408/513 - loss 0.05010546 - samples/sec: 87.57 - lr: 0.150000
2020-09-10 14:49:48,328 epoch 9 - iter 459/513 - loss 0.05014145 - samples/sec: 83.18 - lr: 0.150000
2020-09-10 14:50:06,730 epoch 9 - iter 510/513 - loss 0.05065814 - samples/sec: 89.63 - lr: 0.150000
2020-09-10 14:50:08,167 ----------------------------------------------------------------------------------------------------
2020-09-10 14:50:08,168 EPOCH 9 done: loss 0.0508 - lr 0.1500000
2020-09-10 14:50:27,041 DEV : loss 0.03386310487985611 - score 0.997
2020-09-10 14:50:28,946 BAD EPOCHS (no improvement): 1
2020-09-10 14:50:28,956 ----------------------------------------------------------------------------------------------------
2020-09-10 14:50:48,691 epoch 10 - iter 51/513 - loss 0.04795739 - samples/sec: 85.66 - lr: 0.150000
2020-09-10 14:51:07,811 epoch 10 - iter 102/513 - loss 0.04398251 - samples/sec: 86.29 - lr: 0.150000
2020-09-10 14:51:29,497 epoch 10 - iter 153/513 - loss 0.04621268 - samples/sec: 81.91 - lr: 0.150000
2020-09-10 14:51:48,691 epoch 10 - iter 204/513 - loss 0.04460846 - samples/sec: 85.83 - lr: 0.150000
2020-09-10 14:52:09,085 epoch 10 - iter 255/513 - loss 0.04297581 - samples/sec: 86.90 - lr: 0.150000
2020-09-10 14:52:27,088 epoch 10 - iter 306/513 - loss 0.04349497 - samples/sec: 91.53 - lr: 0.150000
2020-09-10 14:52:46,656 epoch 10 - iter 357/513 - loss 0.04382131 - samples/sec: 84.19 - lr: 0.150000
2020-09-10 14:53:07,243 epoch 10 - iter 408/513 - loss 0.04363633 - samples/sec: 79.92 - lr: 0.150000
2020-09-10 14:53:26,645 epoch 10 - iter 459/513 - loss 0.04291021 - samples/sec: 84.90 - lr: 0.150000
2020-09-10 14:53:44,872 epoch 10 - iter 510/513 - loss 0.04238753 - samples/sec: 90.37 - lr: 0.150000
2020-09-10 14:53:47,441 ----------------------------------------------------------------------------------------------------
2020-09-10 14:53:47,441 EPOCH 10 done: loss 0.0424 - lr 0.1500000
2020-09-10 14:54:07,218 DEV : loss 0.03229423984885216 - score 0.997
2020-09-10 14:54:07,450 BAD EPOCHS (no improvement): 2
2020-09-10 14:54:07,463 ----------------------------------------------------------------------------------------------------
2020-09-10 14:54:27,954 epoch 11 - iter 51/513 - loss 0.03086268 - samples/sec: 82.16 - lr: 0.150000
2020-09-10 14:54:49,420 epoch 11 - iter 102/513 - loss 0.03641676 - samples/sec: 84.28 - lr: 0.150000
2020-09-10 14:55:09,175 epoch 11 - iter 153/513 - loss 0.03753839 - samples/sec: 83.35 - lr: 0.150000
2020-09-10 14:55:29,840 epoch 11 - iter 204/513 - loss 0.03597672 - samples/sec: 85.79 - lr: 0.150000
2020-09-10 14:55:48,938 epoch 11 - iter 255/513 - loss 0.03574319 - samples/sec: 86.42 - lr: 0.150000
2020-09-10 14:56:07,935 epoch 11 - iter 306/513 - loss 0.03416254 - samples/sec: 86.72 - lr: 0.150000
2020-09-10 14:56:27,996 epoch 11 - iter 357/513 - loss 0.03458320 - samples/sec: 82.02 - lr: 0.150000
2020-09-10 14:56:46,449 epoch 11 - iter 408/513 - loss 0.03470126 - samples/sec: 89.26 - lr: 0.150000
2020-09-10 14:57:06,804 epoch 11 - iter 459/513 - loss 0.03440876 - samples/sec: 87.97 - lr: 0.150000
2020-09-10 14:57:26,260 epoch 11 - iter 510/513 - loss 0.03500777 - samples/sec: 84.67 - lr: 0.150000
2020-09-10 14:57:27,505 ----------------------------------------------------------------------------------------------------
2020-09-10 14:57:27,505 EPOCH 11 done: loss 0.0349 - lr 0.1500000
2020-09-10 14:57:46,968 DEV : loss 0.022315580397844315 - score 0.9988
2020-09-10 14:57:48,907 BAD EPOCHS (no improvement): 0
2020-09-10 14:57:48,918 ----------------------------------------------------------------------------------------------------
2020-09-10 14:58:09,178 epoch 12 - iter 51/513 - loss 0.02393030 - samples/sec: 83.87 - lr: 0.150000
2020-09-10 14:58:28,041 epoch 12 - iter 102/513 - loss 0.02870040 - samples/sec: 87.68 - lr: 0.150000
2020-09-10 14:58:49,070 epoch 12 - iter 153/513 - loss 0.03035346 - samples/sec: 78.16 - lr: 0.150000
2020-09-10 14:59:07,825 epoch 12 - iter 204/513 - loss 0.02991707 - samples/sec: 87.93 - lr: 0.150000
2020-09-10 14:59:26,720 epoch 12 - iter 255/513 - loss 0.02998906 - samples/sec: 87.03 - lr: 0.150000
2020-09-10 14:59:46,918 epoch 12 - iter 306/513 - loss 0.02999302 - samples/sec: 87.74 - lr: 0.150000
2020-09-10 15:00:05,950 epoch 12 - iter 357/513 - loss 0.02980110 - samples/sec: 86.55 - lr: 0.150000
2020-09-10 15:00:26,320 epoch 12 - iter 408/513 - loss 0.02967087 - samples/sec: 87.19 - lr: 0.150000
2020-09-10 15:00:46,800 epoch 12 - iter 459/513 - loss 0.02944707 - samples/sec: 80.39 - lr: 0.150000
2020-09-10 15:01:07,868 epoch 12 - iter 510/513 - loss 0.03021843 - samples/sec: 83.57 - lr: 0.150000
2020-09-10 15:01:09,320 ----------------------------------------------------------------------------------------------------
2020-09-10 15:01:09,321 EPOCH 12 done: loss 0.0302 - lr 0.1500000
2020-09-10 15:01:30,264 DEV : loss 0.02142372354865074 - score 0.9988
2020-09-10 15:01:30,498 BAD EPOCHS (no improvement): 0
2020-09-10 15:01:31,496 ----------------------------------------------------------------------------------------------------
2020-09-10 15:01:51,709 epoch 13 - iter 51/513 - loss 0.02402043 - samples/sec: 84.06 - lr: 0.150000
2020-09-10 15:02:11,532 epoch 13 - iter 102/513 - loss 0.02873870 - samples/sec: 83.09 - lr: 0.150000
2020-09-10 15:02:31,914 epoch 13 - iter 153/513 - loss 0.02744463 - samples/sec: 80.84 - lr: 0.150000
2020-09-10 15:02:52,079 epoch 13 - iter 204/513 - loss 0.02854742 - samples/sec: 88.23 - lr: 0.150000
2020-09-10 15:03:10,969 epoch 13 - iter 255/513 - loss 0.02747195 - samples/sec: 87.37 - lr: 0.150000
2020-09-10 15:03:30,318 epoch 13 - iter 306/513 - loss 0.02665867 - samples/sec: 85.11 - lr: 0.150000
2020-09-10 15:03:50,007 epoch 13 - iter 357/513 - loss 0.02607588 - samples/sec: 90.37 - lr: 0.150000
2020-09-10 15:04:08,125 epoch 13 - iter 408/513 - loss 0.02654569 - samples/sec: 91.07 - lr: 0.150000
2020-09-10 15:04:28,201 epoch 13 - iter 459/513 - loss 0.02598646 - samples/sec: 88.30 - lr: 0.150000
2020-09-10 15:04:47,789 epoch 13 - iter 510/513 - loss 0.02580176 - samples/sec: 84.30 - lr: 0.150000
2020-09-10 15:04:48,982 ----------------------------------------------------------------------------------------------------
2020-09-10 15:04:48,982 EPOCH 13 done: loss 0.0258 - lr 0.1500000
2020-09-10 15:05:09,291 DEV : loss 0.015874642878770828 - score 0.9988
2020-09-10 15:05:09,658 BAD EPOCHS (no improvement): 0
2020-09-10 15:05:09,668 ----------------------------------------------------------------------------------------------------
2020-09-10 15:05:31,658 epoch 14 - iter 51/513 - loss 0.02008302 - samples/sec: 86.13 - lr: 0.150000
2020-09-10 15:05:51,482 epoch 14 - iter 102/513 - loss 0.02422453 - samples/sec: 83.17 - lr: 0.150000
2020-09-10 15:06:11,890 epoch 14 - iter 153/513 - loss 0.02263517 - samples/sec: 87.37 - lr: 0.150000
2020-09-10 15:06:30,876 epoch 14 - iter 204/513 - loss 0.02157030 - samples/sec: 86.70 - lr: 0.150000
2020-09-10 15:06:49,951 epoch 14 - iter 255/513 - loss 0.02168279 - samples/sec: 86.29 - lr: 0.150000
2020-09-10 15:07:11,005 epoch 14 - iter 306/513 - loss 0.02187101 - samples/sec: 78.13 - lr: 0.150000
2020-09-10 15:07:30,159 epoch 14 - iter 357/513 - loss 0.02199696 - samples/sec: 85.96 - lr: 0.150000
2020-09-10 15:07:49,760 epoch 14 - iter 408/513 - loss 0.02177687 - samples/sec: 89.52 - lr: 0.150000
2020-09-10 15:08:08,345 epoch 14 - iter 459/513 - loss 0.02251799 - samples/sec: 88.62 - lr: 0.150000
2020-09-10 15:08:27,502 epoch 14 - iter 510/513 - loss 0.02264288 - samples/sec: 85.95 - lr: 0.150000
2020-09-10 15:08:28,741 ----------------------------------------------------------------------------------------------------
2020-09-10 15:08:28,741 EPOCH 14 done: loss 0.0226 - lr 0.1500000
2020-09-10 15:08:50,574 DEV : loss 0.014487657696008682 - score 0.9994
2020-09-10 15:08:51,064 BAD EPOCHS (no improvement): 0
2020-09-10 15:08:51,085 ----------------------------------------------------------------------------------------------------
2020-09-10 15:09:10,381 epoch 15 - iter 51/513 - loss 0.01739950 - samples/sec: 88.11 - lr: 0.150000
2020-09-10 15:09:30,525 epoch 15 - iter 102/513 - loss 0.01882006 - samples/sec: 81.70 - lr: 0.150000
2020-09-10 15:09:49,184 epoch 15 - iter 153/513 - loss 0.01890810 - samples/sec: 88.42 - lr: 0.150000
2020-09-10 15:10:09,253 epoch 15 - iter 204/513 - loss 0.01988026 - samples/sec: 82.16 - lr: 0.150000
2020-09-10 15:10:29,891 epoch 15 - iter 255/513 - loss 0.01978215 - samples/sec: 79.77 - lr: 0.150000
2020-09-10 15:10:48,634 epoch 15 - iter 306/513 - loss 0.01974795 - samples/sec: 87.81 - lr: 0.150000
2020-09-10 15:11:08,822 epoch 15 - iter 357/513 - loss 0.01991639 - samples/sec: 87.93 - lr: 0.150000
2020-09-10 15:11:27,165 epoch 15 - iter 408/513 - loss 0.01989851 - samples/sec: 90.05 - lr: 0.150000
2020-09-10 15:11:46,352 epoch 15 - iter 459/513 - loss 0.01998186 - samples/sec: 85.85 - lr: 0.150000
2020-09-10 15:12:07,451 epoch 15 - iter 510/513 - loss 0.02005625 - samples/sec: 83.40 - lr: 0.150000
2020-09-10 15:12:08,733 ----------------------------------------------------------------------------------------------------
2020-09-10 15:12:08,733 EPOCH 15 done: loss 0.0200 - lr 0.1500000
2020-09-10 15:12:28,354 DEV : loss 0.013279004953801632 - score 0.9988
2020-09-10 15:12:28,598 BAD EPOCHS (no improvement): 1
2020-09-10 15:12:28,607 ----------------------------------------------------------------------------------------------------
2020-09-10 15:12:50,321 epoch 16 - iter 51/513 - loss 0.01642723 - samples/sec: 77.80 - lr: 0.150000
2020-09-10 15:13:08,671 epoch 16 - iter 102/513 - loss 0.01573579 - samples/sec: 89.78 - lr: 0.150000
2020-09-10 15:13:27,518 epoch 16 - iter 153/513 - loss 0.01661477 - samples/sec: 87.34 - lr: 0.150000
2020-09-10 15:13:47,565 epoch 16 - iter 204/513 - loss 0.01712616 - samples/sec: 82.17 - lr: 0.150000
2020-09-10 15:14:06,662 epoch 16 - iter 255/513 - loss 0.01790993 - samples/sec: 86.32 - lr: 0.150000
2020-09-10 15:14:26,944 epoch 16 - iter 306/513 - loss 0.01766508 - samples/sec: 81.03 - lr: 0.150000
2020-09-10 15:14:47,135 epoch 16 - iter 357/513 - loss 0.01787681 - samples/sec: 81.59 - lr: 0.150000
2020-09-10 15:15:05,528 epoch 16 - iter 408/513 - loss 0.01826367 - samples/sec: 89.39 - lr: 0.150000
2020-09-10 15:15:26,564 epoch 16 - iter 459/513 - loss 0.01817778 - samples/sec: 84.78 - lr: 0.150000
2020-09-10 15:15:45,544 epoch 16 - iter 510/513 - loss 0.01839965 - samples/sec: 86.74 - lr: 0.150000
2020-09-10 15:15:49,277 ----------------------------------------------------------------------------------------------------
2020-09-10 15:15:49,277 EPOCH 16 done: loss 0.0184 - lr 0.1500000
2020-09-10 15:16:10,982 DEV : loss 0.011685269884765148 - score 0.9994
2020-09-10 15:16:11,209 BAD EPOCHS (no improvement): 0
2020-09-10 15:16:11,221 ----------------------------------------------------------------------------------------------------
2020-09-10 15:16:30,781 epoch 17 - iter 51/513 - loss 0.01536614 - samples/sec: 86.10 - lr: 0.150000
2020-09-10 15:16:51,077 epoch 17 - iter 102/513 - loss 0.01473719 - samples/sec: 86.93 - lr: 0.150000
2020-09-10 15:17:10,027 epoch 17 - iter 153/513 - loss 0.01625100 - samples/sec: 87.04 - lr: 0.150000
2020-09-10 15:17:30,172 epoch 17 - iter 204/513 - loss 0.01611880 - samples/sec: 81.80 - lr: 0.150000
2020-09-10 15:17:50,521 epoch 17 - iter 255/513 - loss 0.01604083 - samples/sec: 80.82 - lr: 0.150000
2020-09-10 15:18:10,450 epoch 17 - iter 306/513 - loss 0.01577433 - samples/sec: 82.70 - lr: 0.150000
2020-09-10 15:18:29,410 epoch 17 - iter 357/513 - loss 0.01558441 - samples/sec: 86.74 - lr: 0.150000
2020-09-10 15:18:49,684 epoch 17 - iter 408/513 - loss 0.01531475 - samples/sec: 86.49 - lr: 0.150000
2020-09-10 15:19:09,365 epoch 17 - iter 459/513 - loss 0.01583408 - samples/sec: 83.75 - lr: 0.150000
2020-09-10 15:19:30,247 epoch 17 - iter 510/513 - loss 0.01574216 - samples/sec: 78.73 - lr: 0.150000
2020-09-10 15:19:31,630 ----------------------------------------------------------------------------------------------------
2020-09-10 15:19:31,630 EPOCH 17 done: loss 0.0157 - lr 0.1500000
2020-09-10 15:19:52,455 DEV : loss 0.01085182186216116 - score 0.9988
2020-09-10 15:19:52,691 BAD EPOCHS (no improvement): 1
2020-09-10 15:19:52,697 ----------------------------------------------------------------------------------------------------
2020-09-10 15:20:13,570 epoch 18 - iter 51/513 - loss 0.01694011 - samples/sec: 86.83 - lr: 0.150000
2020-09-10 15:20:32,778 epoch 18 - iter 102/513 - loss 0.01554426 - samples/sec: 85.83 - lr: 0.150000
2020-09-10 15:20:52,688 epoch 18 - iter 153/513 - loss 0.01562874 - samples/sec: 82.61 - lr: 0.150000
2020-09-10 15:21:13,778 epoch 18 - iter 204/513 - loss 0.01549691 - samples/sec: 83.61 - lr: 0.150000
2020-09-10 15:21:33,031 epoch 18 - iter 255/513 - loss 0.01525994 - samples/sec: 85.53 - lr: 0.150000
2020-09-10 15:21:53,917 epoch 18 - iter 306/513 - loss 0.01521520 - samples/sec: 85.27 - lr: 0.150000
2020-09-10 15:22:13,312 epoch 18 - iter 357/513 - loss 0.01475172 - samples/sec: 84.92 - lr: 0.150000
2020-09-10 15:22:32,779 epoch 18 - iter 408/513 - loss 0.01442951 - samples/sec: 84.64 - lr: 0.150000
2020-09-10 15:22:53,277 epoch 18 - iter 459/513 - loss 0.01431070 - samples/sec: 86.82 - lr: 0.150000
2020-09-10 15:23:11,742 epoch 18 - iter 510/513 - loss 0.01441153 - samples/sec: 89.38 - lr: 0.150000
2020-09-10 15:23:13,168 ----------------------------------------------------------------------------------------------------
2020-09-10 15:23:13,168 EPOCH 18 done: loss 0.0145 - lr 0.1500000
2020-09-10 15:23:34,499 DEV : loss 0.01199118047952652 - score 0.9988
2020-09-10 15:23:34,728 BAD EPOCHS (no improvement): 2
2020-09-10 15:23:34,736 ----------------------------------------------------------------------------------------------------
2020-09-10 15:23:53,908 epoch 19 - iter 51/513 - loss 0.01234458 - samples/sec: 88.02 - lr: 0.150000
2020-09-10 15:24:11,961 epoch 19 - iter 102/513 - loss 0.01261171 - samples/sec: 91.48 - lr: 0.150000
2020-09-10 15:24:32,732 epoch 19 - iter 153/513 - loss 0.01291493 - samples/sec: 86.08 - lr: 0.150000
2020-09-10 15:24:51,933 epoch 19 - iter 204/513 - loss 0.01341312 - samples/sec: 85.83 - lr: 0.150000
2020-09-10 15:25:12,355 epoch 19 - iter 255/513 - loss 0.01307208 - samples/sec: 86.24 - lr: 0.150000
2020-09-10 15:25:31,342 epoch 19 - iter 306/513 - loss 0.01268496 - samples/sec: 86.76 - lr: 0.150000
2020-09-10 15:25:50,864 epoch 19 - iter 357/513 - loss 0.01275697 - samples/sec: 84.30 - lr: 0.150000
2020-09-10 15:26:10,291 epoch 19 - iter 408/513 - loss 0.01271811 - samples/sec: 84.65 - lr: 0.150000
2020-09-10 15:26:30,331 epoch 19 - iter 459/513 - loss 0.01281739 - samples/sec: 82.27 - lr: 0.150000
2020-09-10 15:26:52,148 epoch 19 - iter 510/513 - loss 0.01301938 - samples/sec: 80.49 - lr: 0.150000
2020-09-10 15:26:53,571 ----------------------------------------------------------------------------------------------------
2020-09-10 15:26:53,572 EPOCH 19 done: loss 0.0130 - lr 0.1500000
2020-09-10 15:27:12,841 DEV : loss 0.009332521818578243 - score 0.9988
2020-09-10 15:27:13,248 BAD EPOCHS (no improvement): 3
2020-09-10 15:27:13,258 ----------------------------------------------------------------------------------------------------
2020-09-10 15:27:32,877 epoch 20 - iter 51/513 - loss 0.01135382 - samples/sec: 87.14 - lr: 0.150000
2020-09-10 15:27:53,375 epoch 20 - iter 102/513 - loss 0.01241552 - samples/sec: 87.14 - lr: 0.150000
2020-09-10 15:28:11,927 epoch 20 - iter 153/513 - loss 0.01308065 - samples/sec: 89.06 - lr: 0.150000
2020-09-10 15:28:32,271 epoch 20 - iter 204/513 - loss 0.01287646 - samples/sec: 80.76 - lr: 0.150000
2020-09-10 15:28:51,078 epoch 20 - iter 255/513 - loss 0.02164167 - samples/sec: 87.62 - lr: 0.150000
2020-09-10 15:29:10,311 epoch 20 - iter 306/513 - loss 0.02144109 - samples/sec: 85.61 - lr: 0.150000
2020-09-10 15:29:30,855 epoch 20 - iter 357/513 - loss 0.02089514 - samples/sec: 86.03 - lr: 0.150000
2020-09-10 15:29:50,077 epoch 20 - iter 408/513 - loss 0.01990566 - samples/sec: 85.79 - lr: 0.150000
2020-09-10 15:30:10,951 epoch 20 - iter 459/513 - loss 0.01931912 - samples/sec: 84.48 - lr: 0.150000
2020-09-10 15:30:30,696 epoch 20 - iter 510/513 - loss 0.01880196 - samples/sec: 83.33 - lr: 0.150000
2020-09-10 15:30:32,097 ----------------------------------------------------------------------------------------------------
2020-09-10 15:30:32,098 EPOCH 20 done: loss 0.0188 - lr 0.1500000
2020-09-10 15:30:52,828 DEV : loss 0.008402004837989807 - score 1.0
2020-09-10 15:30:53,190 BAD EPOCHS (no improvement): 0
2020-09-10 15:30:53,199 ----------------------------------------------------------------------------------------------------
2020-09-10 15:31:15,524 epoch 21 - iter 51/513 - loss 0.01124606 - samples/sec: 75.68 - lr: 0.150000
2020-09-10 15:31:34,739 epoch 21 - iter 102/513 - loss 0.01125955 - samples/sec: 85.78 - lr: 0.150000
2020-09-10 15:31:54,930 epoch 21 - iter 153/513 - loss 0.01159730 - samples/sec: 87.61 - lr: 0.150000
2020-09-10 15:32:13,952 epoch 21 - iter 204/513 - loss 0.01169228 - samples/sec: 86.70 - lr: 0.150000
2020-09-10 15:32:33,123 epoch 21 - iter 255/513 - loss 0.01170072 - samples/sec: 85.94 - lr: 0.150000
2020-09-10 15:32:53,260 epoch 21 - iter 306/513 - loss 0.01187552 - samples/sec: 87.10 - lr: 0.150000
2020-09-10 15:33:13,592 epoch 21 - iter 357/513 - loss 0.01182263 - samples/sec: 86.16 - lr: 0.150000
2020-09-10 15:33:39,141 epoch 21 - iter 408/513 - loss 0.01178157 - samples/sec: 83.20 - lr: 0.150000
2020-09-10 15:33:59,214 epoch 21 - iter 459/513 - loss 0.01198438 - samples/sec: 89.12 - lr: 0.150000
2020-09-10 15:34:17,824 epoch 21 - iter 510/513 - loss 0.01196505 - samples/sec: 88.39 - lr: 0.150000
2020-09-10 15:34:19,278 ----------------------------------------------------------------------------------------------------
2020-09-10 15:34:19,278 EPOCH 21 done: loss 0.0120 - lr 0.1500000
2020-09-10 15:34:40,863 DEV : loss 0.007709243334829807 - score 0.9994
2020-09-10 15:34:41,184 BAD EPOCHS (no improvement): 1
2020-09-10 15:34:41,619 ----------------------------------------------------------------------------------------------------
2020-09-10 15:35:01,328 epoch 22 - iter 51/513 - loss 0.01307193 - samples/sec: 86.45 - lr: 0.150000
2020-09-10 15:35:22,799 epoch 22 - iter 102/513 - loss 0.01230866 - samples/sec: 76.68 - lr: 0.150000
2020-09-10 15:35:40,955 epoch 22 - iter 153/513 - loss 0.01187585 - samples/sec: 90.90 - lr: 0.150000
2020-09-10 15:35:59,821 epoch 22 - iter 204/513 - loss 0.01172978 - samples/sec: 87.22 - lr: 0.150000
2020-09-10 15:36:19,035 epoch 22 - iter 255/513 - loss 0.01170381 - samples/sec: 85.67 - lr: 0.150000
2020-09-10 15:36:38,603 epoch 22 - iter 306/513 - loss 0.01126260 - samples/sec: 84.32 - lr: 0.150000
2020-09-10 15:36:59,503 epoch 22 - iter 357/513 - loss 0.01098835 - samples/sec: 84.82 - lr: 0.150000
2020-09-10 15:37:18,767 epoch 22 - iter 408/513 - loss 0.01107275 - samples/sec: 85.46 - lr: 0.150000
2020-09-10 15:37:38,110 epoch 22 - iter 459/513 - loss 0.01094016 - samples/sec: 85.24 - lr: 0.150000
2020-09-10 15:37:58,747 epoch 22 - iter 510/513 - loss 0.01095347 - samples/sec: 84.57 - lr: 0.150000
2020-09-10 15:38:00,108 ----------------------------------------------------------------------------------------------------
2020-09-10 15:38:00,108 EPOCH 22 done: loss 0.0110 - lr 0.1500000
2020-09-10 15:38:19,737 DEV : loss 0.007320916745811701 - score 0.9994
2020-09-10 15:38:20,116 BAD EPOCHS (no improvement): 2
2020-09-10 15:38:20,124 ----------------------------------------------------------------------------------------------------
2020-09-10 15:38:41,302 epoch 23 - iter 51/513 - loss 0.00922336 - samples/sec: 80.05 - lr: 0.150000
2020-09-10 15:38:59,952 epoch 23 - iter 102/513 - loss 0.00928892 - samples/sec: 88.40 - lr: 0.150000
2020-09-10 15:39:19,641 epoch 23 - iter 153/513 - loss 0.00903019 - samples/sec: 83.58 - lr: 0.150000
2020-09-10 15:39:40,173 epoch 23 - iter 204/513 - loss 0.00997067 - samples/sec: 86.19 - lr: 0.150000
2020-09-10 15:39:59,589 epoch 23 - iter 255/513 - loss 0.01000071 - samples/sec: 84.84 - lr: 0.150000
2020-09-10 15:40:20,719 epoch 23 - iter 306/513 - loss 0.01005330 - samples/sec: 77.86 - lr: 0.150000
2020-09-10 15:40:40,039 epoch 23 - iter 357/513 - loss 0.00990629 - samples/sec: 85.15 - lr: 0.150000
2020-09-10 15:40:59,846 epoch 23 - iter 408/513 - loss 0.00982063 - samples/sec: 83.05 - lr: 0.150000
2020-09-10 15:41:20,677 epoch 23 - iter 459/513 - loss 0.01005385 - samples/sec: 84.48 - lr: 0.150000
2020-09-10 15:41:39,794 epoch 23 - iter 510/513 - loss 0.00996588 - samples/sec: 86.19 - lr: 0.150000
2020-09-10 15:41:41,156 ----------------------------------------------------------------------------------------------------
2020-09-10 15:41:41,156 EPOCH 23 done: loss 0.0100 - lr 0.1500000
2020-09-10 15:42:03,551 DEV : loss 0.006847619079053402 - score 0.9994
2020-09-10 15:42:03,921 BAD EPOCHS (no improvement): 3
2020-09-10 15:42:03,928 ----------------------------------------------------------------------------------------------------
2020-09-10 15:42:24,659 epoch 24 - iter 51/513 - loss 0.01036732 - samples/sec: 82.40 - lr: 0.150000
2020-09-10 15:42:45,474 epoch 24 - iter 102/513 - loss 0.00968745 - samples/sec: 86.92 - lr: 0.150000
2020-09-10 15:43:03,236 epoch 24 - iter 153/513 - loss 0.00945267 - samples/sec: 92.89 - lr: 0.150000
2020-09-10 15:43:22,810 epoch 24 - iter 204/513 - loss 0.00933304 - samples/sec: 84.15 - lr: 0.150000
2020-09-10 15:43:42,616 epoch 24 - iter 255/513 - loss 0.00969701 - samples/sec: 88.64 - lr: 0.150000
2020-09-10 15:44:01,515 epoch 24 - iter 306/513 - loss 0.00956173 - samples/sec: 87.25 - lr: 0.150000
2020-09-10 15:44:20,958 epoch 24 - iter 357/513 - loss 0.00970190 - samples/sec: 84.63 - lr: 0.150000
2020-09-10 15:44:42,139 epoch 24 - iter 408/513 - loss 0.00957743 - samples/sec: 83.50 - lr: 0.150000
2020-09-10 15:45:00,786 epoch 24 - iter 459/513 - loss 0.00950490 - samples/sec: 88.31 - lr: 0.150000
2020-09-10 15:45:21,264 epoch 24 - iter 510/513 - loss 0.00940986 - samples/sec: 85.30 - lr: 0.150000
2020-09-10 15:45:22,533 ----------------------------------------------------------------------------------------------------
2020-09-10 15:45:22,534 EPOCH 24 done: loss 0.0094 - lr 0.1500000
2020-09-10 15:45:42,406 DEV : loss 0.006173238158226013 - score 0.9994
2020-09-10 15:45:42,641 BAD EPOCHS (no improvement): 4
2020-09-10 15:45:42,650 ----------------------------------------------------------------------------------------------------
2020-09-10 15:46:05,442 epoch 25 - iter 51/513 - loss 0.00823836 - samples/sec: 80.22 - lr: 0.075000
2020-09-10 15:46:24,118 epoch 25 - iter 102/513 - loss 0.00818407 - samples/sec: 88.36 - lr: 0.075000
2020-09-10 15:46:43,193 epoch 25 - iter 153/513 - loss 0.00784657 - samples/sec: 86.31 - lr: 0.075000
2020-09-10 15:47:03,855 epoch 25 - iter 204/513 - loss 0.00784148 - samples/sec: 86.55 - lr: 0.075000
2020-09-10 15:47:23,167 epoch 25 - iter 255/513 - loss 0.00792380 - samples/sec: 85.29 - lr: 0.075000
2020-09-10 15:47:44,484 epoch 25 - iter 306/513 - loss 0.00784212 - samples/sec: 83.41 - lr: 0.075000
2020-09-10 15:48:03,341 epoch 25 - iter 357/513 - loss 0.00801252 - samples/sec: 87.52 - lr: 0.075000
2020-09-10 15:48:22,942 epoch 25 - iter 408/513 - loss 0.00812711 - samples/sec: 84.09 - lr: 0.075000
2020-09-10 15:48:43,659 epoch 25 - iter 459/513 - loss 0.00813902 - samples/sec: 85.21 - lr: 0.075000
2020-09-10 15:49:02,764 epoch 25 - iter 510/513 - loss 0.00836342 - samples/sec: 86.43 - lr: 0.075000
2020-09-10 15:49:04,058 ----------------------------------------------------------------------------------------------------
2020-09-10 15:49:04,058 EPOCH 25 done: loss 0.0084 - lr 0.0750000
2020-09-10 15:49:24,142 DEV : loss 0.005966275930404663 - score 0.9994
2020-09-10 15:49:24,369 BAD EPOCHS (no improvement): 1
2020-09-10 15:49:24,380 ----------------------------------------------------------------------------------------------------
2020-09-10 15:49:44,062 epoch 26 - iter 51/513 - loss 0.00883225 - samples/sec: 86.10 - lr: 0.075000
2020-09-10 15:50:03,353 epoch 26 - iter 102/513 - loss 0.00821160 - samples/sec: 85.53 - lr: 0.075000
2020-09-10 15:50:24,546 epoch 26 - iter 153/513 - loss 0.00931888 - samples/sec: 77.69 - lr: 0.075000
2020-09-10 15:50:43,353 epoch 26 - iter 204/513 - loss 0.00910562 - samples/sec: 87.62 - lr: 0.075000
2020-09-10 15:51:04,473 epoch 26 - iter 255/513 - loss 0.00882733 - samples/sec: 83.68 - lr: 0.075000
2020-09-10 15:51:23,018 epoch 26 - iter 306/513 - loss 0.00876647 - samples/sec: 88.76 - lr: 0.075000
2020-09-10 15:51:42,004 epoch 26 - iter 357/513 - loss 0.00859468 - samples/sec: 86.67 - lr: 0.075000
2020-09-10 15:52:03,470 epoch 26 - iter 408/513 - loss 0.00843131 - samples/sec: 82.55 - lr: 0.075000
2020-09-10 15:52:23,100 epoch 26 - iter 459/513 - loss 0.00843937 - samples/sec: 83.94 - lr: 0.075000
2020-09-10 15:52:43,475 epoch 26 - iter 510/513 - loss 0.00837217 - samples/sec: 80.78 - lr: 0.075000
2020-09-10 15:52:44,796 ----------------------------------------------------------------------------------------------------
2020-09-10 15:52:44,796 EPOCH 26 done: loss 0.0084 - lr 0.0750000
2020-09-10 15:53:06,006 DEV : loss 0.005607966333627701 - score 1.0
2020-09-10 15:53:06,414 BAD EPOCHS (no improvement): 0
2020-09-10 15:53:06,427 ----------------------------------------------------------------------------------------------------
2020-09-10 15:53:26,957 epoch 27 - iter 51/513 - loss 0.00767283 - samples/sec: 83.39 - lr: 0.075000
2020-09-10 15:53:45,872 epoch 27 - iter 102/513 - loss 0.00758177 - samples/sec: 87.13 - lr: 0.075000
2020-09-10 15:54:04,569 epoch 27 - iter 153/513 - loss 0.00765182 - samples/sec: 88.13 - lr: 0.075000
2020-09-10 15:54:24,790 epoch 27 - iter 204/513 - loss 0.00743739 - samples/sec: 87.30 - lr: 0.075000
2020-09-10 15:54:44,163 epoch 27 - iter 255/513 - loss 0.00769384 - samples/sec: 85.07 - lr: 0.075000
2020-09-10 15:55:02,937 epoch 27 - iter 306/513 - loss 0.00754174 - samples/sec: 87.59 - lr: 0.075000
2020-09-10 15:55:22,940 epoch 27 - iter 357/513 - loss 0.00772790 - samples/sec: 82.33 - lr: 0.075000
2020-09-10 15:55:43,004 epoch 27 - iter 408/513 - loss 0.00777726 - samples/sec: 82.20 - lr: 0.075000
2020-09-10 15:56:04,128 epoch 27 - iter 459/513 - loss 0.00794236 - samples/sec: 77.75 - lr: 0.075000
2020-09-10 15:56:24,145 epoch 27 - iter 510/513 - loss 0.00798743 - samples/sec: 82.32 - lr: 0.075000
2020-09-10 15:56:25,425 ----------------------------------------------------------------------------------------------------
2020-09-10 15:56:25,425 EPOCH 27 done: loss 0.0080 - lr 0.0750000
2020-09-10 15:56:47,509 DEV : loss 0.005396802444010973 - score 1.0
2020-09-10 15:56:47,736 BAD EPOCHS (no improvement): 0
2020-09-10 15:56:47,743 ----------------------------------------------------------------------------------------------------
2020-09-10 15:57:07,280 epoch 28 - iter 51/513 - loss 0.00831028 - samples/sec: 86.53 - lr: 0.075000
2020-09-10 15:57:26,478 epoch 28 - iter 102/513 - loss 0.00803033 - samples/sec: 86.06 - lr: 0.075000
2020-09-10 15:57:47,645 epoch 28 - iter 153/513 - loss 0.00805438 - samples/sec: 77.68 - lr: 0.075000
2020-09-10 15:58:06,114 epoch 28 - iter 204/513 - loss 0.00795642 - samples/sec: 89.23 - lr: 0.075000
2020-09-10 15:58:27,274 epoch 28 - iter 255/513 - loss 0.00778862 - samples/sec: 83.60 - lr: 0.075000
2020-09-10 15:58:45,591 epoch 28 - iter 306/513 - loss 0.00787268 - samples/sec: 90.12 - lr: 0.075000
2020-09-10 15:59:04,578 epoch 28 - iter 357/513 - loss 0.00770662 - samples/sec: 86.75 - lr: 0.075000
2020-09-10 15:59:25,692 epoch 28 - iter 408/513 - loss 0.00786844 - samples/sec: 84.65 - lr: 0.075000
2020-09-10 15:59:44,872 epoch 28 - iter 459/513 - loss 0.00780198 - samples/sec: 85.94 - lr: 0.075000
2020-09-10 16:00:03,639 epoch 28 - iter 510/513 - loss 0.00768364 - samples/sec: 87.66 - lr: 0.075000
2020-09-10 16:00:05,043 ----------------------------------------------------------------------------------------------------
2020-09-10 16:00:05,043 EPOCH 28 done: loss 0.0077 - lr 0.0750000
2020-09-10 16:00:28,715 DEV : loss 0.005702834576368332 - score 0.9994
2020-09-10 16:00:28,947 BAD EPOCHS (no improvement): 1
2020-09-10 16:00:28,956 ----------------------------------------------------------------------------------------------------
2020-09-10 16:00:48,547 epoch 29 - iter 51/513 - loss 0.00701135 - samples/sec: 85.95 - lr: 0.075000
2020-09-10 16:01:09,399 epoch 29 - iter 102/513 - loss 0.00717126 - samples/sec: 78.90 - lr: 0.075000
2020-09-10 16:01:28,131 epoch 29 - iter 153/513 - loss 0.00770211 - samples/sec: 88.10 - lr: 0.075000
2020-09-10 16:01:48,546 epoch 29 - iter 204/513 - loss 0.00788188 - samples/sec: 86.86 - lr: 0.075000
2020-09-10 16:02:07,461 epoch 29 - iter 255/513 - loss 0.00783942 - samples/sec: 87.07 - lr: 0.075000
2020-09-10 16:02:26,236 epoch 29 - iter 306/513 - loss 0.00767451 - samples/sec: 87.76 - lr: 0.075000
2020-09-10 16:02:46,394 epoch 29 - iter 357/513 - loss 0.00767063 - samples/sec: 87.09 - lr: 0.075000
2020-09-10 16:03:05,798 epoch 29 - iter 408/513 - loss 0.00768899 - samples/sec: 84.89 - lr: 0.075000
2020-09-10 16:03:25,986 epoch 29 - iter 459/513 - loss 0.00755233 - samples/sec: 87.52 - lr: 0.075000
2020-09-10 16:03:45,243 epoch 29 - iter 510/513 - loss 0.00751763 - samples/sec: 85.68 - lr: 0.075000
2020-09-10 16:03:46,810 ----------------------------------------------------------------------------------------------------
2020-09-10 16:03:46,810 EPOCH 29 done: loss 0.0076 - lr 0.0750000
2020-09-10 16:04:06,245 DEV : loss 0.005366502329707146 - score 0.9994
2020-09-10 16:04:06,458 BAD EPOCHS (no improvement): 2
2020-09-10 16:04:06,465 ----------------------------------------------------------------------------------------------------
2020-09-10 16:04:27,761 epoch 30 - iter 51/513 - loss 0.00657831 - samples/sec: 87.13 - lr: 0.075000
2020-09-10 16:04:46,170 epoch 30 - iter 102/513 - loss 0.00682645 - samples/sec: 89.63 - lr: 0.075000
2020-09-10 16:05:06,841 epoch 30 - iter 153/513 - loss 0.00689863 - samples/sec: 86.36 - lr: 0.075000
2020-09-10 16:05:27,067 epoch 30 - iter 204/513 - loss 0.00708753 - samples/sec: 81.55 - lr: 0.075000
2020-09-10 16:05:47,142 epoch 30 - iter 255/513 - loss 0.00726354 - samples/sec: 88.83 - lr: 0.075000
2020-09-10 16:06:10,011 epoch 30 - iter 306/513 - loss 0.00729616 - samples/sec: 77.49 - lr: 0.075000
2020-09-10 16:06:29,608 epoch 30 - iter 357/513 - loss 0.00720432 - samples/sec: 84.07 - lr: 0.075000
2020-09-10 16:06:50,198 epoch 30 - iter 408/513 - loss 0.00716613 - samples/sec: 80.04 - lr: 0.075000
2020-09-10 16:07:09,393 epoch 30 - iter 459/513 - loss 0.00729176 - samples/sec: 85.87 - lr: 0.075000
2020-09-10 16:07:28,386 epoch 30 - iter 510/513 - loss 0.00714084 - samples/sec: 86.63 - lr: 0.075000
2020-09-10 16:07:29,678 ----------------------------------------------------------------------------------------------------
2020-09-10 16:07:29,678 EPOCH 30 done: loss 0.0072 - lr 0.0750000
2020-09-10 16:07:50,208 DEV : loss 0.0056151472963392735 - score 0.9988
2020-09-10 16:07:50,434 BAD EPOCHS (no improvement): 3
2020-09-10 16:07:50,450 ----------------------------------------------------------------------------------------------------
2020-09-10 16:08:10,320 epoch 31 - iter 51/513 - loss 0.00813266 - samples/sec: 85.39 - lr: 0.075000
2020-09-10 16:08:30,315 epoch 31 - iter 102/513 - loss 0.00729038 - samples/sec: 82.36 - lr: 0.075000
2020-09-10 16:08:48,710 epoch 31 - iter 153/513 - loss 0.00719311 - samples/sec: 89.70 - lr: 0.075000
2020-09-10 16:09:10,585 epoch 31 - iter 204/513 - loss 0.00718010 - samples/sec: 81.19 - lr: 0.075000
2020-09-10 16:09:30,536 epoch 31 - iter 255/513 - loss 0.00718882 - samples/sec: 82.45 - lr: 0.075000
2020-09-10 16:09:49,104 epoch 31 - iter 306/513 - loss 0.00726867 - samples/sec: 88.76 - lr: 0.075000
2020-09-10 16:10:09,422 epoch 31 - iter 357/513 - loss 0.00747123 - samples/sec: 81.03 - lr: 0.075000
2020-09-10 16:10:27,841 epoch 31 - iter 408/513 - loss 0.00734998 - samples/sec: 89.52 - lr: 0.075000
2020-09-10 16:10:47,570 epoch 31 - iter 459/513 - loss 0.00726353 - samples/sec: 89.72 - lr: 0.075000
2020-09-10 16:11:07,248 epoch 31 - iter 510/513 - loss 0.00735526 - samples/sec: 83.87 - lr: 0.075000
2020-09-10 16:11:08,337 ----------------------------------------------------------------------------------------------------
2020-09-10 16:11:08,337 EPOCH 31 done: loss 0.0074 - lr 0.0750000
2020-09-10 16:11:28,100 DEV : loss 0.005267443601042032 - score 0.9994
2020-09-10 16:11:28,393 BAD EPOCHS (no improvement): 4
2020-09-10 16:11:28,404 ----------------------------------------------------------------------------------------------------
2020-09-10 16:11:49,904 epoch 32 - iter 51/513 - loss 0.00547313 - samples/sec: 78.96 - lr: 0.037500
2020-09-10 16:12:08,644 epoch 32 - iter 102/513 - loss 0.00641405 - samples/sec: 88.01 - lr: 0.037500
2020-09-10 16:12:29,495 epoch 32 - iter 153/513 - loss 0.00642826 - samples/sec: 85.39 - lr: 0.037500
2020-09-10 16:12:48,663 epoch 32 - iter 204/513 - loss 0.00682137 - samples/sec: 85.86 - lr: 0.037500
2020-09-10 16:13:07,883 epoch 32 - iter 255/513 - loss 0.00698909 - samples/sec: 85.68 - lr: 0.037500
2020-09-10 16:13:28,575 epoch 32 - iter 306/513 - loss 0.00700801 - samples/sec: 79.57 - lr: 0.037500
2020-09-10 16:13:46,878 epoch 32 - iter 357/513 - loss 0.00705088 - samples/sec: 90.17 - lr: 0.037500
2020-09-10 16:14:07,239 epoch 32 - iter 408/513 - loss 0.00698257 - samples/sec: 87.37 - lr: 0.037500
2020-09-10 16:14:26,599 epoch 32 - iter 459/513 - loss 0.00694552 - samples/sec: 85.05 - lr: 0.037500
2020-09-10 16:14:45,578 epoch 32 - iter 510/513 - loss 0.00694864 - samples/sec: 86.81 - lr: 0.037500
2020-09-10 16:14:46,790 ----------------------------------------------------------------------------------------------------
2020-09-10 16:14:46,790 EPOCH 32 done: loss 0.0069 - lr 0.0375000
2020-09-10 16:15:08,824 DEV : loss 0.00513124093413353 - score 0.9988
2020-09-10 16:15:09,062 BAD EPOCHS (no improvement): 1
2020-09-10 16:15:09,074 ----------------------------------------------------------------------------------------------------
2020-09-10 16:15:28,752 epoch 33 - iter 51/513 - loss 0.00607779 - samples/sec: 85.77 - lr: 0.037500
2020-09-10 16:15:49,889 epoch 33 - iter 102/513 - loss 0.00620010 - samples/sec: 86.14 - lr: 0.037500
2020-09-10 16:16:09,689 epoch 33 - iter 153/513 - loss 0.00618177 - samples/sec: 83.28 - lr: 0.037500
2020-09-10 16:16:28,362 epoch 33 - iter 204/513 - loss 0.00639807 - samples/sec: 88.13 - lr: 0.037500
2020-09-10 16:16:48,096 epoch 33 - iter 255/513 - loss 0.00655114 - samples/sec: 83.42 - lr: 0.037500
2020-09-10 16:17:06,887 epoch 33 - iter 306/513 - loss 0.00663342 - samples/sec: 87.66 - lr: 0.037500
2020-09-10 16:17:27,268 epoch 33 - iter 357/513 - loss 0.00656617 - samples/sec: 80.66 - lr: 0.037500
2020-09-10 16:17:46,820 epoch 33 - iter 408/513 - loss 0.00659060 - samples/sec: 84.41 - lr: 0.037500
2020-09-10 16:18:05,309 epoch 33 - iter 459/513 - loss 0.00657338 - samples/sec: 89.12 - lr: 0.037500
2020-09-10 16:18:26,658 epoch 33 - iter 510/513 - loss 0.00664479 - samples/sec: 83.52 - lr: 0.037500
2020-09-10 16:18:28,124 ----------------------------------------------------------------------------------------------------
2020-09-10 16:18:28,125 EPOCH 33 done: loss 0.0066 - lr 0.0375000
2020-09-10 16:18:48,265 DEV : loss 0.004849848337471485 - score 0.9994
2020-09-10 16:18:48,500 BAD EPOCHS (no improvement): 2
2020-09-10 16:18:48,506 ----------------------------------------------------------------------------------------------------
2020-09-10 16:19:10,504 epoch 34 - iter 51/513 - loss 0.00819195 - samples/sec: 76.99 - lr: 0.037500
2020-09-10 16:19:29,373 epoch 34 - iter 102/513 - loss 0.00746353 - samples/sec: 87.31 - lr: 0.037500
2020-09-10 16:19:47,827 epoch 34 - iter 153/513 - loss 0.00691022 - samples/sec: 89.34 - lr: 0.037500
2020-09-10 16:20:08,863 epoch 34 - iter 204/513 - loss 0.00669888 - samples/sec: 84.08 - lr: 0.037500
2020-09-10 16:20:28,073 epoch 34 - iter 255/513 - loss 0.00669297 - samples/sec: 85.65 - lr: 0.037500
2020-09-10 16:20:47,829 epoch 34 - iter 306/513 - loss 0.00686071 - samples/sec: 89.94 - lr: 0.037500
2020-09-10 16:21:07,063 epoch 34 - iter 357/513 - loss 0.00684640 - samples/sec: 85.62 - lr: 0.037500
2020-09-10 16:21:28,138 epoch 34 - iter 408/513 - loss 0.00687830 - samples/sec: 84.46 - lr: 0.037500
2020-09-10 16:21:47,677 epoch 34 - iter 459/513 - loss 0.00684073 - samples/sec: 84.28 - lr: 0.037500
2020-09-10 16:22:07,095 epoch 34 - iter 510/513 - loss 0.00674009 - samples/sec: 84.84 - lr: 0.037500
2020-09-10 16:22:08,149 ----------------------------------------------------------------------------------------------------
2020-09-10 16:22:08,149 EPOCH 34 done: loss 0.0068 - lr 0.0375000
2020-09-10 16:22:30,505 DEV : loss 0.004850323777645826 - score 0.9994
2020-09-10 16:22:30,751 BAD EPOCHS (no improvement): 3
2020-09-10 16:22:30,763 ----------------------------------------------------------------------------------------------------
2020-09-10 16:22:50,733 epoch 35 - iter 51/513 - loss 0.00735080 - samples/sec: 85.88 - lr: 0.037500
2020-09-10 16:23:11,317 epoch 35 - iter 102/513 - loss 0.00785568 - samples/sec: 87.36 - lr: 0.037500
2020-09-10 16:23:30,405 epoch 35 - iter 153/513 - loss 0.00745900 - samples/sec: 86.51 - lr: 0.037500
2020-09-10 16:23:48,418 epoch 35 - iter 204/513 - loss 0.00712534 - samples/sec: 91.46 - lr: 0.037500
2020-09-10 16:24:08,684 epoch 35 - iter 255/513 - loss 0.00683369 - samples/sec: 81.13 - lr: 0.037500
2020-09-10 16:24:26,867 epoch 35 - iter 306/513 - loss 0.00668225 - samples/sec: 90.75 - lr: 0.037500
2020-09-10 16:24:45,701 epoch 35 - iter 357/513 - loss 0.00660076 - samples/sec: 87.29 - lr: 0.037500
2020-09-10 16:25:06,641 epoch 35 - iter 408/513 - loss 0.00665848 - samples/sec: 78.72 - lr: 0.037500
2020-09-10 16:25:26,114 epoch 35 - iter 459/513 - loss 0.00659907 - samples/sec: 84.71 - lr: 0.037500
2020-09-10 16:25:47,581 epoch 35 - iter 510/513 - loss 0.00653133 - samples/sec: 82.61 - lr: 0.037500
2020-09-10 16:25:48,831 ----------------------------------------------------------------------------------------------------
2020-09-10 16:25:48,831 EPOCH 35 done: loss 0.0065 - lr 0.0375000
2020-09-10 16:26:07,950 DEV : loss 0.004707604646682739 - score 1.0
2020-09-10 16:26:08,175 BAD EPOCHS (no improvement): 0
2020-09-10 16:26:08,181 ----------------------------------------------------------------------------------------------------
2020-09-10 16:26:29,079 epoch 36 - iter 51/513 - loss 0.00785392 - samples/sec: 86.85 - lr: 0.037500
2020-09-10 16:26:47,360 epoch 36 - iter 102/513 - loss 0.00697715 - samples/sec: 90.05 - lr: 0.037500
2020-09-10 16:27:05,608 epoch 36 - iter 153/513 - loss 0.00674529 - samples/sec: 90.47 - lr: 0.037500
2020-09-10 16:27:26,863 epoch 36 - iter 204/513 - loss 0.00672254 - samples/sec: 77.29 - lr: 0.037500
2020-09-10 16:27:44,752 epoch 36 - iter 255/513 - loss 0.00694960 - samples/sec: 92.18 - lr: 0.037500
2020-09-10 16:28:05,870 epoch 36 - iter 306/513 - loss 0.00676914 - samples/sec: 77.88 - lr: 0.037500
2020-09-10 16:28:24,013 epoch 36 - iter 357/513 - loss 0.00665211 - samples/sec: 90.76 - lr: 0.037500
2020-09-10 16:28:43,286 epoch 36 - iter 408/513 - loss 0.00666830 - samples/sec: 85.64 - lr: 0.037500
2020-09-10 16:29:03,795 epoch 36 - iter 459/513 - loss 0.00686957 - samples/sec: 80.13 - lr: 0.037500
2020-09-10 16:29:22,972 epoch 36 - iter 510/513 - loss 0.00685191 - samples/sec: 86.06 - lr: 0.037500
2020-09-10 16:29:24,489 ----------------------------------------------------------------------------------------------------
2020-09-10 16:29:24,490 EPOCH 36 done: loss 0.0068 - lr 0.0375000
2020-09-10 16:29:46,405 DEV : loss 0.004733169451355934 - score 0.9994
2020-09-10 16:29:46,815 BAD EPOCHS (no improvement): 1
2020-09-10 16:29:46,825 ----------------------------------------------------------------------------------------------------
2020-09-10 16:30:07,014 epoch 37 - iter 51/513 - loss 0.00608832 - samples/sec: 84.90 - lr: 0.037500
2020-09-10 16:30:25,813 epoch 37 - iter 102/513 - loss 0.00644059 - samples/sec: 87.77 - lr: 0.037500
2020-09-10 16:30:46,000 epoch 37 - iter 153/513 - loss 0.00657883 - samples/sec: 81.66 - lr: 0.037500
2020-09-10 16:31:04,461 epoch 37 - iter 204/513 - loss 0.00687543 - samples/sec: 89.26 - lr: 0.037500
2020-09-10 16:31:25,153 epoch 37 - iter 255/513 - loss 0.00667278 - samples/sec: 79.41 - lr: 0.037500
2020-09-10 16:31:43,481 epoch 37 - iter 306/513 - loss 0.00675854 - samples/sec: 89.80 - lr: 0.037500
2020-09-10 16:32:03,048 epoch 37 - iter 357/513 - loss 0.00676405 - samples/sec: 84.24 - lr: 0.037500
2020-09-10 16:32:24,820 epoch 37 - iter 408/513 - loss 0.00668031 - samples/sec: 81.14 - lr: 0.037500
2020-09-10 16:32:43,976 epoch 37 - iter 459/513 - loss 0.00662538 - samples/sec: 85.96 - lr: 0.037500
2020-09-10 16:33:04,982 epoch 37 - iter 510/513 - loss 0.00669268 - samples/sec: 84.39 - lr: 0.037500
2020-09-10 16:33:06,296 ----------------------------------------------------------------------------------------------------
2020-09-10 16:33:06,296 EPOCH 37 done: loss 0.0067 - lr 0.0375000
2020-09-10 16:33:26,887 DEV : loss 0.004618999548256397 - score 0.9994
2020-09-10 16:33:27,119 BAD EPOCHS (no improvement): 2
2020-09-10 16:33:27,132 ----------------------------------------------------------------------------------------------------
2020-09-10 16:33:48,684 epoch 38 - iter 51/513 - loss 0.00604778 - samples/sec: 78.18 - lr: 0.037500
2020-09-10 16:34:09,105 epoch 38 - iter 102/513 - loss 0.00596599 - samples/sec: 87.95 - lr: 0.037500
2020-09-10 16:34:27,748 epoch 38 - iter 153/513 - loss 0.00589921 - samples/sec: 88.44 - lr: 0.037500
2020-09-10 16:34:48,006 epoch 38 - iter 204/513 - loss 0.00598509 - samples/sec: 87.76 - lr: 0.037500
2020-09-10 16:35:07,311 epoch 38 - iter 255/513 - loss 0.00609568 - samples/sec: 85.33 - lr: 0.037500
2020-09-10 16:35:27,375 epoch 38 - iter 306/513 - loss 0.00616403 - samples/sec: 82.14 - lr: 0.037500
2020-09-10 16:35:47,101 epoch 38 - iter 357/513 - loss 0.00621775 - samples/sec: 83.41 - lr: 0.037500
2020-09-10 16:36:06,197 epoch 38 - iter 408/513 - loss 0.00621285 - samples/sec: 86.28 - lr: 0.037500
2020-09-10 16:36:26,434 epoch 38 - iter 459/513 - loss 0.00623354 - samples/sec: 87.82 - lr: 0.037500
2020-09-10 16:36:46,412 epoch 38 - iter 510/513 - loss 0.00623103 - samples/sec: 82.55 - lr: 0.037500
2020-09-10 16:36:51,257 ----------------------------------------------------------------------------------------------------
2020-09-10 16:36:51,257 EPOCH 38 done: loss 0.0062 - lr 0.0375000
2020-09-10 16:37:10,826 DEV : loss 0.004510711878538132 - score 1.0
2020-09-10 16:37:12,618 BAD EPOCHS (no improvement): 0
2020-09-10 16:37:12,632 ----------------------------------------------------------------------------------------------------
2020-09-10 16:37:31,994 epoch 39 - iter 51/513 - loss 0.00727448 - samples/sec: 87.16 - lr: 0.037500
2020-09-10 16:37:51,047 epoch 39 - iter 102/513 - loss 0.00655685 - samples/sec: 86.59 - lr: 0.037500
2020-09-10 16:38:12,666 epoch 39 - iter 153/513 - loss 0.00637735 - samples/sec: 82.80 - lr: 0.037500
2020-09-10 16:38:32,546 epoch 39 - iter 204/513 - loss 0.00630489 - samples/sec: 83.00 - lr: 0.037500
2020-09-10 16:38:51,391 epoch 39 - iter 255/513 - loss 0.00639334 - samples/sec: 87.41 - lr: 0.037500
2020-09-10 16:39:11,402 epoch 39 - iter 306/513 - loss 0.00650021 - samples/sec: 82.31 - lr: 0.037500
2020-09-10 16:39:30,406 epoch 39 - iter 357/513 - loss 0.00634149 - samples/sec: 86.61 - lr: 0.037500
2020-09-10 16:39:51,101 epoch 39 - iter 408/513 - loss 0.00629329 - samples/sec: 85.43 - lr: 0.037500
2020-09-10 16:40:10,565 epoch 39 - iter 459/513 - loss 0.00629738 - samples/sec: 84.55 - lr: 0.037500
2020-09-10 16:40:29,801 epoch 39 - iter 510/513 - loss 0.00626084 - samples/sec: 85.55 - lr: 0.037500
2020-09-10 16:40:31,343 ----------------------------------------------------------------------------------------------------
2020-09-10 16:40:31,343 EPOCH 39 done: loss 0.0063 - lr 0.0375000
2020-09-10 16:40:52,714 DEV : loss 0.004547822754830122 - score 0.9994
2020-09-10 16:40:52,945 BAD EPOCHS (no improvement): 1
2020-09-10 16:40:53,597 ----------------------------------------------------------------------------------------------------
2020-09-10 16:41:13,383 epoch 40 - iter 51/513 - loss 0.00660765 - samples/sec: 86.06 - lr: 0.037500
2020-09-10 16:41:34,261 epoch 40 - iter 102/513 - loss 0.00640182 - samples/sec: 85.80 - lr: 0.037500
2020-09-10 16:41:53,401 epoch 40 - iter 153/513 - loss 0.00614514 - samples/sec: 86.17 - lr: 0.037500
2020-09-10 16:42:14,005 epoch 40 - iter 204/513 - loss 0.00617434 - samples/sec: 79.79 - lr: 0.037500
2020-09-10 16:42:32,408 epoch 40 - iter 255/513 - loss 0.00597296 - samples/sec: 89.40 - lr: 0.037500
2020-09-10 16:42:51,428 epoch 40 - iter 306/513 - loss 0.00598289 - samples/sec: 86.70 - lr: 0.037500
2020-09-10 16:43:12,217 epoch 40 - iter 357/513 - loss 0.00597845 - samples/sec: 85.73 - lr: 0.037500
2020-09-10 16:43:31,488 epoch 40 - iter 408/513 - loss 0.00608997 - samples/sec: 85.53 - lr: 0.037500
2020-09-10 16:43:51,847 epoch 40 - iter 459/513 - loss 0.00612038 - samples/sec: 88.04 - lr: 0.037500
2020-09-10 16:44:11,045 epoch 40 - iter 510/513 - loss 0.00621054 - samples/sec: 85.77 - lr: 0.037500
2020-09-10 16:44:12,185 ----------------------------------------------------------------------------------------------------
2020-09-10 16:44:12,185 EPOCH 40 done: loss 0.0062 - lr 0.0375000
2020-09-10 16:44:32,094 DEV : loss 0.004588504787534475 - score 0.9994
2020-09-10 16:44:32,459 BAD EPOCHS (no improvement): 2
2020-09-10 16:44:32,472 ----------------------------------------------------------------------------------------------------
2020-09-10 16:44:53,952 epoch 41 - iter 51/513 - loss 0.00625993 - samples/sec: 87.25 - lr: 0.037500
2020-09-10 16:45:13,604 epoch 41 - iter 102/513 - loss 0.00661725 - samples/sec: 83.77 - lr: 0.037500
2020-09-10 16:45:34,597 epoch 41 - iter 153/513 - loss 0.00704675 - samples/sec: 84.53 - lr: 0.037500
2020-09-10 16:45:53,960 epoch 41 - iter 204/513 - loss 0.00690456 - samples/sec: 85.20 - lr: 0.037500
2020-09-10 16:46:13,190 epoch 41 - iter 255/513 - loss 0.00647520 - samples/sec: 85.62 - lr: 0.037500
2020-09-10 16:46:34,272 epoch 41 - iter 306/513 - loss 0.00644893 - samples/sec: 83.76 - lr: 0.037500
2020-09-10 16:46:53,623 epoch 41 - iter 357/513 - loss 0.00639632 - samples/sec: 85.21 - lr: 0.037500
2020-09-10 16:47:14,648 epoch 41 - iter 408/513 - loss 0.00620676 - samples/sec: 78.33 - lr: 0.037500
2020-09-10 16:47:34,015 epoch 41 - iter 459/513 - loss 0.00624711 - samples/sec: 85.18 - lr: 0.037500
2020-09-10 16:47:53,768 epoch 41 - iter 510/513 - loss 0.00630787 - samples/sec: 89.68 - lr: 0.037500
2020-09-10 16:47:55,179 ----------------------------------------------------------------------------------------------------
2020-09-10 16:47:55,179 EPOCH 41 done: loss 0.0063 - lr 0.0375000
2020-09-10 16:48:18,719 DEV : loss 0.00435299426317215 - score 0.9994
2020-09-10 16:48:19,167 BAD EPOCHS (no improvement): 3
2020-09-10 16:48:19,174 ----------------------------------------------------------------------------------------------------
2020-09-10 16:48:41,350 epoch 42 - iter 51/513 - loss 0.00528445 - samples/sec: 77.24 - lr: 0.037500
2020-09-10 16:49:02,742 epoch 42 - iter 102/513 - loss 0.00646165 - samples/sec: 85.11 - lr: 0.037500
2020-09-10 16:49:22,643 epoch 42 - iter 153/513 - loss 0.00618282 - samples/sec: 83.13 - lr: 0.037500
2020-09-10 16:49:43,816 epoch 42 - iter 204/513 - loss 0.00606682 - samples/sec: 84.67 - lr: 0.037500
2020-09-10 16:50:03,021 epoch 42 - iter 255/513 - loss 0.00601394 - samples/sec: 85.98 - lr: 0.037500
2020-09-10 16:50:22,345 epoch 42 - iter 306/513 - loss 0.00607461 - samples/sec: 85.53 - lr: 0.037500
2020-09-10 16:50:43,351 epoch 42 - iter 357/513 - loss 0.00606050 - samples/sec: 78.60 - lr: 0.037500
2020-09-10 16:51:02,667 epoch 42 - iter 408/513 - loss 0.00604887 - samples/sec: 85.50 - lr: 0.037500
2020-09-10 16:51:22,069 epoch 42 - iter 459/513 - loss 0.00604967 - samples/sec: 85.10 - lr: 0.037500
2020-09-10 16:51:43,114 epoch 42 - iter 510/513 - loss 0.00610102 - samples/sec: 85.66 - lr: 0.037500
2020-09-10 16:51:44,549 ----------------------------------------------------------------------------------------------------
2020-09-10 16:51:44,549 EPOCH 42 done: loss 0.0061 - lr 0.0375000
2020-09-10 16:52:04,812 DEV : loss 0.004354394506663084 - score 1.0
2020-09-10 16:52:05,199 BAD EPOCHS (no improvement): 0
2020-09-10 16:52:05,212 ----------------------------------------------------------------------------------------------------
2020-09-10 16:52:27,093 epoch 43 - iter 51/513 - loss 0.00574970 - samples/sec: 78.26 - lr: 0.037500
2020-09-10 16:52:46,206 epoch 43 - iter 102/513 - loss 0.00586308 - samples/sec: 86.15 - lr: 0.037500
2020-09-10 16:53:06,598 epoch 43 - iter 153/513 - loss 0.00594006 - samples/sec: 86.93 - lr: 0.037500
2020-09-10 16:53:26,195 epoch 43 - iter 204/513 - loss 0.00620284 - samples/sec: 84.29 - lr: 0.037500
2020-09-10 16:53:45,657 epoch 43 - iter 255/513 - loss 0.00612072 - samples/sec: 84.71 - lr: 0.037500
2020-09-10 16:54:07,157 epoch 43 - iter 306/513 - loss 0.00604684 - samples/sec: 83.14 - lr: 0.037500
2020-09-10 16:54:26,048 epoch 43 - iter 357/513 - loss 0.00616612 - samples/sec: 87.48 - lr: 0.037500
2020-09-10 16:54:45,621 epoch 43 - iter 408/513 - loss 0.00605690 - samples/sec: 84.17 - lr: 0.037500
2020-09-10 16:55:07,261 epoch 43 - iter 459/513 - loss 0.00606648 - samples/sec: 81.67 - lr: 0.037500
2020-09-10 16:55:26,953 epoch 43 - iter 510/513 - loss 0.00604152 - samples/sec: 83.82 - lr: 0.037500
2020-09-10 16:55:28,602 ----------------------------------------------------------------------------------------------------
2020-09-10 16:55:28,602 EPOCH 43 done: loss 0.0060 - lr 0.0375000
2020-09-10 16:55:51,147 DEV : loss 0.0042007192969322205 - score 1.0
2020-09-10 16:55:51,528 BAD EPOCHS (no improvement): 0
2020-09-10 16:55:51,541 ----------------------------------------------------------------------------------------------------
2020-09-10 16:56:11,277 epoch 44 - iter 51/513 - loss 0.00698807 - samples/sec: 86.41 - lr: 0.037500
2020-09-10 16:56:32,352 epoch 44 - iter 102/513 - loss 0.00695752 - samples/sec: 85.74 - lr: 0.037500
2020-09-10 16:56:53,204 epoch 44 - iter 153/513 - loss 0.00658730 - samples/sec: 79.00 - lr: 0.037500
2020-09-10 16:57:12,241 epoch 44 - iter 204/513 - loss 0.00619127 - samples/sec: 86.76 - lr: 0.037500
2020-09-10 16:57:33,873 epoch 44 - iter 255/513 - loss 0.00620399 - samples/sec: 76.05 - lr: 0.037500
2020-09-10 16:57:52,611 epoch 44 - iter 306/513 - loss 0.00621163 - samples/sec: 87.85 - lr: 0.037500
2020-09-10 16:58:13,523 epoch 44 - iter 357/513 - loss 0.00608857 - samples/sec: 84.59 - lr: 0.037500
2020-09-10 16:58:33,226 epoch 44 - iter 408/513 - loss 0.00607224 - samples/sec: 83.51 - lr: 0.037500
2020-09-10 16:58:52,333 epoch 44 - iter 459/513 - loss 0.00604332 - samples/sec: 86.22 - lr: 0.037500
2020-09-10 16:59:12,465 epoch 44 - iter 510/513 - loss 0.00610680 - samples/sec: 87.70 - lr: 0.037500
2020-09-10 16:59:13,842 ----------------------------------------------------------------------------------------------------
2020-09-10 16:59:13,842 EPOCH 44 done: loss 0.0061 - lr 0.0375000
2020-09-10 16:59:33,473 DEV : loss 0.004245254211127758 - score 1.0
2020-09-10 16:59:33,892 BAD EPOCHS (no improvement): 1
2020-09-10 16:59:33,905 ----------------------------------------------------------------------------------------------------
2020-09-10 16:59:55,498 epoch 45 - iter 51/513 - loss 0.00570199 - samples/sec: 78.67 - lr: 0.037500
2020-09-10 17:00:14,341 epoch 45 - iter 102/513 - loss 0.00593873 - samples/sec: 87.35 - lr: 0.037500
2020-09-10 17:00:35,108 epoch 45 - iter 153/513 - loss 0.00597015 - samples/sec: 85.17 - lr: 0.037500
2020-09-10 17:00:54,875 epoch 45 - iter 204/513 - loss 0.00618548 - samples/sec: 83.40 - lr: 0.037500
2020-09-10 17:01:14,588 epoch 45 - iter 255/513 - loss 0.00609086 - samples/sec: 83.82 - lr: 0.037500
2020-09-10 17:01:35,852 epoch 45 - iter 306/513 - loss 0.00594647 - samples/sec: 77.32 - lr: 0.037500
2020-09-10 17:01:55,096 epoch 45 - iter 357/513 - loss 0.00588756 - samples/sec: 85.61 - lr: 0.037500
2020-09-10 17:02:14,432 epoch 45 - iter 408/513 - loss 0.00594045 - samples/sec: 85.11 - lr: 0.037500
2020-09-10 17:02:34,740 epoch 45 - iter 459/513 - loss 0.00599727 - samples/sec: 81.03 - lr: 0.037500
2020-09-10 17:02:55,119 epoch 45 - iter 510/513 - loss 0.00608078 - samples/sec: 80.77 - lr: 0.037500
2020-09-10 17:02:56,522 ----------------------------------------------------------------------------------------------------
2020-09-10 17:02:56,522 EPOCH 45 done: loss 0.0061 - lr 0.0375000
2020-09-10 17:03:19,610 DEV : loss 0.00420428067445755 - score 1.0
2020-09-10 17:03:20,006 BAD EPOCHS (no improvement): 2
2020-09-10 17:03:20,017 ----------------------------------------------------------------------------------------------------
2020-09-10 17:03:40,203 epoch 46 - iter 51/513 - loss 0.00452077 - samples/sec: 84.36 - lr: 0.037500
2020-09-10 17:03:58,835 epoch 46 - iter 102/513 - loss 0.00502573 - samples/sec: 88.54 - lr: 0.037500
2020-09-10 17:04:18,783 epoch 46 - iter 153/513 - loss 0.00527584 - samples/sec: 91.08 - lr: 0.037500
2020-09-10 17:04:38,802 epoch 46 - iter 204/513 - loss 0.00546954 - samples/sec: 82.29 - lr: 0.037500
2020-09-10 17:04:59,726 epoch 46 - iter 255/513 - loss 0.00570418 - samples/sec: 85.27 - lr: 0.037500
2020-09-10 17:05:18,934 epoch 46 - iter 306/513 - loss 0.00558948 - samples/sec: 85.67 - lr: 0.037500
2020-09-10 17:05:38,112 epoch 46 - iter 357/513 - loss 0.00558217 - samples/sec: 85.82 - lr: 0.037500
2020-09-10 17:05:58,861 epoch 46 - iter 408/513 - loss 0.00579472 - samples/sec: 79.49 - lr: 0.037500
2020-09-10 17:06:17,634 epoch 46 - iter 459/513 - loss 0.00576810 - samples/sec: 87.66 - lr: 0.037500
2020-09-10 17:06:38,944 epoch 46 - iter 510/513 - loss 0.00585349 - samples/sec: 77.15 - lr: 0.037500
2020-09-10 17:06:40,258 ----------------------------------------------------------------------------------------------------
2020-09-10 17:06:40,259 EPOCH 46 done: loss 0.0059 - lr 0.0375000
2020-09-10 17:06:58,937 DEV : loss 0.004287919029593468 - score 0.9994
2020-09-10 17:06:59,189 BAD EPOCHS (no improvement): 3
2020-09-10 17:06:59,201 ----------------------------------------------------------------------------------------------------
2020-09-10 17:07:21,104 epoch 47 - iter 51/513 - loss 0.00500398 - samples/sec: 86.37 - lr: 0.037500
2020-09-10 17:07:39,692 epoch 47 - iter 102/513 - loss 0.00555016 - samples/sec: 88.63 - lr: 0.037500
2020-09-10 17:07:59,521 epoch 47 - iter 153/513 - loss 0.00583556 - samples/sec: 83.19 - lr: 0.037500
2020-09-10 17:08:19,929 epoch 47 - iter 204/513 - loss 0.00576990 - samples/sec: 80.59 - lr: 0.037500
2020-09-10 17:08:39,114 epoch 47 - iter 255/513 - loss 0.00566558 - samples/sec: 85.90 - lr: 0.037500
2020-09-10 17:08:59,198 epoch 47 - iter 306/513 - loss 0.00584142 - samples/sec: 81.85 - lr: 0.037500
2020-09-10 17:09:18,902 epoch 47 - iter 357/513 - loss 0.00584444 - samples/sec: 83.58 - lr: 0.037500
2020-09-10 17:09:38,036 epoch 47 - iter 408/513 - loss 0.00578829 - samples/sec: 86.04 - lr: 0.037500
2020-09-10 17:09:58,424 epoch 47 - iter 459/513 - loss 0.00580920 - samples/sec: 86.33 - lr: 0.037500
2020-09-10 17:10:18,515 epoch 47 - iter 510/513 - loss 0.00581199 - samples/sec: 81.91 - lr: 0.037500
2020-09-10 17:10:19,799 ----------------------------------------------------------------------------------------------------
2020-09-10 17:10:19,799 EPOCH 47 done: loss 0.0058 - lr 0.0375000
2020-09-10 17:10:42,101 DEV : loss 0.004237258806824684 - score 0.9988
2020-09-10 17:10:42,508 BAD EPOCHS (no improvement): 4
2020-09-10 17:10:42,580 ----------------------------------------------------------------------------------------------------
2020-09-10 17:11:02,249 epoch 48 - iter 51/513 - loss 0.00589164 - samples/sec: 86.75 - lr: 0.018750
2020-09-10 17:11:22,377 epoch 48 - iter 102/513 - loss 0.00557899 - samples/sec: 82.02 - lr: 0.018750
2020-09-10 17:11:42,485 epoch 48 - iter 153/513 - loss 0.00566608 - samples/sec: 81.82 - lr: 0.018750
2020-09-10 17:12:01,467 epoch 48 - iter 204/513 - loss 0.00548838 - samples/sec: 86.82 - lr: 0.018750
2020-09-10 17:12:21,522 epoch 48 - iter 255/513 - loss 0.00558696 - samples/sec: 81.86 - lr: 0.018750
2020-09-10 17:12:41,546 epoch 48 - iter 306/513 - loss 0.00548118 - samples/sec: 82.33 - lr: 0.018750
2020-09-10 17:12:59,855 epoch 48 - iter 357/513 - loss 0.00555017 - samples/sec: 90.18 - lr: 0.018750
2020-09-10 17:13:20,693 epoch 48 - iter 408/513 - loss 0.00551238 - samples/sec: 85.20 - lr: 0.018750
2020-09-10 17:13:40,008 epoch 48 - iter 459/513 - loss 0.00552932 - samples/sec: 85.28 - lr: 0.018750
2020-09-10 17:14:07,610 ----------------------------------------------------------------------------------------------------
2020-09-10 17:14:07,611 Exiting from training early.
2020-09-10 17:14:07,611 ----------------------------------------------------------------------------------------------------
2020-09-10 17:14:07,611 Testing using best model ...
