2020-09-09 15:28:42,465 ----------------------------------------------------------------------------------------------------
2020-09-09 15:28:42,465 Model: "TextClassifier(
  (document_embeddings): DocumentRNNEmbeddings(
    (embeddings): StackedEmbeddings(
      (list_embedding_0): WordEmbeddings('glove')
      (list_embedding_1): OneHotEmbeddings(
        min_freq=3
        (embedding_layer): Embedding(11827, 300)
      )
    )
    (word_reprojection_map): Linear(in_features=400, out_features=400, bias=True)
    (rnn): GRU(400, 64, num_layers=2, batch_first=True)
    (dropout): Dropout(p=0.3761853874291739, inplace=False)
  )
  (decoder): Linear(in_features=64, out_features=238, bias=True)
  (loss_function): CrossEntropyLoss()
  (beta): 1.0
  (weights): None
  (weight_tensor) None
)"
2020-09-09 15:28:42,465 ----------------------------------------------------------------------------------------------------
2020-09-09 15:28:42,466 Corpus: "Corpus: 16397 train + 1640 dev + 1640 test sentences"
2020-09-09 15:28:42,466 ----------------------------------------------------------------------------------------------------
2020-09-09 15:28:42,466 Parameters:
2020-09-09 15:28:42,466  - learning_rate: "0.05"
2020-09-09 15:28:42,466  - mini_batch_size: "16"
2020-09-09 15:28:42,466  - patience: "3"
2020-09-09 15:28:42,466  - anneal_factor: "0.5"
2020-09-09 15:28:42,466  - max_epochs: "30"
2020-09-09 15:28:42,466  - shuffle: "True"
2020-09-09 15:28:42,466  - train_with_dev: "False"
2020-09-09 15:28:42,466  - batch_growth_annealing: "False"
2020-09-09 15:28:42,466 ----------------------------------------------------------------------------------------------------
2020-09-09 15:28:42,466 Model training base path: "optimization/results2"
2020-09-09 15:28:42,466 ----------------------------------------------------------------------------------------------------
2020-09-09 15:28:42,466 Device: cuda:1
2020-09-09 15:28:42,466 ----------------------------------------------------------------------------------------------------
2020-09-09 15:28:42,466 Embeddings storage mode: cpu
2020-09-09 15:28:42,476 ----------------------------------------------------------------------------------------------------
2020-09-09 15:28:52,195 epoch 1 - iter 102/1025 - loss 5.21264855 - samples/sec: 189.81 - lr: 0.050000
2020-09-09 15:29:05,759 epoch 1 - iter 204/1025 - loss 5.04743277 - samples/sec: 129.00 - lr: 0.050000
2020-09-09 15:29:21,605 epoch 1 - iter 306/1025 - loss 4.96028202 - samples/sec: 104.61 - lr: 0.050000
2020-09-09 15:29:38,448 epoch 1 - iter 408/1025 - loss 4.91541643 - samples/sec: 103.14 - lr: 0.050000
2020-09-09 15:29:54,457 epoch 1 - iter 510/1025 - loss 4.88184811 - samples/sec: 103.50 - lr: 0.050000
2020-09-09 15:30:11,492 epoch 1 - iter 612/1025 - loss 4.84586200 - samples/sec: 97.06 - lr: 0.050000
2020-09-09 15:30:27,182 epoch 1 - iter 714/1025 - loss 4.82566856 - samples/sec: 105.66 - lr: 0.050000
2020-09-09 15:30:42,851 epoch 1 - iter 816/1025 - loss 4.80608226 - samples/sec: 112.29 - lr: 0.050000
2020-09-09 15:30:58,900 epoch 1 - iter 918/1025 - loss 4.78359474 - samples/sec: 103.31 - lr: 0.050000
2020-09-09 15:31:15,360 epoch 1 - iter 1020/1025 - loss 4.76448147 - samples/sec: 105.16 - lr: 0.050000
2020-09-09 15:31:16,456 ----------------------------------------------------------------------------------------------------
2020-09-09 15:31:16,457 EPOCH 1 done: loss 4.7622 - lr 0.0500000
2020-09-09 15:31:35,915 DEV : loss 4.414715766906738 - score 0.0793
2020-09-09 15:31:36,147 BAD EPOCHS (no improvement): 0
2020-09-09 15:31:37,624 ----------------------------------------------------------------------------------------------------
2020-09-09 15:31:52,949 epoch 2 - iter 102/1025 - loss 4.36577710 - samples/sec: 113.71 - lr: 0.050000
2020-09-09 15:32:09,788 epoch 2 - iter 204/1025 - loss 4.27435791 - samples/sec: 103.98 - lr: 0.050000
2020-09-09 15:32:26,434 epoch 2 - iter 306/1025 - loss 4.16332530 - samples/sec: 99.86 - lr: 0.050000
2020-09-09 15:32:43,142 epoch 2 - iter 408/1025 - loss 4.04545075 - samples/sec: 103.80 - lr: 0.050000
2020-09-09 15:32:59,161 epoch 2 - iter 510/1025 - loss 3.93446532 - samples/sec: 103.33 - lr: 0.050000
2020-09-09 15:33:17,206 epoch 2 - iter 612/1025 - loss 3.81930269 - samples/sec: 96.98 - lr: 0.050000
2020-09-09 15:33:37,710 epoch 2 - iter 714/1025 - loss 3.70343010 - samples/sec: 81.59 - lr: 0.050000
2020-09-09 15:33:58,838 epoch 2 - iter 816/1025 - loss 3.59592186 - samples/sec: 79.19 - lr: 0.050000
2020-09-09 15:34:22,877 epoch 2 - iter 918/1025 - loss 3.49132383 - samples/sec: 73.45 - lr: 0.050000
2020-09-09 15:34:39,560 epoch 2 - iter 1020/1025 - loss 3.39579019 - samples/sec: 100.70 - lr: 0.050000
2020-09-09 15:34:40,914 ----------------------------------------------------------------------------------------------------
2020-09-09 15:34:40,916 EPOCH 2 done: loss 3.3928 - lr 0.0500000
2020-09-09 15:35:01,200 DEV : loss 2.315192461013794 - score 0.4421
2020-09-09 15:35:01,581 BAD EPOCHS (no improvement): 0
2020-09-09 15:35:02,448 ----------------------------------------------------------------------------------------------------
2020-09-09 15:35:20,437 epoch 3 - iter 102/1025 - loss 2.40605590 - samples/sec: 96.88 - lr: 0.050000
2020-09-09 15:35:39,367 epoch 3 - iter 204/1025 - loss 2.35050434 - samples/sec: 93.94 - lr: 0.050000
2020-09-09 15:35:56,436 epoch 3 - iter 306/1025 - loss 2.26414588 - samples/sec: 97.48 - lr: 0.050000
2020-09-09 15:36:12,260 epoch 3 - iter 408/1025 - loss 2.22420799 - samples/sec: 105.01 - lr: 0.050000
2020-09-09 15:36:26,778 epoch 3 - iter 510/1025 - loss 2.18578806 - samples/sec: 122.91 - lr: 0.050000
2020-09-09 15:36:42,570 epoch 3 - iter 612/1025 - loss 2.14207825 - samples/sec: 104.99 - lr: 0.050000
2020-09-09 15:36:58,328 epoch 3 - iter 714/1025 - loss 2.10797575 - samples/sec: 110.95 - lr: 0.050000
2020-09-09 15:37:10,028 epoch 3 - iter 816/1025 - loss 2.07590658 - samples/sec: 142.86 - lr: 0.050000
2020-09-09 15:37:26,506 epoch 3 - iter 918/1025 - loss 2.04923758 - samples/sec: 106.04 - lr: 0.050000
2020-09-09 15:37:40,166 epoch 3 - iter 1020/1025 - loss 2.01707638 - samples/sec: 121.56 - lr: 0.050000
2020-09-09 15:37:41,297 ----------------------------------------------------------------------------------------------------
2020-09-09 15:37:41,298 EPOCH 3 done: loss 2.0142 - lr 0.0500000
2020-09-09 15:38:01,585 DEV : loss 1.5775928497314453 - score 0.5732
2020-09-09 15:38:01,871 BAD EPOCHS (no improvement): 0
2020-09-09 15:38:01,882 ----------------------------------------------------------------------------------------------------
2020-09-09 15:38:18,391 epoch 4 - iter 102/1025 - loss 1.72131464 - samples/sec: 105.05 - lr: 0.050000
2020-09-09 15:38:35,411 epoch 4 - iter 204/1025 - loss 1.63886561 - samples/sec: 102.20 - lr: 0.050000
2020-09-09 15:38:50,949 epoch 4 - iter 306/1025 - loss 1.61314595 - samples/sec: 111.65 - lr: 0.050000
2020-09-09 15:39:07,601 epoch 4 - iter 408/1025 - loss 1.59299145 - samples/sec: 99.70 - lr: 0.050000
2020-09-09 15:39:24,014 epoch 4 - iter 510/1025 - loss 1.56749400 - samples/sec: 106.11 - lr: 0.050000
2020-09-09 15:39:40,191 epoch 4 - iter 612/1025 - loss 1.56243795 - samples/sec: 102.48 - lr: 0.050000
2020-09-09 15:39:57,103 epoch 4 - iter 714/1025 - loss 1.53944234 - samples/sec: 102.15 - lr: 0.050000
2020-09-09 15:40:13,837 epoch 4 - iter 816/1025 - loss 1.52722157 - samples/sec: 99.14 - lr: 0.050000
2020-09-09 15:40:29,450 epoch 4 - iter 918/1025 - loss 1.50456165 - samples/sec: 111.75 - lr: 0.050000
2020-09-09 15:40:45,550 epoch 4 - iter 1020/1025 - loss 1.48789811 - samples/sec: 103.16 - lr: 0.050000
2020-09-09 15:40:46,699 ----------------------------------------------------------------------------------------------------
2020-09-09 15:40:46,700 EPOCH 4 done: loss 1.4867 - lr 0.0500000
2020-09-09 15:41:09,133 DEV : loss 1.134113073348999 - score 0.7006
2020-09-09 15:41:09,501 BAD EPOCHS (no improvement): 0
2020-09-09 15:41:09,517 ----------------------------------------------------------------------------------------------------
2020-09-09 15:41:26,515 epoch 5 - iter 102/1025 - loss 1.19864097 - samples/sec: 102.76 - lr: 0.050000
2020-09-09 15:41:42,125 epoch 5 - iter 204/1025 - loss 1.21490638 - samples/sec: 113.41 - lr: 0.050000
2020-09-09 15:41:57,653 epoch 5 - iter 306/1025 - loss 1.22132737 - samples/sec: 106.77 - lr: 0.050000
2020-09-09 15:42:14,523 epoch 5 - iter 408/1025 - loss 1.21722866 - samples/sec: 98.11 - lr: 0.050000
2020-09-09 15:42:31,379 epoch 5 - iter 510/1025 - loss 1.19924961 - samples/sec: 102.51 - lr: 0.050000
2020-09-09 15:42:48,077 epoch 5 - iter 612/1025 - loss 1.17795614 - samples/sec: 99.30 - lr: 0.050000
2020-09-09 15:43:04,111 epoch 5 - iter 714/1025 - loss 1.17756605 - samples/sec: 108.53 - lr: 0.050000
2020-09-09 15:43:19,497 epoch 5 - iter 816/1025 - loss 1.16217172 - samples/sec: 108.03 - lr: 0.050000
2020-09-09 15:43:35,186 epoch 5 - iter 918/1025 - loss 1.15009771 - samples/sec: 112.15 - lr: 0.050000
2020-09-09 15:43:51,505 epoch 5 - iter 1020/1025 - loss 1.13758929 - samples/sec: 101.51 - lr: 0.050000
2020-09-09 15:43:52,650 ----------------------------------------------------------------------------------------------------
2020-09-09 15:43:52,651 EPOCH 5 done: loss 1.1364 - lr 0.0500000
2020-09-09 15:44:12,182 DEV : loss 0.8511211276054382 - score 0.7768
2020-09-09 15:44:12,469 BAD EPOCHS (no improvement): 0
2020-09-09 15:44:12,480 ----------------------------------------------------------------------------------------------------
2020-09-09 15:44:26,003 epoch 6 - iter 102/1025 - loss 1.02351392 - samples/sec: 133.87 - lr: 0.050000
2020-09-09 15:44:43,722 epoch 6 - iter 204/1025 - loss 0.99050428 - samples/sec: 98.32 - lr: 0.050000
2020-09-09 15:44:59,931 epoch 6 - iter 306/1025 - loss 0.95913028 - samples/sec: 102.17 - lr: 0.050000
2020-09-09 15:45:10,121 epoch 6 - iter 408/1025 - loss 0.94968407 - samples/sec: 180.06 - lr: 0.050000
2020-09-09 15:45:27,204 epoch 6 - iter 510/1025 - loss 0.93850652 - samples/sec: 96.95 - lr: 0.050000
2020-09-09 15:45:43,648 epoch 6 - iter 612/1025 - loss 0.93171120 - samples/sec: 100.93 - lr: 0.050000
2020-09-09 15:45:58,607 epoch 6 - iter 714/1025 - loss 0.92328484 - samples/sec: 117.07 - lr: 0.050000
2020-09-09 15:46:14,369 epoch 6 - iter 816/1025 - loss 0.91139742 - samples/sec: 105.21 - lr: 0.050000
2020-09-09 15:46:30,787 epoch 6 - iter 918/1025 - loss 0.89366832 - samples/sec: 106.88 - lr: 0.050000
2020-09-09 15:46:46,968 epoch 6 - iter 1020/1025 - loss 0.88376104 - samples/sec: 102.82 - lr: 0.050000
2020-09-09 15:46:48,178 ----------------------------------------------------------------------------------------------------
2020-09-09 15:46:48,179 EPOCH 6 done: loss 0.8835 - lr 0.0500000
2020-09-09 15:47:07,928 DEV : loss 0.6145344972610474 - score 0.8628
2020-09-09 15:47:08,268 BAD EPOCHS (no improvement): 0
2020-09-09 15:47:08,281 ----------------------------------------------------------------------------------------------------
2020-09-09 15:47:23,694 epoch 7 - iter 102/1025 - loss 0.77915055 - samples/sec: 113.63 - lr: 0.050000
2020-09-09 15:47:40,515 epoch 7 - iter 204/1025 - loss 0.73687725 - samples/sec: 104.19 - lr: 0.050000
2020-09-09 15:47:56,703 epoch 7 - iter 306/1025 - loss 0.72238185 - samples/sec: 102.43 - lr: 0.050000
2020-09-09 15:48:13,435 epoch 7 - iter 408/1025 - loss 0.71146377 - samples/sec: 104.28 - lr: 0.050000
2020-09-09 15:48:29,729 epoch 7 - iter 510/1025 - loss 0.70262926 - samples/sec: 101.84 - lr: 0.050000
2020-09-09 15:48:44,888 epoch 7 - iter 612/1025 - loss 0.70070194 - samples/sec: 114.78 - lr: 0.050000
2020-09-09 15:49:01,828 epoch 7 - iter 714/1025 - loss 0.69499706 - samples/sec: 97.93 - lr: 0.050000
2020-09-09 15:49:18,242 epoch 7 - iter 816/1025 - loss 0.68802185 - samples/sec: 101.09 - lr: 0.050000
2020-09-09 15:49:35,354 epoch 7 - iter 918/1025 - loss 0.68650856 - samples/sec: 100.79 - lr: 0.050000
2020-09-09 15:49:52,297 epoch 7 - iter 1020/1025 - loss 0.68085275 - samples/sec: 97.86 - lr: 0.050000
2020-09-09 15:49:53,362 ----------------------------------------------------------------------------------------------------
2020-09-09 15:49:53,363 EPOCH 7 done: loss 0.6804 - lr 0.0500000
2020-09-09 15:50:11,320 DEV : loss 0.48165205121040344 - score 0.8927
2020-09-09 15:50:11,643 BAD EPOCHS (no improvement): 0
2020-09-09 15:50:11,654 ----------------------------------------------------------------------------------------------------
