\BOOKMARK [1][-]{section.1}{Einleitung}{}% 1
\BOOKMARK [1][-]{section.2}{Datenbeschaffung und -bereinigung}{}% 2
\BOOKMARK [1][-]{section.3}{Huggingface Transformes mit Bert}{}% 3
\BOOKMARK [2][-]{subsection.3.1}{Trainer}{section.3}% 4
\BOOKMARK [2][-]{subsection.3.2}{Tagger und Einbindung}{section.3}% 5
\BOOKMARK [1][-]{section.4}{FlairNLP}{}% 6
\BOOKMARK [2][-]{subsection.4.1}{Trainer}{section.4}% 7
\BOOKMARK [3][-]{subsubsection.4.1.1}{Aufbau Korpus}{subsection.4.1}% 8
\BOOKMARK [3][-]{subsubsection.4.1.2}{Aufbau Classifier}{subsection.4.1}% 9
\BOOKMARK [3][-]{subsubsection.4.1.3}{Embeddings}{subsection.4.1}% 10
\BOOKMARK [2][-]{subsection.4.2}{Anwendung}{section.4}% 11
\BOOKMARK [3][-]{subsubsection.4.2.1}{Trainieren}{subsection.4.2}% 12
\BOOKMARK [3][-]{subsubsection.4.2.2}{Satz predicten}{subsection.4.2}% 13
\BOOKMARK [2][-]{subsection.4.3}{Integration TextImager}{section.4}% 14
\BOOKMARK [1][-]{section.5}{Semi-supervised}{}% 15
\BOOKMARK [2][-]{subsection.5.1}{Ansatz}{section.5}% 16
\BOOKMARK [2][-]{subsection.5.2}{Daten}{section.5}% 17
\BOOKMARK [3][-]{subsubsection.5.2.1}{Datenaufberteitung}{subsection.5.2}% 18
\BOOKMARK [2][-]{subsection.5.3}{Training}{section.5}% 19
\BOOKMARK [3][-]{subsubsection.5.3.1}{Ergebnis}{subsection.5.3}% 20
\BOOKMARK [2][-]{subsection.5.4}{N\344chste Schritte}{section.5}% 21
\BOOKMARK [3][-]{subsubsection.5.4.1}{Unsupervised Model Optimierung}{subsection.5.4}% 22
\BOOKMARK [3][-]{subsubsection.5.4.2}{Einbindung in das Supervised Model}{subsection.5.4}% 23
\BOOKMARK [3][-]{subsubsection.5.4.3}{Einbindung in den Text-Imager}{subsection.5.4}% 24
