2020-09-11 16:54:50,953 ----------------------------------------------------------------------------------------------------
2020-09-11 16:54:50,954 Model: "TextClassifier(
  (document_embeddings): DocumentPoolEmbeddings(
    fine_tune_mode=none, pooling=mean
    (embeddings): StackedEmbeddings(
      (list_embedding_0): FlairEmbeddings(
        (lm): LanguageModel(
          (drop): Dropout(p=0.05, inplace=False)
          (encoder): Embedding(300, 100)
          (rnn): LSTM(100, 2048)
          (decoder): Linear(in_features=2048, out_features=300, bias=True)
        )
      )
      (list_embedding_1): FlairEmbeddings(
        (lm): LanguageModel(
          (drop): Dropout(p=0.05, inplace=False)
          (encoder): Embedding(300, 100)
          (rnn): LSTM(100, 2048)
          (decoder): Linear(in_features=2048, out_features=300, bias=True)
        )
      )
    )
  )
  (decoder): Linear(in_features=4096, out_features=238, bias=True)
  (loss_function): CrossEntropyLoss()
  (beta): 1.0
  (weights): None
  (weight_tensor) None
)"
2020-09-11 16:54:50,954 ----------------------------------------------------------------------------------------------------
2020-09-11 16:54:50,954 Corpus: "Corpus: 16397 train + 1640 dev + 1640 test sentences"
2020-09-11 16:54:50,954 ----------------------------------------------------------------------------------------------------
2020-09-11 16:54:50,954 Parameters:
2020-09-11 16:54:50,954  - learning_rate: "0.1"
2020-09-11 16:54:50,954  - mini_batch_size: "16"
2020-09-11 16:54:50,954  - patience: "5"
2020-09-11 16:54:50,954  - anneal_factor: "0.5"
2020-09-11 16:54:50,954  - max_epochs: "50"
2020-09-11 16:54:50,954  - shuffle: "True"
2020-09-11 16:54:50,954  - train_with_dev: "False"
2020-09-11 16:54:50,954  - batch_growth_annealing: "False"
2020-09-11 16:54:50,954 ----------------------------------------------------------------------------------------------------
2020-09-11 16:54:50,954 Model training base path: "resources2"
2020-09-11 16:54:50,954 ----------------------------------------------------------------------------------------------------
2020-09-11 16:54:50,955 Device: cuda
2020-09-11 16:54:50,955 ----------------------------------------------------------------------------------------------------
2020-09-11 16:54:50,955 Embeddings storage mode: cpu
2020-09-11 16:54:50,965 ----------------------------------------------------------------------------------------------------
2020-09-11 16:55:32,190 epoch 1 - iter 102/1025 - loss 5.31438309 - samples/sec: 39.96 - lr: 0.100000
2020-09-11 16:56:11,367 epoch 1 - iter 204/1025 - loss 5.19618661 - samples/sec: 42.07 - lr: 0.100000
2020-09-11 16:56:52,970 epoch 1 - iter 306/1025 - loss 5.09223463 - samples/sec: 39.41 - lr: 0.100000
2020-09-11 16:57:36,373 epoch 1 - iter 408/1025 - loss 5.01146716 - samples/sec: 37.84 - lr: 0.100000
2020-09-11 16:58:15,923 epoch 1 - iter 510/1025 - loss 4.95744278 - samples/sec: 41.63 - lr: 0.100000
2020-09-11 16:58:56,727 epoch 1 - iter 612/1025 - loss 4.91243200 - samples/sec: 40.28 - lr: 0.100000
2020-09-11 16:59:38,983 epoch 1 - iter 714/1025 - loss 4.86362081 - samples/sec: 38.88 - lr: 0.100000
2020-09-11 17:00:21,157 epoch 1 - iter 816/1025 - loss 4.82710589 - samples/sec: 39.05 - lr: 0.100000
2020-09-11 17:01:01,852 epoch 1 - iter 918/1025 - loss 4.79839337 - samples/sec: 40.39 - lr: 0.100000
2020-09-11 17:01:44,463 epoch 1 - iter 1020/1025 - loss 4.77276641 - samples/sec: 38.65 - lr: 0.100000
2020-09-11 17:01:46,993 ----------------------------------------------------------------------------------------------------
2020-09-11 17:01:46,993 EPOCH 1 done: loss 4.7714 - lr 0.1000000
2020-09-11 17:02:31,002 DEV : loss 4.53377628326416 - score 0.0915
2020-09-11 17:02:31,321 BAD EPOCHS (no improvement): 0
2020-09-11 17:02:35,263 ----------------------------------------------------------------------------------------------------
2020-09-11 17:03:17,743 epoch 2 - iter 102/1025 - loss 4.50116009 - samples/sec: 38.70 - lr: 0.100000
2020-09-11 17:04:04,471 epoch 2 - iter 204/1025 - loss 4.50743380 - samples/sec: 35.18 - lr: 0.100000
2020-09-11 17:04:50,386 epoch 2 - iter 306/1025 - loss 4.49899830 - samples/sec: 35.88 - lr: 0.100000
2020-09-11 17:05:36,447 epoch 2 - iter 408/1025 - loss 4.50081875 - samples/sec: 35.68 - lr: 0.100000
2020-09-11 17:06:22,424 epoch 2 - iter 510/1025 - loss 4.48498179 - samples/sec: 35.74 - lr: 0.100000
2020-09-11 17:07:07,360 epoch 2 - iter 612/1025 - loss 4.46368124 - samples/sec: 36.65 - lr: 0.100000
2020-09-11 17:07:52,297 epoch 2 - iter 714/1025 - loss 4.45536839 - samples/sec: 36.43 - lr: 0.100000
2020-09-11 17:08:36,898 epoch 2 - iter 816/1025 - loss 4.44516048 - samples/sec: 36.69 - lr: 0.100000
2020-09-11 17:09:21,578 epoch 2 - iter 918/1025 - loss 4.43644205 - samples/sec: 36.82 - lr: 0.100000
2020-09-11 17:10:08,763 epoch 2 - iter 1020/1025 - loss 4.42957721 - samples/sec: 34.86 - lr: 0.100000
2020-09-11 17:10:10,831 ----------------------------------------------------------------------------------------------------
2020-09-11 17:10:10,832 EPOCH 2 done: loss 4.4287 - lr 0.1000000
2020-09-11 17:10:57,345 DEV : loss 4.380581378936768 - score 0.1098
2020-09-11 17:10:57,584 BAD EPOCHS (no improvement): 0
2020-09-11 17:11:07,937 ----------------------------------------------------------------------------------------------------
2020-09-11 17:11:51,291 epoch 3 - iter 102/1025 - loss 4.33925036 - samples/sec: 38.03 - lr: 0.100000
2020-09-11 17:12:37,266 epoch 3 - iter 204/1025 - loss 4.34326848 - samples/sec: 35.73 - lr: 0.100000
2020-09-11 17:13:23,550 epoch 3 - iter 306/1025 - loss 4.34646238 - samples/sec: 35.57 - lr: 0.100000
2020-09-11 17:14:09,162 epoch 3 - iter 408/1025 - loss 4.33689280 - samples/sec: 36.02 - lr: 0.100000
2020-09-11 17:14:55,094 epoch 3 - iter 510/1025 - loss 4.31861495 - samples/sec: 35.79 - lr: 0.100000
2020-09-11 17:15:38,150 epoch 3 - iter 612/1025 - loss 4.31827760 - samples/sec: 38.22 - lr: 0.100000
2020-09-11 17:16:24,929 epoch 3 - iter 714/1025 - loss 4.31666673 - samples/sec: 35.24 - lr: 0.100000
2020-09-11 17:17:11,087 epoch 3 - iter 816/1025 - loss 4.30976399 - samples/sec: 35.51 - lr: 0.100000
2020-09-11 17:17:56,691 epoch 3 - iter 918/1025 - loss 4.31246476 - samples/sec: 36.11 - lr: 0.100000
2020-09-11 17:18:43,420 epoch 3 - iter 1020/1025 - loss 4.30571220 - samples/sec: 35.25 - lr: 0.100000
2020-09-11 17:18:45,509 ----------------------------------------------------------------------------------------------------
2020-09-11 17:18:45,510 EPOCH 3 done: loss 4.3054 - lr 0.1000000
2020-09-11 17:19:32,423 DEV : loss 4.282564163208008 - score 0.1134
2020-09-11 17:19:32,634 BAD EPOCHS (no improvement): 0
2020-09-11 17:19:36,537 ----------------------------------------------------------------------------------------------------
2020-09-11 17:20:21,005 epoch 4 - iter 102/1025 - loss 4.21139959 - samples/sec: 37.27 - lr: 0.100000
2020-09-11 17:21:07,459 epoch 4 - iter 204/1025 - loss 4.22134190 - samples/sec: 35.40 - lr: 0.100000
2020-09-11 17:21:53,557 epoch 4 - iter 306/1025 - loss 4.21452204 - samples/sec: 35.58 - lr: 0.100000
2020-09-11 17:22:40,782 epoch 4 - iter 408/1025 - loss 4.22138893 - samples/sec: 34.79 - lr: 0.100000
2020-09-11 17:23:26,366 epoch 4 - iter 510/1025 - loss 4.22942639 - samples/sec: 36.06 - lr: 0.100000
2020-09-11 17:24:12,540 epoch 4 - iter 612/1025 - loss 4.22919362 - samples/sec: 35.61 - lr: 0.100000
2020-09-11 17:25:00,055 epoch 4 - iter 714/1025 - loss 4.22785413 - samples/sec: 34.67 - lr: 0.100000
2020-09-11 17:25:45,276 epoch 4 - iter 816/1025 - loss 4.22551084 - samples/sec: 36.28 - lr: 0.100000
2020-09-11 17:26:29,691 epoch 4 - iter 918/1025 - loss 4.22478836 - samples/sec: 37.13 - lr: 0.100000
2020-09-11 17:27:14,584 epoch 4 - iter 1020/1025 - loss 4.22056642 - samples/sec: 36.63 - lr: 0.100000
2020-09-11 17:27:16,509 ----------------------------------------------------------------------------------------------------
2020-09-11 17:27:16,509 EPOCH 4 done: loss 4.2212 - lr 0.1000000
2020-09-11 17:28:03,965 DEV : loss 4.20939302444458 - score 0.1244
2020-09-11 17:28:04,183 BAD EPOCHS (no improvement): 0
2020-09-11 17:28:08,724 ----------------------------------------------------------------------------------------------------
2020-09-11 17:28:54,005 epoch 5 - iter 102/1025 - loss 4.15908935 - samples/sec: 36.40 - lr: 0.100000
2020-09-11 17:29:38,350 epoch 5 - iter 204/1025 - loss 4.17594061 - samples/sec: 37.16 - lr: 0.100000
2020-09-11 17:30:25,977 epoch 5 - iter 306/1025 - loss 4.17347706 - samples/sec: 34.57 - lr: 0.100000
2020-09-11 17:31:11,641 epoch 5 - iter 408/1025 - loss 4.16363259 - samples/sec: 35.91 - lr: 0.100000
2020-09-11 17:31:57,929 epoch 5 - iter 510/1025 - loss 4.17360454 - samples/sec: 35.50 - lr: 0.100000
2020-09-11 17:32:43,540 epoch 5 - iter 612/1025 - loss 4.16726582 - samples/sec: 36.03 - lr: 0.100000
2020-09-11 17:33:29,219 epoch 5 - iter 714/1025 - loss 4.15887115 - samples/sec: 35.98 - lr: 0.100000
2020-09-11 17:34:12,085 epoch 5 - iter 816/1025 - loss 4.16339043 - samples/sec: 38.46 - lr: 0.100000
2020-09-11 17:34:58,754 epoch 5 - iter 918/1025 - loss 4.16126685 - samples/sec: 35.24 - lr: 0.100000
2020-09-11 17:35:44,179 epoch 5 - iter 1020/1025 - loss 4.15451071 - samples/sec: 36.12 - lr: 0.100000
2020-09-11 17:35:46,183 ----------------------------------------------------------------------------------------------------
2020-09-11 17:35:46,183 EPOCH 5 done: loss 4.1547 - lr 0.1000000
2020-09-11 17:36:34,075 DEV : loss 4.150514602661133 - score 0.1262
2020-09-11 17:36:34,334 BAD EPOCHS (no improvement): 0
2020-09-11 17:36:38,950 ----------------------------------------------------------------------------------------------------
2020-09-11 17:37:24,128 epoch 6 - iter 102/1025 - loss 4.07929210 - samples/sec: 36.70 - lr: 0.100000
2020-09-11 17:38:09,579 epoch 6 - iter 204/1025 - loss 4.07566704 - samples/sec: 36.07 - lr: 0.100000
2020-09-11 17:38:54,861 epoch 6 - iter 306/1025 - loss 4.08978113 - samples/sec: 36.30 - lr: 0.100000
2020-09-11 17:39:41,570 epoch 6 - iter 408/1025 - loss 4.08597824 - samples/sec: 35.19 - lr: 0.100000
2020-09-11 17:40:28,586 epoch 6 - iter 510/1025 - loss 4.09292379 - samples/sec: 34.97 - lr: 0.100000
2020-09-11 17:41:13,028 epoch 6 - iter 612/1025 - loss 4.09724910 - samples/sec: 36.99 - lr: 0.100000
2020-09-11 17:41:58,653 epoch 6 - iter 714/1025 - loss 4.09752935 - samples/sec: 36.04 - lr: 0.100000
2020-09-11 17:42:44,584 epoch 6 - iter 816/1025 - loss 4.09686392 - samples/sec: 35.71 - lr: 0.100000
2020-09-11 17:43:28,731 epoch 6 - iter 918/1025 - loss 4.09352408 - samples/sec: 37.26 - lr: 0.100000
2020-09-11 17:44:13,928 epoch 6 - iter 1020/1025 - loss 4.09857172 - samples/sec: 36.33 - lr: 0.100000
2020-09-11 17:44:15,901 ----------------------------------------------------------------------------------------------------
2020-09-11 17:44:15,901 EPOCH 6 done: loss 4.0993 - lr 0.1000000
2020-09-11 17:45:03,898 DEV : loss 4.101992607116699 - score 0.1323
2020-09-11 17:45:04,290 BAD EPOCHS (no improvement): 0
2020-09-11 17:45:08,180 ----------------------------------------------------------------------------------------------------
2020-09-11 17:45:53,800 epoch 7 - iter 102/1025 - loss 4.03604835 - samples/sec: 36.15 - lr: 0.100000
2020-09-11 17:46:38,001 epoch 7 - iter 204/1025 - loss 4.05396337 - samples/sec: 37.30 - lr: 0.100000
2020-09-11 17:47:24,282 epoch 7 - iter 306/1025 - loss 4.07390978 - samples/sec: 35.56 - lr: 0.100000
2020-09-11 17:48:11,115 epoch 7 - iter 408/1025 - loss 4.07688012 - samples/sec: 35.03 - lr: 0.100000
2020-09-11 17:48:58,949 epoch 7 - iter 510/1025 - loss 4.06983705 - samples/sec: 34.39 - lr: 0.100000
2020-09-11 17:49:45,466 epoch 7 - iter 612/1025 - loss 4.06639701 - samples/sec: 35.34 - lr: 0.100000
2020-09-11 17:50:31,007 epoch 7 - iter 714/1025 - loss 4.06532580 - samples/sec: 36.02 - lr: 0.100000
2020-09-11 17:51:14,979 epoch 7 - iter 816/1025 - loss 4.06036658 - samples/sec: 37.37 - lr: 0.100000
2020-09-11 17:51:59,795 epoch 7 - iter 918/1025 - loss 4.05468910 - samples/sec: 36.75 - lr: 0.100000
2020-09-11 17:52:46,583 epoch 7 - iter 1020/1025 - loss 4.05080274 - samples/sec: 35.04 - lr: 0.100000
2020-09-11 17:52:48,598 ----------------------------------------------------------------------------------------------------
2020-09-11 17:52:48,598 EPOCH 7 done: loss 4.0510 - lr 0.1000000
2020-09-11 17:53:36,896 DEV : loss 4.054569244384766 - score 0.1341
2020-09-11 17:53:37,282 BAD EPOCHS (no improvement): 0
2020-09-11 17:53:41,668 ----------------------------------------------------------------------------------------------------
2020-09-11 17:54:25,991 epoch 8 - iter 102/1025 - loss 4.02480667 - samples/sec: 37.26 - lr: 0.100000
2020-09-11 17:55:10,222 epoch 8 - iter 204/1025 - loss 4.02517117 - samples/sec: 37.16 - lr: 0.100000
2020-09-11 17:55:55,942 epoch 8 - iter 306/1025 - loss 4.02007541 - samples/sec: 35.86 - lr: 0.100000
2020-09-11 17:56:42,227 epoch 8 - iter 408/1025 - loss 4.01818219 - samples/sec: 35.50 - lr: 0.100000
2020-09-11 17:57:26,918 epoch 8 - iter 510/1025 - loss 4.01540677 - samples/sec: 36.76 - lr: 0.100000
2020-09-11 17:58:13,883 epoch 8 - iter 612/1025 - loss 4.01916477 - samples/sec: 35.07 - lr: 0.100000
2020-09-11 17:59:00,384 epoch 8 - iter 714/1025 - loss 4.01995434 - samples/sec: 35.34 - lr: 0.100000
2020-09-11 17:59:46,072 epoch 8 - iter 816/1025 - loss 4.01603990 - samples/sec: 36.08 - lr: 0.100000
2020-09-11 18:00:30,728 epoch 8 - iter 918/1025 - loss 4.01075736 - samples/sec: 36.72 - lr: 0.100000
2020-09-11 18:01:17,097 epoch 8 - iter 1020/1025 - loss 4.00758067 - samples/sec: 35.44 - lr: 0.100000
2020-09-11 18:01:19,142 ----------------------------------------------------------------------------------------------------
2020-09-11 18:01:19,142 EPOCH 8 done: loss 4.0087 - lr 0.1000000
2020-09-11 18:02:06,965 DEV : loss 4.012099742889404 - score 0.1463
2020-09-11 18:02:07,208 BAD EPOCHS (no improvement): 0
2020-09-11 18:02:11,262 ----------------------------------------------------------------------------------------------------
2020-09-11 18:02:57,171 epoch 9 - iter 102/1025 - loss 4.00688737 - samples/sec: 35.98 - lr: 0.100000
2020-09-11 18:03:42,932 epoch 9 - iter 204/1025 - loss 3.98655331 - samples/sec: 36.01 - lr: 0.100000
2020-09-11 18:04:29,402 epoch 9 - iter 306/1025 - loss 3.98388734 - samples/sec: 35.36 - lr: 0.100000
2020-09-11 18:05:14,654 epoch 9 - iter 408/1025 - loss 3.97666119 - samples/sec: 36.31 - lr: 0.100000
2020-09-11 18:06:00,701 epoch 9 - iter 510/1025 - loss 3.97324997 - samples/sec: 35.75 - lr: 0.100000
2020-09-11 18:06:45,480 epoch 9 - iter 612/1025 - loss 3.97832239 - samples/sec: 36.66 - lr: 0.100000
2020-09-11 18:07:30,622 epoch 9 - iter 714/1025 - loss 3.97196052 - samples/sec: 36.35 - lr: 0.100000
2020-09-11 18:08:17,373 epoch 9 - iter 816/1025 - loss 3.96681291 - samples/sec: 35.23 - lr: 0.100000
2020-09-11 18:09:03,622 epoch 9 - iter 918/1025 - loss 3.97089995 - samples/sec: 35.53 - lr: 0.100000
2020-09-11 18:09:47,270 epoch 9 - iter 1020/1025 - loss 3.96962090 - samples/sec: 37.67 - lr: 0.100000
2020-09-11 18:09:49,868 ----------------------------------------------------------------------------------------------------
2020-09-11 18:09:49,868 EPOCH 9 done: loss 3.9698 - lr 0.1000000
2020-09-11 18:10:37,967 DEV : loss 3.9749205112457275 - score 0.1555
2020-09-11 18:10:38,203 BAD EPOCHS (no improvement): 0
2020-09-11 18:10:41,997 ----------------------------------------------------------------------------------------------------
2020-09-11 18:11:27,714 epoch 10 - iter 102/1025 - loss 3.95610462 - samples/sec: 36.15 - lr: 0.100000
2020-09-11 18:12:12,845 epoch 10 - iter 204/1025 - loss 3.93711581 - samples/sec: 36.40 - lr: 0.100000
2020-09-11 18:12:58,483 epoch 10 - iter 306/1025 - loss 3.92314162 - samples/sec: 35.85 - lr: 0.100000
2020-09-11 18:13:44,644 epoch 10 - iter 408/1025 - loss 3.91811642 - samples/sec: 35.70 - lr: 0.100000
2020-09-11 18:14:30,664 epoch 10 - iter 510/1025 - loss 3.92985733 - samples/sec: 35.70 - lr: 0.100000
2020-09-11 18:15:17,649 epoch 10 - iter 612/1025 - loss 3.92592365 - samples/sec: 34.91 - lr: 0.100000
2020-09-11 18:16:02,634 epoch 10 - iter 714/1025 - loss 3.92722194 - samples/sec: 36.66 - lr: 0.100000
2020-09-11 18:16:47,340 epoch 10 - iter 816/1025 - loss 3.92933270 - samples/sec: 36.80 - lr: 0.100000
2020-09-11 18:17:33,337 epoch 10 - iter 918/1025 - loss 3.93013802 - samples/sec: 35.75 - lr: 0.100000
2020-09-11 18:18:19,853 epoch 10 - iter 1020/1025 - loss 3.93334787 - samples/sec: 35.40 - lr: 0.100000
2020-09-11 18:18:22,072 ----------------------------------------------------------------------------------------------------
2020-09-11 18:18:22,073 EPOCH 10 done: loss 3.9343 - lr 0.1000000
2020-09-11 18:19:10,042 DEV : loss 3.938364028930664 - score 0.1598
2020-09-11 18:19:10,286 BAD EPOCHS (no improvement): 0
2020-09-11 18:19:14,145 ----------------------------------------------------------------------------------------------------
2020-09-11 18:19:59,186 epoch 11 - iter 102/1025 - loss 3.93701989 - samples/sec: 36.69 - lr: 0.100000
2020-09-11 18:20:45,908 epoch 11 - iter 204/1025 - loss 3.89902651 - samples/sec: 35.24 - lr: 0.100000
2020-09-11 18:21:29,602 epoch 11 - iter 306/1025 - loss 3.89210615 - samples/sec: 37.70 - lr: 0.100000
2020-09-11 18:22:16,168 epoch 11 - iter 408/1025 - loss 3.91445749 - samples/sec: 35.29 - lr: 0.100000
2020-09-11 18:23:02,205 epoch 11 - iter 510/1025 - loss 3.90904408 - samples/sec: 35.63 - lr: 0.100000
2020-09-11 18:23:48,094 epoch 11 - iter 612/1025 - loss 3.90281570 - samples/sec: 35.81 - lr: 0.100000
2020-09-11 18:24:32,585 epoch 11 - iter 714/1025 - loss 3.90317054 - samples/sec: 36.76 - lr: 0.100000
2020-09-11 18:25:19,735 epoch 11 - iter 816/1025 - loss 3.90190656 - samples/sec: 34.94 - lr: 0.100000
2020-09-11 18:26:05,663 epoch 11 - iter 918/1025 - loss 3.90174486 - samples/sec: 35.88 - lr: 0.100000
2020-09-11 18:26:52,147 epoch 11 - iter 1020/1025 - loss 3.90106277 - samples/sec: 35.33 - lr: 0.100000
2020-09-11 18:26:54,187 ----------------------------------------------------------------------------------------------------
2020-09-11 18:26:54,187 EPOCH 11 done: loss 3.9016 - lr 0.1000000
2020-09-11 18:27:39,994 DEV : loss 3.90836501121521 - score 0.1671
2020-09-11 18:27:40,210 BAD EPOCHS (no improvement): 0
2020-09-11 18:27:46,378 ----------------------------------------------------------------------------------------------------
2020-09-11 18:28:32,791 epoch 12 - iter 102/1025 - loss 3.84657394 - samples/sec: 35.60 - lr: 0.100000
2020-09-11 18:29:18,140 epoch 12 - iter 204/1025 - loss 3.86625673 - samples/sec: 36.24 - lr: 0.100000
2020-09-11 18:30:01,264 epoch 12 - iter 306/1025 - loss 3.87438139 - samples/sec: 38.06 - lr: 0.100000
2020-09-11 18:30:47,116 epoch 12 - iter 408/1025 - loss 3.87641460 - samples/sec: 35.75 - lr: 0.100000
2020-09-11 18:31:32,100 epoch 12 - iter 510/1025 - loss 3.86900615 - samples/sec: 36.44 - lr: 0.100000
2020-09-11 18:32:17,900 epoch 12 - iter 612/1025 - loss 3.87199599 - samples/sec: 35.79 - lr: 0.100000
2020-09-11 18:33:03,426 epoch 12 - iter 714/1025 - loss 3.86981300 - samples/sec: 36.02 - lr: 0.100000
2020-09-11 18:33:49,180 epoch 12 - iter 816/1025 - loss 3.86852841 - samples/sec: 35.84 - lr: 0.100000
2020-09-11 18:34:36,713 epoch 12 - iter 918/1025 - loss 3.87262464 - samples/sec: 34.58 - lr: 0.100000
2020-09-11 18:35:21,395 epoch 12 - iter 1020/1025 - loss 3.87016645 - samples/sec: 36.64 - lr: 0.100000
2020-09-11 18:35:23,414 ----------------------------------------------------------------------------------------------------
2020-09-11 18:35:23,414 EPOCH 12 done: loss 3.8706 - lr 0.1000000
2020-09-11 18:36:11,778 DEV : loss 3.877373695373535 - score 0.1695
2020-09-11 18:36:12,046 BAD EPOCHS (no improvement): 0
2020-09-11 18:36:16,636 ----------------------------------------------------------------------------------------------------
2020-09-11 18:37:02,246 epoch 13 - iter 102/1025 - loss 3.84043101 - samples/sec: 36.38 - lr: 0.100000
2020-09-11 18:37:43,241 epoch 13 - iter 204/1025 - loss 3.84465200 - samples/sec: 40.14 - lr: 0.100000
2020-09-11 18:38:29,496 epoch 13 - iter 306/1025 - loss 3.82247646 - samples/sec: 35.63 - lr: 0.100000
2020-09-11 18:39:16,433 epoch 13 - iter 408/1025 - loss 3.81351631 - samples/sec: 34.86 - lr: 0.100000
2020-09-11 18:39:59,894 epoch 13 - iter 510/1025 - loss 3.82452437 - samples/sec: 37.92 - lr: 0.100000
2020-09-11 18:40:45,458 epoch 13 - iter 612/1025 - loss 3.83608421 - samples/sec: 36.07 - lr: 0.100000
2020-09-11 18:41:32,200 epoch 13 - iter 714/1025 - loss 3.83874024 - samples/sec: 35.16 - lr: 0.100000
2020-09-11 18:42:18,451 epoch 13 - iter 816/1025 - loss 3.84039072 - samples/sec: 35.64 - lr: 0.100000
2020-09-11 18:43:02,776 epoch 13 - iter 918/1025 - loss 3.84351851 - samples/sec: 37.03 - lr: 0.100000
2020-09-11 18:43:49,171 epoch 13 - iter 1020/1025 - loss 3.84283406 - samples/sec: 35.44 - lr: 0.100000
2020-09-11 18:43:51,331 ----------------------------------------------------------------------------------------------------
2020-09-11 18:43:51,331 EPOCH 13 done: loss 3.8428 - lr 0.1000000
2020-09-11 18:44:38,741 DEV : loss 3.849215269088745 - score 0.1665
2020-09-11 18:44:38,973 BAD EPOCHS (no improvement): 1
2020-09-11 18:44:38,988 ----------------------------------------------------------------------------------------------------
2020-09-11 18:45:25,694 epoch 14 - iter 102/1025 - loss 3.80826908 - samples/sec: 35.46 - lr: 0.100000
2020-09-11 18:46:10,195 epoch 14 - iter 204/1025 - loss 3.80942418 - samples/sec: 36.96 - lr: 0.100000
2020-09-11 18:46:56,589 epoch 14 - iter 306/1025 - loss 3.80546335 - samples/sec: 35.53 - lr: 0.100000
2020-09-11 18:47:40,899 epoch 14 - iter 408/1025 - loss 3.80364609 - samples/sec: 37.12 - lr: 0.100000
2020-09-11 18:48:27,141 epoch 14 - iter 510/1025 - loss 3.79513147 - samples/sec: 35.55 - lr: 0.100000
2020-09-11 18:49:11,274 epoch 14 - iter 612/1025 - loss 3.79405909 - samples/sec: 37.37 - lr: 0.100000
2020-09-11 18:49:57,256 epoch 14 - iter 714/1025 - loss 3.80013365 - samples/sec: 35.67 - lr: 0.100000
2020-09-11 18:50:42,959 epoch 14 - iter 816/1025 - loss 3.80187516 - samples/sec: 35.89 - lr: 0.100000
2020-09-11 18:51:29,234 epoch 14 - iter 918/1025 - loss 3.81227850 - samples/sec: 35.63 - lr: 0.100000
2020-09-11 18:52:15,677 epoch 14 - iter 1020/1025 - loss 3.81517781 - samples/sec: 35.33 - lr: 0.100000
2020-09-11 18:52:17,915 ----------------------------------------------------------------------------------------------------
2020-09-11 18:52:17,915 EPOCH 14 done: loss 3.8151 - lr 0.1000000
2020-09-11 18:53:05,878 DEV : loss 3.821552276611328 - score 0.1805
2020-09-11 18:53:06,103 BAD EPOCHS (no improvement): 0
2020-09-11 18:53:09,851 ----------------------------------------------------------------------------------------------------
2020-09-11 18:53:55,763 epoch 15 - iter 102/1025 - loss 3.79528731 - samples/sec: 36.00 - lr: 0.100000
2020-09-11 18:54:41,756 epoch 15 - iter 204/1025 - loss 3.80768423 - samples/sec: 35.67 - lr: 0.100000
2020-09-11 18:55:28,470 epoch 15 - iter 306/1025 - loss 3.80881488 - samples/sec: 35.27 - lr: 0.100000
2020-09-11 18:56:13,466 epoch 15 - iter 408/1025 - loss 3.80041340 - samples/sec: 36.53 - lr: 0.100000
2020-09-11 18:56:58,100 epoch 15 - iter 510/1025 - loss 3.79752155 - samples/sec: 36.74 - lr: 0.100000
2020-09-11 18:57:43,381 epoch 15 - iter 612/1025 - loss 3.78578131 - samples/sec: 36.41 - lr: 0.100000
2020-09-11 18:58:29,552 epoch 15 - iter 714/1025 - loss 3.79281027 - samples/sec: 35.57 - lr: 0.100000
2020-09-11 18:59:16,315 epoch 15 - iter 816/1025 - loss 3.79231579 - samples/sec: 35.15 - lr: 0.100000
2020-09-11 19:00:02,421 epoch 15 - iter 918/1025 - loss 3.79114081 - samples/sec: 35.55 - lr: 0.100000
2020-09-11 19:00:48,526 epoch 15 - iter 1020/1025 - loss 3.78929181 - samples/sec: 35.71 - lr: 0.100000
2020-09-11 19:00:50,720 ----------------------------------------------------------------------------------------------------
2020-09-11 19:00:50,721 EPOCH 15 done: loss 3.7899 - lr 0.1000000
2020-09-11 19:01:37,729 DEV : loss 3.797271490097046 - score 0.1799
2020-09-11 19:01:37,936 BAD EPOCHS (no improvement): 1
2020-09-11 19:01:38,040 ----------------------------------------------------------------------------------------------------
2020-09-11 19:02:24,249 epoch 16 - iter 102/1025 - loss 3.76405671 - samples/sec: 35.67 - lr: 0.100000
2020-09-11 19:03:08,939 epoch 16 - iter 204/1025 - loss 3.77465312 - samples/sec: 36.78 - lr: 0.100000
2020-09-11 19:03:54,324 epoch 16 - iter 306/1025 - loss 3.77333189 - samples/sec: 36.29 - lr: 0.100000
2020-09-11 19:04:40,143 epoch 16 - iter 408/1025 - loss 3.76586206 - samples/sec: 35.80 - lr: 0.100000
2020-09-11 19:05:26,247 epoch 16 - iter 510/1025 - loss 3.76895639 - samples/sec: 35.49 - lr: 0.100000
2020-09-11 19:06:11,385 epoch 16 - iter 612/1025 - loss 3.76878826 - samples/sec: 36.33 - lr: 0.100000
2020-09-11 19:06:55,836 epoch 16 - iter 714/1025 - loss 3.76444176 - samples/sec: 36.90 - lr: 0.100000
2020-09-11 19:07:41,166 epoch 16 - iter 816/1025 - loss 3.76499587 - samples/sec: 36.18 - lr: 0.100000
2020-09-11 19:08:29,050 epoch 16 - iter 918/1025 - loss 3.76668127 - samples/sec: 34.32 - lr: 0.100000
2020-09-11 19:09:14,411 epoch 16 - iter 1020/1025 - loss 3.76579930 - samples/sec: 36.29 - lr: 0.100000
2020-09-11 19:09:16,220 ----------------------------------------------------------------------------------------------------
2020-09-11 19:09:16,220 EPOCH 16 done: loss 3.7655 - lr 0.1000000
2020-09-11 19:10:02,576 DEV : loss 3.7724292278289795 - score 0.1799
2020-09-11 19:10:02,811 BAD EPOCHS (no improvement): 2
2020-09-11 19:10:02,915 ----------------------------------------------------------------------------------------------------
2020-09-11 19:10:50,209 epoch 17 - iter 102/1025 - loss 3.71064443 - samples/sec: 34.93 - lr: 0.100000
2020-09-11 19:11:35,644 epoch 17 - iter 204/1025 - loss 3.73748683 - samples/sec: 36.10 - lr: 0.100000
2020-09-11 19:12:20,924 epoch 17 - iter 306/1025 - loss 3.74021567 - samples/sec: 36.39 - lr: 0.100000
2020-09-11 19:13:06,131 epoch 17 - iter 408/1025 - loss 3.74039649 - samples/sec: 36.35 - lr: 0.100000
2020-09-11 19:13:53,680 epoch 17 - iter 510/1025 - loss 3.75362012 - samples/sec: 34.58 - lr: 0.100000
2020-09-11 19:14:40,684 epoch 17 - iter 612/1025 - loss 3.75456230 - samples/sec: 35.02 - lr: 0.100000
2020-09-11 19:15:26,490 epoch 17 - iter 714/1025 - loss 3.74296711 - samples/sec: 35.93 - lr: 0.100000
2020-09-11 19:16:11,856 epoch 17 - iter 816/1025 - loss 3.73797651 - samples/sec: 36.24 - lr: 0.100000
2020-09-11 19:16:57,184 epoch 17 - iter 918/1025 - loss 3.74691245 - samples/sec: 36.29 - lr: 0.100000
2020-09-11 19:17:42,773 epoch 17 - iter 1020/1025 - loss 3.74253628 - samples/sec: 36.03 - lr: 0.100000
2020-09-11 19:17:44,713 ----------------------------------------------------------------------------------------------------
2020-09-11 19:17:44,714 EPOCH 17 done: loss 3.7423 - lr 0.1000000
2020-09-11 19:18:31,797 DEV : loss 3.7506179809570312 - score 0.1799
2020-09-11 19:18:32,106 BAD EPOCHS (no improvement): 3
2020-09-11 19:18:32,116 ----------------------------------------------------------------------------------------------------
2020-09-11 19:19:19,168 epoch 18 - iter 102/1025 - loss 3.72398654 - samples/sec: 35.09 - lr: 0.100000
2020-09-11 19:20:03,918 epoch 18 - iter 204/1025 - loss 3.70786197 - samples/sec: 36.65 - lr: 0.100000
2020-09-11 19:20:50,667 epoch 18 - iter 306/1025 - loss 3.71451290 - samples/sec: 35.15 - lr: 0.100000
2020-09-11 19:21:36,003 epoch 18 - iter 408/1025 - loss 3.70854043 - samples/sec: 36.18 - lr: 0.100000
2020-09-11 19:22:22,381 epoch 18 - iter 510/1025 - loss 3.71511818 - samples/sec: 35.46 - lr: 0.100000
2020-09-11 19:23:07,226 epoch 18 - iter 612/1025 - loss 3.72136953 - samples/sec: 36.73 - lr: 0.100000
2020-09-11 19:23:53,684 epoch 18 - iter 714/1025 - loss 3.72142865 - samples/sec: 35.37 - lr: 0.100000
2020-09-11 19:24:39,388 epoch 18 - iter 816/1025 - loss 3.71522033 - samples/sec: 35.98 - lr: 0.100000
2020-09-11 19:25:25,792 epoch 18 - iter 918/1025 - loss 3.71540612 - samples/sec: 35.48 - lr: 0.100000
2020-09-11 19:26:11,622 epoch 18 - iter 1020/1025 - loss 3.71867490 - samples/sec: 35.85 - lr: 0.100000
2020-09-11 19:26:13,742 ----------------------------------------------------------------------------------------------------
2020-09-11 19:26:13,742 EPOCH 18 done: loss 3.7197 - lr 0.1000000
2020-09-11 19:27:01,224 DEV : loss 3.727602005004883 - score 0.186
2020-09-11 19:27:01,531 BAD EPOCHS (no improvement): 0
2020-09-11 19:27:06,387 ----------------------------------------------------------------------------------------------------
2020-09-11 19:27:51,904 epoch 19 - iter 102/1025 - loss 3.72582612 - samples/sec: 36.20 - lr: 0.100000
2020-09-11 19:28:38,596 epoch 19 - iter 204/1025 - loss 3.71632020 - samples/sec: 35.29 - lr: 0.100000
2020-09-11 19:29:23,910 epoch 19 - iter 306/1025 - loss 3.70804233 - samples/sec: 36.28 - lr: 0.100000
2020-09-11 19:30:09,400 epoch 19 - iter 408/1025 - loss 3.70026005 - samples/sec: 36.21 - lr: 0.100000
2020-09-11 19:30:54,804 epoch 19 - iter 510/1025 - loss 3.69628153 - samples/sec: 36.11 - lr: 0.100000
2020-09-11 19:31:40,783 epoch 19 - iter 612/1025 - loss 3.70268997 - samples/sec: 35.83 - lr: 0.100000
2020-09-11 19:32:27,414 epoch 19 - iter 714/1025 - loss 3.70051767 - samples/sec: 35.24 - lr: 0.100000
2020-09-11 19:33:13,106 epoch 19 - iter 816/1025 - loss 3.69463461 - samples/sec: 35.97 - lr: 0.100000
2020-09-11 19:33:58,812 epoch 19 - iter 918/1025 - loss 3.69915134 - samples/sec: 36.07 - lr: 0.100000
2020-09-11 19:34:43,208 epoch 19 - iter 1020/1025 - loss 3.69834461 - samples/sec: 37.12 - lr: 0.100000
2020-09-11 19:34:45,464 ----------------------------------------------------------------------------------------------------
2020-09-11 19:34:45,464 EPOCH 19 done: loss 3.6985 - lr 0.1000000
2020-09-11 19:35:33,458 DEV : loss 3.705615997314453 - score 0.1945
2020-09-11 19:35:33,707 BAD EPOCHS (no improvement): 0
2020-09-11 19:35:39,137 ----------------------------------------------------------------------------------------------------
2020-09-11 19:36:25,792 epoch 20 - iter 102/1025 - loss 3.64169247 - samples/sec: 35.35 - lr: 0.100000
2020-09-11 19:37:11,280 epoch 20 - iter 204/1025 - loss 3.62715481 - samples/sec: 36.15 - lr: 0.100000
2020-09-11 19:37:57,933 epoch 20 - iter 306/1025 - loss 3.65446458 - samples/sec: 35.25 - lr: 0.100000
2020-09-11 19:38:44,159 epoch 20 - iter 408/1025 - loss 3.68604261 - samples/sec: 35.58 - lr: 0.100000
2020-09-11 19:39:31,826 epoch 20 - iter 510/1025 - loss 3.68591580 - samples/sec: 34.49 - lr: 0.100000
2020-09-11 19:40:18,541 epoch 20 - iter 612/1025 - loss 3.67509292 - samples/sec: 35.26 - lr: 0.100000
2020-09-11 19:41:03,589 epoch 20 - iter 714/1025 - loss 3.67717160 - samples/sec: 36.50 - lr: 0.100000
2020-09-11 19:41:47,802 epoch 20 - iter 816/1025 - loss 3.67898573 - samples/sec: 37.10 - lr: 0.100000
2020-09-11 19:42:32,824 epoch 20 - iter 918/1025 - loss 3.67292250 - samples/sec: 36.43 - lr: 0.100000
2020-09-11 19:43:18,648 epoch 20 - iter 1020/1025 - loss 3.67891130 - samples/sec: 35.78 - lr: 0.100000
2020-09-11 19:43:20,869 ----------------------------------------------------------------------------------------------------
2020-09-11 19:43:20,869 EPOCH 20 done: loss 3.6775 - lr 0.1000000
2020-09-11 19:44:08,749 DEV : loss 3.6854867935180664 - score 0.1988
2020-09-11 19:44:09,002 BAD EPOCHS (no improvement): 0
2020-09-11 19:44:13,860 ----------------------------------------------------------------------------------------------------
2020-09-11 19:44:59,842 epoch 21 - iter 102/1025 - loss 3.70085461 - samples/sec: 35.97 - lr: 0.100000
2020-09-11 19:45:44,826 epoch 21 - iter 204/1025 - loss 3.67632169 - samples/sec: 36.55 - lr: 0.100000
2020-09-11 19:46:30,955 epoch 21 - iter 306/1025 - loss 3.68077191 - samples/sec: 35.55 - lr: 0.100000
2020-09-11 19:47:16,991 epoch 21 - iter 408/1025 - loss 3.66937365 - samples/sec: 35.81 - lr: 0.100000
2020-09-11 19:48:01,963 epoch 21 - iter 510/1025 - loss 3.66129214 - samples/sec: 36.57 - lr: 0.100000
2020-09-11 19:48:47,839 epoch 21 - iter 612/1025 - loss 3.66453809 - samples/sec: 35.74 - lr: 0.100000
2020-09-11 19:49:32,159 epoch 21 - iter 714/1025 - loss 3.67066838 - samples/sec: 37.08 - lr: 0.100000
2020-09-11 19:50:13,367 epoch 21 - iter 816/1025 - loss 3.66303595 - samples/sec: 39.90 - lr: 0.100000
2020-09-11 19:50:59,206 epoch 21 - iter 918/1025 - loss 3.65757872 - samples/sec: 35.87 - lr: 0.100000
2020-09-11 19:51:46,026 epoch 21 - iter 1020/1025 - loss 3.65840281 - samples/sec: 35.10 - lr: 0.100000
2020-09-11 19:51:48,204 ----------------------------------------------------------------------------------------------------
2020-09-11 19:51:48,204 EPOCH 21 done: loss 3.6577 - lr 0.1000000
2020-09-11 19:52:35,959 DEV : loss 3.664632558822632 - score 0.1976
2020-09-11 19:52:36,182 BAD EPOCHS (no improvement): 1
2020-09-11 19:52:36,192 ----------------------------------------------------------------------------------------------------
2020-09-11 19:53:21,742 epoch 22 - iter 102/1025 - loss 3.65655245 - samples/sec: 36.26 - lr: 0.100000
2020-09-11 19:54:05,293 epoch 22 - iter 204/1025 - loss 3.62373382 - samples/sec: 37.82 - lr: 0.100000
2020-09-11 19:54:52,032 epoch 22 - iter 306/1025 - loss 3.63789298 - samples/sec: 35.16 - lr: 0.100000
2020-09-11 19:55:37,996 epoch 22 - iter 408/1025 - loss 3.64099031 - samples/sec: 35.81 - lr: 0.100000
2020-09-11 19:56:25,124 epoch 22 - iter 510/1025 - loss 3.63128614 - samples/sec: 34.97 - lr: 0.100000
2020-09-11 19:57:11,704 epoch 22 - iter 612/1025 - loss 3.62863972 - samples/sec: 35.28 - lr: 0.100000
2020-09-11 19:57:56,581 epoch 22 - iter 714/1025 - loss 3.63808455 - samples/sec: 36.63 - lr: 0.100000
2020-09-11 19:58:40,805 epoch 22 - iter 816/1025 - loss 3.63583005 - samples/sec: 37.18 - lr: 0.100000
2020-09-11 19:59:26,438 epoch 22 - iter 918/1025 - loss 3.64049328 - samples/sec: 36.00 - lr: 0.100000
2020-09-11 20:00:13,768 epoch 22 - iter 1020/1025 - loss 3.63871633 - samples/sec: 34.81 - lr: 0.100000
2020-09-11 20:00:15,668 ----------------------------------------------------------------------------------------------------
2020-09-11 20:00:15,668 EPOCH 22 done: loss 3.6385 - lr 0.1000000
2020-09-11 20:01:03,752 DEV : loss 3.644658088684082 - score 0.2024
2020-09-11 20:01:03,993 BAD EPOCHS (no improvement): 0
2020-09-11 20:01:07,739 ----------------------------------------------------------------------------------------------------
2020-09-11 20:01:52,452 epoch 23 - iter 102/1025 - loss 3.67605403 - samples/sec: 37.01 - lr: 0.100000
2020-09-11 20:02:37,715 epoch 23 - iter 204/1025 - loss 3.65890124 - samples/sec: 36.30 - lr: 0.100000
2020-09-11 20:03:23,074 epoch 23 - iter 306/1025 - loss 3.66420711 - samples/sec: 36.14 - lr: 0.100000
2020-09-11 20:04:07,876 epoch 23 - iter 408/1025 - loss 3.64022596 - samples/sec: 36.69 - lr: 0.100000
2020-09-11 20:04:53,418 epoch 23 - iter 510/1025 - loss 3.64024483 - samples/sec: 36.18 - lr: 0.100000
2020-09-11 20:05:39,951 epoch 23 - iter 612/1025 - loss 3.64070475 - samples/sec: 35.32 - lr: 0.100000
2020-09-11 20:06:27,494 epoch 23 - iter 714/1025 - loss 3.63883608 - samples/sec: 34.56 - lr: 0.100000
2020-09-11 20:07:13,949 epoch 23 - iter 816/1025 - loss 3.63729151 - samples/sec: 35.31 - lr: 0.100000
2020-09-11 20:07:58,214 epoch 23 - iter 918/1025 - loss 3.62576614 - samples/sec: 37.04 - lr: 0.100000
2020-09-11 20:08:44,651 epoch 23 - iter 1020/1025 - loss 3.62042793 - samples/sec: 35.48 - lr: 0.100000
2020-09-11 20:08:47,103 ----------------------------------------------------------------------------------------------------
2020-09-11 20:08:47,103 EPOCH 23 done: loss 3.6201 - lr 0.1000000
2020-09-11 20:09:34,256 DEV : loss 3.6231541633605957 - score 0.2049
2020-09-11 20:09:34,474 BAD EPOCHS (no improvement): 0
2020-09-11 20:09:58,815 ----------------------------------------------------------------------------------------------------
2020-09-11 20:10:44,312 epoch 24 - iter 102/1025 - loss 3.59004077 - samples/sec: 36.22 - lr: 0.100000
2020-09-11 20:11:30,722 epoch 24 - iter 204/1025 - loss 3.60426100 - samples/sec: 35.33 - lr: 0.100000
2020-09-11 20:12:15,096 epoch 24 - iter 306/1025 - loss 3.60907076 - samples/sec: 37.06 - lr: 0.100000
2020-09-11 20:13:00,938 epoch 24 - iter 408/1025 - loss 3.60823131 - samples/sec: 35.87 - lr: 0.100000
2020-09-11 20:13:46,974 epoch 24 - iter 510/1025 - loss 3.61400347 - samples/sec: 35.77 - lr: 0.100000
2020-09-11 20:14:33,479 epoch 24 - iter 612/1025 - loss 3.61887194 - samples/sec: 35.37 - lr: 0.100000
2020-09-11 20:15:18,515 epoch 24 - iter 714/1025 - loss 3.61604222 - samples/sec: 36.56 - lr: 0.100000
2020-09-11 20:16:04,295 epoch 24 - iter 816/1025 - loss 3.60708266 - samples/sec: 35.90 - lr: 0.100000
2020-09-11 20:16:50,666 epoch 24 - iter 918/1025 - loss 3.60736584 - samples/sec: 35.42 - lr: 0.100000
2020-09-11 20:17:37,206 epoch 24 - iter 1020/1025 - loss 3.60106039 - samples/sec: 35.31 - lr: 0.100000
2020-09-11 20:17:39,188 ----------------------------------------------------------------------------------------------------
2020-09-11 20:17:39,188 EPOCH 24 done: loss 3.6017 - lr 0.1000000
2020-09-11 20:18:27,042 DEV : loss 3.6084234714508057 - score 0.2049
2020-09-11 20:18:27,257 BAD EPOCHS (no improvement): 0
2020-09-11 20:18:30,919 ----------------------------------------------------------------------------------------------------
2020-09-11 20:19:17,729 epoch 25 - iter 102/1025 - loss 3.58853404 - samples/sec: 35.21 - lr: 0.100000
2020-09-11 20:20:02,631 epoch 25 - iter 204/1025 - loss 3.59394732 - samples/sec: 36.60 - lr: 0.100000
2020-09-11 20:20:48,115 epoch 25 - iter 306/1025 - loss 3.59523961 - samples/sec: 36.21 - lr: 0.100000
2020-09-11 20:21:34,032 epoch 25 - iter 408/1025 - loss 3.60581174 - samples/sec: 35.79 - lr: 0.100000
2020-09-11 20:22:20,661 epoch 25 - iter 510/1025 - loss 3.59782460 - samples/sec: 35.23 - lr: 0.100000
2020-09-11 20:23:07,442 epoch 25 - iter 612/1025 - loss 3.58898825 - samples/sec: 35.12 - lr: 0.100000
2020-09-11 20:23:52,436 epoch 25 - iter 714/1025 - loss 3.59049313 - samples/sec: 36.36 - lr: 0.100000
2020-09-11 20:24:37,996 epoch 25 - iter 816/1025 - loss 3.59147831 - samples/sec: 36.05 - lr: 0.100000
2020-09-11 20:25:22,880 epoch 25 - iter 918/1025 - loss 3.58563243 - samples/sec: 36.54 - lr: 0.100000
2020-09-11 20:26:09,731 epoch 25 - iter 1020/1025 - loss 3.58532383 - samples/sec: 35.17 - lr: 0.100000
2020-09-11 20:26:11,865 ----------------------------------------------------------------------------------------------------
2020-09-11 20:26:11,865 EPOCH 25 done: loss 3.5849 - lr 0.1000000
2020-09-11 20:26:59,462 DEV : loss 3.5879013538360596 - score 0.2073
2020-09-11 20:26:59,702 BAD EPOCHS (no improvement): 0
2020-09-11 20:27:03,464 ----------------------------------------------------------------------------------------------------
2020-09-11 20:27:44,386 epoch 26 - iter 102/1025 - loss 3.62077479 - samples/sec: 40.27 - lr: 0.100000
2020-09-11 20:28:30,803 epoch 26 - iter 204/1025 - loss 3.59913960 - samples/sec: 35.39 - lr: 0.100000
2020-09-11 20:29:17,226 epoch 26 - iter 306/1025 - loss 3.59047821 - samples/sec: 35.45 - lr: 0.100000
2020-09-11 20:30:03,411 epoch 26 - iter 408/1025 - loss 3.57876252 - samples/sec: 35.57 - lr: 0.100000
2020-09-11 20:30:49,183 epoch 26 - iter 510/1025 - loss 3.56796783 - samples/sec: 35.83 - lr: 0.100000
2020-09-11 20:31:33,812 epoch 26 - iter 612/1025 - loss 3.56577579 - samples/sec: 36.88 - lr: 0.100000
2020-09-11 20:32:17,679 epoch 26 - iter 714/1025 - loss 3.57104343 - samples/sec: 37.47 - lr: 0.100000
2020-09-11 20:33:04,286 epoch 26 - iter 816/1025 - loss 3.56197574 - samples/sec: 35.17 - lr: 0.100000
2020-09-11 20:33:50,669 epoch 26 - iter 918/1025 - loss 3.56582733 - samples/sec: 35.53 - lr: 0.100000
2020-09-11 20:34:36,754 epoch 26 - iter 1020/1025 - loss 3.56919404 - samples/sec: 35.57 - lr: 0.100000
2020-09-11 20:34:38,888 ----------------------------------------------------------------------------------------------------
2020-09-11 20:34:38,888 EPOCH 26 done: loss 3.5682 - lr 0.1000000
2020-09-11 20:35:26,745 DEV : loss 3.571032762527466 - score 0.214
2020-09-11 20:35:26,990 BAD EPOCHS (no improvement): 0
2020-09-11 20:35:32,320 ----------------------------------------------------------------------------------------------------
2020-09-11 20:36:20,038 epoch 27 - iter 102/1025 - loss 3.52298276 - samples/sec: 34.55 - lr: 0.100000
2020-09-11 20:37:06,583 epoch 27 - iter 204/1025 - loss 3.53078812 - samples/sec: 35.32 - lr: 0.100000
2020-09-11 20:37:51,684 epoch 27 - iter 306/1025 - loss 3.53316746 - samples/sec: 36.46 - lr: 0.100000
2020-09-11 20:38:37,845 epoch 27 - iter 408/1025 - loss 3.54701126 - samples/sec: 35.53 - lr: 0.100000
2020-09-11 20:39:23,521 epoch 27 - iter 510/1025 - loss 3.54800643 - samples/sec: 36.09 - lr: 0.100000
2020-09-11 20:40:09,251 epoch 27 - iter 612/1025 - loss 3.55687528 - samples/sec: 35.94 - lr: 0.100000
2020-09-11 20:40:55,796 epoch 27 - iter 714/1025 - loss 3.55870730 - samples/sec: 35.31 - lr: 0.100000
2020-09-11 20:41:41,188 epoch 27 - iter 816/1025 - loss 3.55548860 - samples/sec: 36.29 - lr: 0.100000
2020-09-11 20:42:27,397 epoch 27 - iter 918/1025 - loss 3.55366023 - samples/sec: 35.56 - lr: 0.100000
2020-09-11 20:43:12,296 epoch 27 - iter 1020/1025 - loss 3.55258271 - samples/sec: 36.54 - lr: 0.100000
2020-09-11 20:43:14,277 ----------------------------------------------------------------------------------------------------
2020-09-11 20:43:14,277 EPOCH 27 done: loss 3.5514 - lr 0.1000000
2020-09-11 20:44:01,153 DEV : loss 3.557774782180786 - score 0.222
2020-09-11 20:44:01,386 BAD EPOCHS (no improvement): 0
2020-09-11 20:44:05,195 ----------------------------------------------------------------------------------------------------
2020-09-11 20:44:52,194 epoch 28 - iter 102/1025 - loss 3.58969314 - samples/sec: 35.16 - lr: 0.100000
2020-09-11 20:45:37,815 epoch 28 - iter 204/1025 - loss 3.55943262 - samples/sec: 36.13 - lr: 0.100000
2020-09-11 20:46:22,715 epoch 28 - iter 306/1025 - loss 3.56599950 - samples/sec: 36.45 - lr: 0.100000
2020-09-11 20:47:08,642 epoch 28 - iter 408/1025 - loss 3.55470297 - samples/sec: 35.80 - lr: 0.100000
2020-09-11 20:47:54,164 epoch 28 - iter 510/1025 - loss 3.54382645 - samples/sec: 36.13 - lr: 0.100000
2020-09-11 20:48:41,568 epoch 28 - iter 612/1025 - loss 3.54454227 - samples/sec: 34.65 - lr: 0.100000
2020-09-11 20:49:27,654 epoch 28 - iter 714/1025 - loss 3.54299715 - samples/sec: 35.67 - lr: 0.100000
2020-09-11 20:50:13,831 epoch 28 - iter 816/1025 - loss 3.53861433 - samples/sec: 35.68 - lr: 0.100000
2020-09-11 20:50:59,014 epoch 28 - iter 918/1025 - loss 3.53649733 - samples/sec: 36.38 - lr: 0.100000
2020-09-11 20:51:44,163 epoch 28 - iter 1020/1025 - loss 3.53502675 - samples/sec: 36.40 - lr: 0.100000
2020-09-11 20:51:46,422 ----------------------------------------------------------------------------------------------------
2020-09-11 20:51:46,422 EPOCH 28 done: loss 3.5353 - lr 0.1000000
2020-09-11 20:52:34,460 DEV : loss 3.5381007194519043 - score 0.2213
2020-09-11 20:52:34,750 BAD EPOCHS (no improvement): 1
2020-09-11 20:52:34,762 ----------------------------------------------------------------------------------------------------
2020-09-11 20:53:19,972 epoch 29 - iter 102/1025 - loss 3.47138446 - samples/sec: 36.56 - lr: 0.100000
2020-09-11 20:54:05,788 epoch 29 - iter 204/1025 - loss 3.53211051 - samples/sec: 35.87 - lr: 0.100000
2020-09-11 20:54:52,022 epoch 29 - iter 306/1025 - loss 3.52157772 - samples/sec: 35.55 - lr: 0.100000
2020-09-11 20:55:37,109 epoch 29 - iter 408/1025 - loss 3.52598986 - samples/sec: 36.46 - lr: 0.100000
2020-09-11 20:56:22,894 epoch 29 - iter 510/1025 - loss 3.51996363 - samples/sec: 35.90 - lr: 0.100000
2020-09-11 20:57:09,629 epoch 29 - iter 612/1025 - loss 3.51483672 - samples/sec: 35.26 - lr: 0.100000
2020-09-11 20:57:55,182 epoch 29 - iter 714/1025 - loss 3.52234886 - samples/sec: 36.00 - lr: 0.100000
2020-09-11 20:58:40,961 epoch 29 - iter 816/1025 - loss 3.52298669 - samples/sec: 35.84 - lr: 0.100000
2020-09-11 20:59:28,679 epoch 29 - iter 918/1025 - loss 3.52057178 - samples/sec: 34.43 - lr: 0.100000
2020-09-11 21:00:13,793 epoch 29 - iter 1020/1025 - loss 3.51995865 - samples/sec: 36.52 - lr: 0.100000
2020-09-11 21:00:15,842 ----------------------------------------------------------------------------------------------------
2020-09-11 21:00:15,842 EPOCH 29 done: loss 3.5199 - lr 0.1000000
2020-09-11 21:01:03,668 DEV : loss 3.524510383605957 - score 0.2262
2020-09-11 21:01:03,945 BAD EPOCHS (no improvement): 0
2020-09-11 21:01:08,176 ----------------------------------------------------------------------------------------------------
2020-09-11 21:01:53,565 epoch 30 - iter 102/1025 - loss 3.50648702 - samples/sec: 36.42 - lr: 0.100000
2020-09-11 21:02:39,360 epoch 30 - iter 204/1025 - loss 3.47452408 - samples/sec: 35.81 - lr: 0.100000
2020-09-11 21:03:26,095 epoch 30 - iter 306/1025 - loss 3.49503708 - samples/sec: 35.16 - lr: 0.100000
2020-09-11 21:04:12,110 epoch 30 - iter 408/1025 - loss 3.51223910 - samples/sec: 35.72 - lr: 0.100000
2020-09-11 21:04:58,365 epoch 30 - iter 510/1025 - loss 3.50843059 - samples/sec: 35.46 - lr: 0.100000
2020-09-11 21:05:44,252 epoch 30 - iter 612/1025 - loss 3.50793864 - samples/sec: 35.91 - lr: 0.100000
2020-09-11 21:06:28,539 epoch 30 - iter 714/1025 - loss 3.50430533 - samples/sec: 37.04 - lr: 0.100000
2020-09-11 21:07:12,957 epoch 30 - iter 816/1025 - loss 3.50467570 - samples/sec: 36.91 - lr: 0.100000
2020-09-11 21:07:54,220 epoch 30 - iter 918/1025 - loss 3.50072677 - samples/sec: 39.84 - lr: 0.100000
2020-09-11 21:08:37,793 epoch 30 - iter 1020/1025 - loss 3.50457617 - samples/sec: 37.70 - lr: 0.100000
2020-09-11 21:08:39,707 ----------------------------------------------------------------------------------------------------
2020-09-11 21:08:39,707 EPOCH 30 done: loss 3.5049 - lr 0.1000000
2020-09-11 21:09:24,810 DEV : loss 3.507225513458252 - score 0.2262
2020-09-11 21:09:25,046 BAD EPOCHS (no improvement): 0
2020-09-11 21:09:28,761 ----------------------------------------------------------------------------------------------------
2020-09-11 21:10:14,790 epoch 31 - iter 102/1025 - loss 3.42521579 - samples/sec: 35.95 - lr: 0.100000
2020-09-11 21:10:57,145 epoch 31 - iter 204/1025 - loss 3.45708671 - samples/sec: 38.81 - lr: 0.100000
2020-09-11 21:11:40,284 epoch 31 - iter 306/1025 - loss 3.46161983 - samples/sec: 38.10 - lr: 0.100000
2020-09-11 21:12:24,474 epoch 31 - iter 408/1025 - loss 3.45752883 - samples/sec: 37.03 - lr: 0.100000
2020-09-11 21:13:09,271 epoch 31 - iter 510/1025 - loss 3.46104187 - samples/sec: 36.75 - lr: 0.100000
2020-09-11 21:13:52,181 epoch 31 - iter 612/1025 - loss 3.47230016 - samples/sec: 38.21 - lr: 0.100000
2020-09-11 21:14:35,856 epoch 31 - iter 714/1025 - loss 3.46774798 - samples/sec: 37.71 - lr: 0.100000
2020-09-11 21:15:18,807 epoch 31 - iter 816/1025 - loss 3.48201326 - samples/sec: 38.25 - lr: 0.100000
2020-09-11 21:16:01,446 epoch 31 - iter 918/1025 - loss 3.48901994 - samples/sec: 38.53 - lr: 0.100000
2020-09-11 21:16:45,396 epoch 31 - iter 1020/1025 - loss 3.49051311 - samples/sec: 37.29 - lr: 0.100000
2020-09-11 21:16:47,467 ----------------------------------------------------------------------------------------------------
2020-09-11 21:16:47,467 EPOCH 31 done: loss 3.4900 - lr 0.1000000
2020-09-11 21:17:32,712 DEV : loss 3.4938571453094482 - score 0.228
2020-09-11 21:17:32,917 BAD EPOCHS (no improvement): 0
2020-09-11 21:17:36,687 ----------------------------------------------------------------------------------------------------
2020-09-11 21:18:20,838 epoch 32 - iter 102/1025 - loss 3.47683734 - samples/sec: 37.41 - lr: 0.100000
2020-09-11 21:19:03,379 epoch 32 - iter 204/1025 - loss 3.46300066 - samples/sec: 38.65 - lr: 0.100000
2020-09-11 21:19:46,609 epoch 32 - iter 306/1025 - loss 3.44474059 - samples/sec: 38.00 - lr: 0.100000
2020-09-11 21:20:30,442 epoch 32 - iter 408/1025 - loss 3.46384479 - samples/sec: 37.47 - lr: 0.100000
2020-09-11 21:21:13,557 epoch 32 - iter 510/1025 - loss 3.45237432 - samples/sec: 38.02 - lr: 0.100000
2020-09-11 21:21:56,353 epoch 32 - iter 612/1025 - loss 3.46427869 - samples/sec: 38.50 - lr: 0.100000
2020-09-11 21:22:37,774 epoch 32 - iter 714/1025 - loss 3.46012834 - samples/sec: 39.59 - lr: 0.100000
2020-09-11 21:23:22,359 epoch 32 - iter 816/1025 - loss 3.47241799 - samples/sec: 36.78 - lr: 0.100000
2020-09-11 21:24:05,641 epoch 32 - iter 918/1025 - loss 3.47384970 - samples/sec: 37.88 - lr: 0.100000
2020-09-11 21:24:50,404 epoch 32 - iter 1020/1025 - loss 3.47401295 - samples/sec: 36.78 - lr: 0.100000
2020-09-11 21:24:52,289 ----------------------------------------------------------------------------------------------------
2020-09-11 21:24:52,289 EPOCH 32 done: loss 3.4752 - lr 0.1000000
2020-09-11 21:25:37,523 DEV : loss 3.480839967727661 - score 0.2299
2020-09-11 21:25:37,736 BAD EPOCHS (no improvement): 0
2020-09-11 21:25:41,534 ----------------------------------------------------------------------------------------------------
2020-09-11 21:26:25,046 epoch 33 - iter 102/1025 - loss 3.46872734 - samples/sec: 37.88 - lr: 0.100000
2020-09-11 21:27:07,988 epoch 33 - iter 204/1025 - loss 3.47331720 - samples/sec: 38.28 - lr: 0.100000
2020-09-11 21:27:51,773 epoch 33 - iter 306/1025 - loss 3.46973505 - samples/sec: 37.52 - lr: 0.100000
2020-09-11 21:28:35,580 epoch 33 - iter 408/1025 - loss 3.47132554 - samples/sec: 37.50 - lr: 0.100000
2020-09-11 21:29:19,379 epoch 33 - iter 510/1025 - loss 3.47135447 - samples/sec: 37.43 - lr: 0.100000
2020-09-11 21:30:01,748 epoch 33 - iter 612/1025 - loss 3.47535261 - samples/sec: 38.87 - lr: 0.100000
2020-09-11 21:30:44,174 epoch 33 - iter 714/1025 - loss 3.47695767 - samples/sec: 38.73 - lr: 0.100000
2020-09-11 21:31:28,474 epoch 33 - iter 816/1025 - loss 3.47170130 - samples/sec: 37.00 - lr: 0.100000
2020-09-11 21:32:12,146 epoch 33 - iter 918/1025 - loss 3.46755019 - samples/sec: 37.69 - lr: 0.100000
2020-09-11 21:32:56,063 epoch 33 - iter 1020/1025 - loss 3.46302294 - samples/sec: 37.23 - lr: 0.100000
2020-09-11 21:32:57,985 ----------------------------------------------------------------------------------------------------
2020-09-11 21:32:57,985 EPOCH 33 done: loss 3.4611 - lr 0.1000000
2020-09-11 21:33:43,342 DEV : loss 3.4627418518066406 - score 0.2348
2020-09-11 21:33:43,554 BAD EPOCHS (no improvement): 0
2020-09-11 21:33:47,886 ----------------------------------------------------------------------------------------------------
2020-09-11 21:34:31,650 epoch 34 - iter 102/1025 - loss 3.43117647 - samples/sec: 37.68 - lr: 0.100000
2020-09-11 21:35:14,194 epoch 34 - iter 204/1025 - loss 3.45719952 - samples/sec: 38.47 - lr: 0.100000
2020-09-11 21:35:57,883 epoch 34 - iter 306/1025 - loss 3.46442991 - samples/sec: 37.53 - lr: 0.100000
2020-09-11 21:36:40,373 epoch 34 - iter 408/1025 - loss 3.46359061 - samples/sec: 38.60 - lr: 0.100000
2020-09-11 21:37:22,509 epoch 34 - iter 510/1025 - loss 3.45253192 - samples/sec: 39.05 - lr: 0.100000
2020-09-11 21:38:06,702 epoch 34 - iter 612/1025 - loss 3.45888064 - samples/sec: 37.18 - lr: 0.100000
2020-09-11 21:38:50,199 epoch 34 - iter 714/1025 - loss 3.45143951 - samples/sec: 37.71 - lr: 0.100000
2020-09-11 21:39:34,781 epoch 34 - iter 816/1025 - loss 3.45572020 - samples/sec: 36.87 - lr: 0.100000
2020-09-11 21:40:18,554 epoch 34 - iter 918/1025 - loss 3.45193683 - samples/sec: 37.55 - lr: 0.100000
2020-09-11 21:41:02,036 epoch 34 - iter 1020/1025 - loss 3.44748215 - samples/sec: 37.65 - lr: 0.100000
2020-09-11 21:41:04,095 ----------------------------------------------------------------------------------------------------
2020-09-11 21:41:04,095 EPOCH 34 done: loss 3.4477 - lr 0.1000000
2020-09-11 21:41:49,350 DEV : loss 3.4520583152770996 - score 0.2366
2020-09-11 21:41:49,553 BAD EPOCHS (no improvement): 0
2020-09-11 21:41:54,230 ----------------------------------------------------------------------------------------------------
2020-09-11 21:42:37,982 epoch 35 - iter 102/1025 - loss 3.45201021 - samples/sec: 37.86 - lr: 0.100000
2020-09-11 21:43:23,191 epoch 35 - iter 204/1025 - loss 3.46451922 - samples/sec: 36.33 - lr: 0.100000
2020-09-11 21:44:05,948 epoch 35 - iter 306/1025 - loss 3.43930711 - samples/sec: 38.57 - lr: 0.100000
2020-09-11 21:44:46,960 epoch 35 - iter 408/1025 - loss 3.42747409 - samples/sec: 39.89 - lr: 0.100000
2020-09-11 21:45:30,987 epoch 35 - iter 510/1025 - loss 3.43097547 - samples/sec: 37.34 - lr: 0.100000
2020-09-11 21:46:14,359 epoch 35 - iter 612/1025 - loss 3.43078583 - samples/sec: 37.87 - lr: 0.100000
2020-09-11 21:46:56,743 epoch 35 - iter 714/1025 - loss 3.42994646 - samples/sec: 38.79 - lr: 0.100000
2020-09-11 21:47:39,996 epoch 35 - iter 816/1025 - loss 3.43153207 - samples/sec: 38.00 - lr: 0.100000
2020-09-11 21:48:23,237 epoch 35 - iter 918/1025 - loss 3.42779620 - samples/sec: 38.00 - lr: 0.100000
2020-09-11 21:49:06,682 epoch 35 - iter 1020/1025 - loss 3.43384432 - samples/sec: 37.73 - lr: 0.100000
2020-09-11 21:49:08,679 ----------------------------------------------------------------------------------------------------
2020-09-11 21:49:08,679 EPOCH 35 done: loss 3.4335 - lr 0.1000000
2020-09-11 21:49:53,960 DEV : loss 3.4350690841674805 - score 0.2415
2020-09-11 21:49:54,188 BAD EPOCHS (no improvement): 0
2020-09-11 21:49:59,150 ----------------------------------------------------------------------------------------------------
2020-09-11 21:50:43,328 epoch 36 - iter 102/1025 - loss 3.41974513 - samples/sec: 37.50 - lr: 0.100000
2020-09-11 21:51:25,740 epoch 36 - iter 204/1025 - loss 3.41181562 - samples/sec: 38.67 - lr: 0.100000
2020-09-11 21:52:09,729 epoch 36 - iter 306/1025 - loss 3.43289813 - samples/sec: 37.35 - lr: 0.100000
2020-09-11 21:52:52,761 epoch 36 - iter 408/1025 - loss 3.44281421 - samples/sec: 38.19 - lr: 0.100000
2020-09-11 21:53:36,864 epoch 36 - iter 510/1025 - loss 3.45090952 - samples/sec: 37.25 - lr: 0.100000
2020-09-11 21:54:19,497 epoch 36 - iter 612/1025 - loss 3.44113364 - samples/sec: 38.48 - lr: 0.100000
2020-09-11 21:55:02,735 epoch 36 - iter 714/1025 - loss 3.43397575 - samples/sec: 38.00 - lr: 0.100000
2020-09-11 21:55:47,517 epoch 36 - iter 816/1025 - loss 3.42680536 - samples/sec: 36.70 - lr: 0.100000
2020-09-11 21:56:30,208 epoch 36 - iter 918/1025 - loss 3.42070508 - samples/sec: 38.49 - lr: 0.100000
2020-09-11 21:57:13,681 epoch 36 - iter 1020/1025 - loss 3.42081812 - samples/sec: 37.79 - lr: 0.100000
2020-09-11 21:57:15,619 ----------------------------------------------------------------------------------------------------
2020-09-11 21:57:15,619 EPOCH 36 done: loss 3.4209 - lr 0.1000000
2020-09-11 21:58:01,152 DEV : loss 3.4239463806152344 - score 0.2415
2020-09-11 21:58:01,365 BAD EPOCHS (no improvement): 0
2020-09-11 21:58:05,179 ----------------------------------------------------------------------------------------------------
2020-09-11 21:58:48,434 epoch 37 - iter 102/1025 - loss 3.38573657 - samples/sec: 38.10 - lr: 0.100000
2020-09-11 21:59:31,307 epoch 37 - iter 204/1025 - loss 3.40634914 - samples/sec: 38.42 - lr: 0.100000
2020-09-11 22:00:13,551 epoch 37 - iter 306/1025 - loss 3.39724206 - samples/sec: 38.82 - lr: 0.100000
2020-09-11 22:00:58,357 epoch 37 - iter 408/1025 - loss 3.40085785 - samples/sec: 36.65 - lr: 0.100000
2020-09-11 22:01:41,499 epoch 37 - iter 510/1025 - loss 3.40518079 - samples/sec: 38.20 - lr: 0.100000
2020-09-11 22:02:25,141 epoch 37 - iter 612/1025 - loss 3.40884450 - samples/sec: 37.65 - lr: 0.100000
2020-09-11 22:03:08,687 epoch 37 - iter 714/1025 - loss 3.40607428 - samples/sec: 37.82 - lr: 0.100000
2020-09-11 22:03:51,188 epoch 37 - iter 816/1025 - loss 3.40772665 - samples/sec: 38.57 - lr: 0.100000
2020-09-11 22:04:34,485 epoch 37 - iter 918/1025 - loss 3.41213385 - samples/sec: 37.96 - lr: 0.100000
2020-09-11 22:05:17,796 epoch 37 - iter 1020/1025 - loss 3.40787546 - samples/sec: 37.94 - lr: 0.100000
2020-09-11 22:05:20,382 ----------------------------------------------------------------------------------------------------
2020-09-11 22:05:20,382 EPOCH 37 done: loss 3.4081 - lr 0.1000000
2020-09-11 22:06:05,778 DEV : loss 3.40794038772583 - score 0.2445
2020-09-11 22:06:05,988 BAD EPOCHS (no improvement): 0
2020-09-11 22:06:10,083 ----------------------------------------------------------------------------------------------------
2020-09-11 22:06:51,442 epoch 38 - iter 102/1025 - loss 3.32471885 - samples/sec: 39.93 - lr: 0.100000
2020-09-11 22:07:34,543 epoch 38 - iter 204/1025 - loss 3.35497444 - samples/sec: 38.12 - lr: 0.100000
2020-09-11 22:08:19,291 epoch 38 - iter 306/1025 - loss 3.36292614 - samples/sec: 36.77 - lr: 0.100000
2020-09-11 22:09:01,984 epoch 38 - iter 408/1025 - loss 3.36969749 - samples/sec: 38.39 - lr: 0.100000
2020-09-11 22:09:45,641 epoch 38 - iter 510/1025 - loss 3.38321346 - samples/sec: 37.63 - lr: 0.100000
2020-09-11 22:10:29,884 epoch 38 - iter 612/1025 - loss 3.39352486 - samples/sec: 37.13 - lr: 0.100000
2020-09-11 22:11:12,828 epoch 38 - iter 714/1025 - loss 3.39459116 - samples/sec: 38.37 - lr: 0.100000
2020-09-11 22:11:57,546 epoch 38 - iter 816/1025 - loss 3.38924004 - samples/sec: 36.72 - lr: 0.100000
2020-09-11 22:12:39,976 epoch 38 - iter 918/1025 - loss 3.39440580 - samples/sec: 38.72 - lr: 0.100000
2020-09-11 22:13:23,514 epoch 38 - iter 1020/1025 - loss 3.39597463 - samples/sec: 37.75 - lr: 0.100000
2020-09-11 22:13:25,384 ----------------------------------------------------------------------------------------------------
2020-09-11 22:13:25,385 EPOCH 38 done: loss 3.3951 - lr 0.1000000
2020-09-11 22:14:10,427 DEV : loss 3.398087978363037 - score 0.2421
2020-09-11 22:14:10,649 BAD EPOCHS (no improvement): 1
2020-09-11 22:14:10,661 ----------------------------------------------------------------------------------------------------
2020-09-11 22:14:55,109 epoch 39 - iter 102/1025 - loss 3.42268842 - samples/sec: 37.15 - lr: 0.100000
2020-09-11 22:15:40,047 epoch 39 - iter 204/1025 - loss 3.39407055 - samples/sec: 36.63 - lr: 0.100000
2020-09-11 22:16:23,108 epoch 39 - iter 306/1025 - loss 3.40413196 - samples/sec: 38.06 - lr: 0.100000
2020-09-11 22:17:06,289 epoch 39 - iter 408/1025 - loss 3.40827212 - samples/sec: 38.04 - lr: 0.100000
2020-09-11 22:17:49,362 epoch 39 - iter 510/1025 - loss 3.40731117 - samples/sec: 38.13 - lr: 0.100000
2020-09-11 22:18:32,801 epoch 39 - iter 612/1025 - loss 3.39494382 - samples/sec: 37.73 - lr: 0.100000
2020-09-11 22:19:16,922 epoch 39 - iter 714/1025 - loss 3.39160894 - samples/sec: 37.24 - lr: 0.100000
2020-09-11 22:20:00,291 epoch 39 - iter 816/1025 - loss 3.39944827 - samples/sec: 37.88 - lr: 0.100000
2020-09-11 22:20:42,985 epoch 39 - iter 918/1025 - loss 3.39057932 - samples/sec: 38.42 - lr: 0.100000
2020-09-11 22:21:26,511 epoch 39 - iter 1020/1025 - loss 3.38215375 - samples/sec: 37.75 - lr: 0.100000
2020-09-11 22:21:28,491 ----------------------------------------------------------------------------------------------------
2020-09-11 22:21:28,491 EPOCH 39 done: loss 3.3827 - lr 0.1000000
2020-09-11 22:22:13,129 DEV : loss 3.3830342292785645 - score 0.2494
2020-09-11 22:22:13,350 BAD EPOCHS (no improvement): 0
2020-09-11 22:22:17,494 ----------------------------------------------------------------------------------------------------
2020-09-11 22:23:01,500 epoch 40 - iter 102/1025 - loss 3.39351143 - samples/sec: 37.47 - lr: 0.100000
2020-09-11 22:23:45,001 epoch 40 - iter 204/1025 - loss 3.38506793 - samples/sec: 37.87 - lr: 0.100000
2020-09-11 22:24:28,609 epoch 40 - iter 306/1025 - loss 3.40580256 - samples/sec: 37.67 - lr: 0.100000
2020-09-11 22:25:12,121 epoch 40 - iter 408/1025 - loss 3.39167496 - samples/sec: 37.77 - lr: 0.100000
2020-09-11 22:25:55,993 epoch 40 - iter 510/1025 - loss 3.37313749 - samples/sec: 37.54 - lr: 0.100000
2020-09-11 22:26:39,882 epoch 40 - iter 612/1025 - loss 3.37646592 - samples/sec: 37.36 - lr: 0.100000
2020-09-11 22:27:22,966 epoch 40 - iter 714/1025 - loss 3.37159855 - samples/sec: 38.14 - lr: 0.100000
2020-09-11 22:28:06,123 epoch 40 - iter 816/1025 - loss 3.37433942 - samples/sec: 38.06 - lr: 0.100000
2020-09-11 22:28:49,974 epoch 40 - iter 918/1025 - loss 3.37437191 - samples/sec: 37.46 - lr: 0.100000
2020-09-11 22:29:32,758 epoch 40 - iter 1020/1025 - loss 3.37001890 - samples/sec: 38.49 - lr: 0.100000
2020-09-11 22:29:34,740 ----------------------------------------------------------------------------------------------------
2020-09-11 22:29:34,740 EPOCH 40 done: loss 3.3705 - lr 0.1000000
2020-09-11 22:30:19,900 DEV : loss 3.3707873821258545 - score 0.25
2020-09-11 22:30:20,108 BAD EPOCHS (no improvement): 0
2020-09-11 22:30:25,432 ----------------------------------------------------------------------------------------------------
2020-09-11 22:31:09,149 epoch 41 - iter 102/1025 - loss 3.36567811 - samples/sec: 37.81 - lr: 0.100000
2020-09-11 22:31:53,040 epoch 41 - iter 204/1025 - loss 3.33127716 - samples/sec: 37.43 - lr: 0.100000
2020-09-11 22:32:36,127 epoch 41 - iter 306/1025 - loss 3.34540338 - samples/sec: 38.15 - lr: 0.100000
2020-09-11 22:33:19,392 epoch 41 - iter 408/1025 - loss 3.35403986 - samples/sec: 37.91 - lr: 0.100000
2020-09-11 22:34:12,397 ----------------------------------------------------------------------------------------------------
2020-09-11 22:34:12,397 Exiting from training early.
2020-09-11 22:34:12,398 Saving model ...
2020-09-11 22:34:17,040 Done.
2020-09-11 22:34:17,040 ----------------------------------------------------------------------------------------------------
2020-09-11 22:34:17,040 Testing using best model ...
2020-09-11 22:34:17,042 loading file resources2/best-model.pt
2020-09-11 22:34:54,685 	0.2579
2020-09-11 22:34:54,685 
Results:
- F-score (micro) 0.2579
- F-score (macro) 0.0677
- Accuracy 0.2579

By class:
                   precision    recall  f1-score   support

     __label__147     0.2000    0.2222    0.2105        18
     __label__298     0.0000    0.0000    0.0000         5
     __label__207     0.7500    0.3333    0.4615         9
     __label__149     0.2593    0.2500    0.2545        28
     __label__145     0.0000    0.0000    0.0000         7
      __label__78     1.0000    0.5000    0.6667         4
     __label__155     0.2857    0.6792    0.4022        53
      __label__77     0.0000    0.0000    0.0000        11
     __label__168     0.0000    0.0000    0.0000         1
      __label__89     0.3333    0.1290    0.1860        31
     __label__152     1.0000    0.0588    0.1111        17
     __label__245     0.2194    0.6615    0.3295        65
      __label__40     0.0000    0.0000    0.0000         7
      __label__99     0.2500    0.3333    0.2857        15
     __label__156     0.2500    0.7015    0.3686        67
      __label__36     0.3750    0.3750    0.3750         8
     __label__307     0.2571    0.2903    0.2727        31
     __label__153     0.2088    0.5938    0.3089        64
     __label__209     0.0000    0.0000    0.0000         1
     __label__295     0.0000    0.0000    0.0000         0
      __label__46     0.0000    0.0000    0.0000         7
      __label__34     0.2000    0.2000    0.2000        25
     __label__278     0.3333    0.3571    0.3448        14
      __label__61     0.3846    0.5263    0.4444        19
       __label__2     0.4000    0.1818    0.2500        11
     __label__175     0.0000    0.0000    0.0000        17
     __label__196     0.1765    0.5172    0.2632        29
     __label__188     0.0000    0.0000    0.0000         6
     __label__266     0.0000    0.0000    0.0000         7
     __label__216     0.3846    0.3333    0.3571        15
     __label__250     0.0000    0.0000    0.0000         3
       __label__3     0.0000    0.0000    0.0000         3
      __label__14     0.0000    0.0000    0.0000        10
      __label__13     0.1111    0.0714    0.0870        14
      __label__69     0.0000    0.0000    0.0000         4
      __label__45     0.0000    0.0000    0.0000         1
      __label__47     0.0000    0.0000    0.0000         2
     __label__161     1.0000    0.1667    0.2857         6
      __label__41     0.0000    0.0000    0.0000         6
     __label__203     0.1875    0.4186    0.2590        43
      __label__33     0.3333    0.1250    0.1818        24
     __label__120     0.0000    0.0000    0.0000         4
     __label__212     0.1720    0.3478    0.2302        46
     __label__170     0.1818    0.1667    0.1739        12
     __label__215     0.7500    0.3750    0.5000         8
     __label__213     0.0000    0.0000    0.0000        19
     __label__274     0.1562    0.3571    0.2174        28
      __label__66     0.6667    0.1765    0.2791        34
      __label__95     0.4286    0.4138    0.4211        29
     __label__260     0.0000    0.0000    0.0000         0
     __label__181     0.2597    0.5000    0.3419        40
     __label__217     0.0000    0.0000    0.0000         5
      __label__49     0.5556    0.7143    0.6250         7
     __label__234     0.6667    0.1667    0.2667        12
      __label__82     0.1957    0.3462    0.2500        26
      __label__42     0.0000    0.0000    0.0000         3
     __label__163     0.4286    0.3000    0.3529        10
      __label__60     0.0000    0.0000    0.0000         7
     __label__206     1.0000    0.1000    0.1818        10
      __label__31     0.0000    0.0000    0.0000         5
     __label__255     0.0000    0.0000    0.0000         5
     __label__171     0.3607    0.5366    0.4314        41
     __label__265     0.0000    0.0000    0.0000         8
       __label__6     0.0000    0.0000    0.0000         2
     __label__313     0.2821    0.4583    0.3492        24
      __label__75     0.0000    0.0000    0.0000         7
     __label__176     0.7500    0.6000    0.6667         5
      __label__32     0.0000    0.0000    0.0000         9
      __label__38     0.0000    0.0000    0.0000         6
      __label__44     0.0000    0.0000    0.0000         6
     __label__302     0.0000    0.0000    0.0000         3
     __label__225     0.0000    0.0000    0.0000         7
      __label__62     0.0000    0.0000    0.0000         0
     __label__183     0.2308    0.2000    0.2143        15
     __label__261     0.0000    0.0000    0.0000         1
     __label__159     0.8571    0.3529    0.5000        17
      __label__22     0.0000    0.0000    0.0000         8
       __label__1     0.0000    0.0000    0.0000         3
     __label__184     1.0000    0.1500    0.2609        20
      __label__74     1.0000    0.0625    0.1176        16
      __label__79     0.0000    0.0000    0.0000         6
     __label__177     0.3000    0.1579    0.2069        19
      __label__98     0.0000    0.0000    0.0000         3
     __label__267     0.0000    0.0000    0.0000         0
     __label__102     0.0000    0.0000    0.0000         0
     __label__165     0.0000    0.0000    0.0000         0
      __label__37     0.5000    0.0345    0.0645        29
      __label__23     0.0000    0.0000    0.0000         4
      __label__85     0.0000    0.0000    0.0000         1
     __label__160     0.0000    0.0000    0.0000         9
     __label__105     1.0000    0.1429    0.2500         7
     __label__263     0.0000    0.0000    0.0000        13
     __label__230     0.0000    0.0000    0.0000         2
      __label__92     0.0000    0.0000    0.0000         3
     __label__193     0.0000    0.0000    0.0000         9
      __label__26     0.0000    0.0000    0.0000        11
      __label__16     0.0000    0.0000    0.0000         4
      __label__88     0.2222    0.0833    0.1212        24
     __label__284     0.0000    0.0000    0.0000         9
     __label__226     0.0000    0.0000    0.0000         1
     __label__219     0.0000    0.0000    0.0000         4
      __label__80     0.0000    0.0000    0.0000         3
     __label__306     0.0000    0.0000    0.0000         1
      __label__20     0.0000    0.0000    0.0000         4
     __label__210     0.0000    0.0000    0.0000         6
      __label__35     0.0000    0.0000    0.0000         3
     __label__157     0.0000    0.0000    0.0000         5
     __label__247     0.0000    0.0000    0.0000         5
     __label__146     0.0000    0.0000    0.0000         3
     __label__280     0.0000    0.0000    0.0000         5
     __label__112     0.0000    0.0000    0.0000         4
      __label__24     0.0000    0.0000    0.0000         4
     __label__164     0.0000    0.0000    0.0000         5
     __label__223     0.0000    0.0000    0.0000         9
     __label__293     0.0000    0.0000    0.0000         3
     __label__305     0.6000    0.3000    0.4000        10
     __label__276     0.0000    0.0000    0.0000         0
     __label__231     0.0000    0.0000    0.0000        15
      __label__48     0.0000    0.0000    0.0000         0
     __label__239     0.0000    0.0000    0.0000         7
     __label__126     0.0000    0.0000    0.0000         8
     __label__104     0.0000    0.0000    0.0000         0
     __label__162     0.0000    0.0000    0.0000         1
     __label__194     0.0000    0.0000    0.0000         0
      __label__71     0.0000    0.0000    0.0000         3
     __label__279     0.0000    0.0000    0.0000         3
       __label__7     0.1250    0.0556    0.0769        18
     __label__211     0.0000    0.0000    0.0000         6
     __label__228     0.0000    0.0000    0.0000         1
     __label__240     0.0000    0.0000    0.0000         3
     __label__118     0.0000    0.0000    0.0000         0
      __label__28     0.5000    0.2500    0.3333         4
     __label__309     0.0000    0.0000    0.0000         3
     __label__285     0.0000    0.0000    0.0000         6
     __label__303     0.0000    0.0000    0.0000         5
     __label__294     0.0000    0.0000    0.0000         3
     __label__119     0.0000    0.0000    0.0000         1
     __label__122     0.0000    0.0000    0.0000         4
     __label__222     0.0000    0.0000    0.0000         3
     __label__310     0.0000    0.0000    0.0000         0
     __label__252     0.0000    0.0000    0.0000         2
      __label__70     0.0000    0.0000    0.0000         1
     __label__290     0.0000    0.0000    0.0000         5
     __label__286     0.0000    0.0000    0.0000         1
     __label__289     0.0000    0.0000    0.0000         2
     __label__172     0.0000    0.0000    0.0000         1
     __label__264     0.0000    0.0000    0.0000         1
     __label__254     0.0000    0.0000    0.0000         2
     __label__154     0.0000    0.0000    0.0000         5
     __label__312     0.0000    0.0000    0.0000         0
      __label__83     0.0000    0.0000    0.0000         0
     __label__244     0.0000    0.0000    0.0000         0
      __label__76     0.0000    0.0000    0.0000         3
     __label__292     0.0000    0.0000    0.0000         2
     __label__185     0.0000    0.0000    0.0000         3
     __label__130     0.0000    0.0000    0.0000         0
     __label__242     0.0000    0.0000    0.0000         0
     __label__253     0.0000    0.0000    0.0000         1
     __label__180     0.0000    0.0000    0.0000         0
     __label__143     0.0000    0.0000    0.0000         2
     __label__109     0.0000    0.0000    0.0000         0
     __label__246     0.0000    0.0000    0.0000         2
     __label__248     0.0000    0.0000    0.0000         0
      __label__25     0.0000    0.0000    0.0000         0
     __label__256     0.0000    0.0000    0.0000         5
     __label__311     0.0000    0.0000    0.0000         0
     __label__208     0.0000    0.0000    0.0000         6
     __label__166     0.0000    0.0000    0.0000         1
     __label__189     0.0000    0.0000    0.0000         3
     __label__271     0.0000    0.0000    0.0000         1
     __label__158     0.0000    0.0000    0.0000         1
      __label__43     0.0000    0.0000    0.0000         1
     __label__108     0.0000    0.0000    0.0000         3
     __label__259     0.0000    0.0000    0.0000         0
      __label__27     0.0000    0.0000    0.0000         2
     __label__214     0.0000    0.0000    0.0000         4
      __label__19     0.0000    0.0000    0.0000         0
     __label__241     0.0000    0.0000    0.0000         0
       __label__4     0.0000    0.0000    0.0000         2
      __label__53     0.0000    0.0000    0.0000         2
     __label__272     0.0000    0.0000    0.0000         1
      __label__68     0.0000    0.0000    0.0000         0
     __label__220     0.0000    0.0000    0.0000         1
     __label__140     0.0000    0.0000    0.0000         3
     __label__227     0.0000    0.0000    0.0000         1
     __label__182     0.0000    0.0000    0.0000         2
      __label__91     0.7143    0.7143    0.7143         7
      __label__81     0.0000    0.0000    0.0000         0
     __label__299     0.0000    0.0000    0.0000         1
       __label__8     0.0000    0.0000    0.0000         0
     __label__121     0.0000    0.0000    0.0000         1
      __label__39     0.0000    0.0000    0.0000         0
     __label__273     0.0000    0.0000    0.0000         0
      __label__18     0.0000    0.0000    0.0000         1
     __label__133     0.0000    0.0000    0.0000         0
     __label__148     0.0000    0.0000    0.0000         1
      __label__90     0.0000    0.0000    0.0000         1
     __label__174     0.0000    0.0000    0.0000         0
     __label__134     0.0000    0.0000    0.0000         0
      __label__86     0.0000    0.0000    0.0000         1
     __label__300     0.0000    0.0000    0.0000         0
     __label__138     0.0000    0.0000    0.0000         0
      __label__10     0.0000    0.0000    0.0000         0
     __label__113     0.0000    0.0000    0.0000         1
      __label__94     0.0000    0.0000    0.0000         0
     __label__270     0.0000    0.0000    0.0000         0
     __label__101     0.0000    0.0000    0.0000         0
     __label__224     0.0000    0.0000    0.0000         0
     __label__204     0.0000    0.0000    0.0000         0
       __label__9     0.0000    0.0000    0.0000         0
     __label__137     0.0000    0.0000    0.0000         1
     __label__269     0.0000    0.0000    0.0000         0
     __label__251     0.0000    0.0000    0.0000         0
     __label__150     0.0000    0.0000    0.0000         2
     __label__281     0.0000    0.0000    0.0000         0
     __label__116     0.0000    0.0000    0.0000         1
     __label__124     0.0000    0.0000    0.0000         0
      __label__84     0.0000    0.0000    0.0000         1
      __label__97     1.0000    0.5000    0.6667         2
     __label__268     0.0000    0.0000    0.0000         1
     __label__127     0.0000    0.0000    0.0000         0
      __label__12     0.0000    0.0000    0.0000         0
      __label__67     0.0000    0.0000    0.0000         1
     __label__151     0.0000    0.0000    0.0000         0
     __label__249     0.0000    0.0000    0.0000         0
      __label__93     0.0000    0.0000    0.0000         1
     __label__136     0.0000    0.0000    0.0000         1
     __label__190     0.0000    0.0000    0.0000         1
__label__label_id     0.0000    0.0000    0.0000         0
     __label__296     0.0000    0.0000    0.0000         0
      __label__11     0.0000    0.0000    0.0000         0
     __label__304     0.0000    0.0000    0.0000         0
     __label__205     0.0000    0.0000    0.0000         1
     __label__125     0.0000    0.0000    0.0000         0
      __label__96     0.0000    0.0000    0.0000         0
      __label__21     0.0000    0.0000    0.0000         1
      __label__87     0.0000    0.0000    0.0000         1
      __label__63     0.0000    0.0000    0.0000         1

        micro avg     0.2579    0.2579    0.2579      1640
        macro avg     0.1000    0.0697    0.0677      1640
     weighted avg     0.2472    0.2579    0.2013      1640
      samples avg     0.2579    0.2579    0.2579      1640

2020-09-11 22:34:54,686 ----------------------------------------------------------------------------------------------------
